<html>
<body>
<pre>
<h1>Vision Build Log</h1>
<h2>Project:</h2>
E:\Document\大学笔记\51课设\project_0920\Course_Design.uvproj
Project File Date:  09/20/2024

<h2>Output:</h2>
Build target 'Target 1'
assembling STARTUP.A51...
compiling main.c...
compiling LCD1602.c...
compiling DS1302.c...
linking...
*** WARNING L16: UNCALLED SEGMENT, IGNORED FOR OVERLAY PROCESS
    SEGMENT: ?PR?_BUZZER_TIME?MAIN
*** WARNING L16: UNCALLED SEGMENT, IGNORED FOR OVERLAY PROCESS
    SEGMENT: ?PR?_DELAY_MS?MAIN
*** WARNING L16: UNCALLED SEGMENT, IGNORED FOR OVERLAY PROCESS
    SEGMENT: ?PR?_LCD_SHOWSIGNEDNUM?LCD1602
*** WARNING L16: UNCALLED SEGMENT, IGNORED FOR OVERLAY PROCESS
    SEGMENT: ?PR?_LCD_SHOWHEXNUM?LCD1602
*** WARNING L16: UNCALLED SEGMENT, IGNORED FOR OVERLAY PROCESS
    SEGMENT: ?PR?_LCD_SHOWBINNUM?LCD1602
*** WARNING L1: UNRESOLVED EXTERNAL SYMBOL
    SYMBOL:  HC_SR04_GETDISTANCE
    MODULE:  main.obj (MAIN)
*** WARNING L2: REFERENCE MADE TO UNRESOLVED EXTERNAL
    SYMBOL:  HC_SR04_GETDISTANCE
    MODULE:  main.obj (MAIN)
    ADDRESS: 09EDH
Program Size: data=9.0 xdata=44 code=1750
creating hex file from "Course_Design"...
"Course_Design" - 0 Error(s), 7 Warning(s).
Build target 'Target 1'
assembling STARTUP.A51...
compiling main.c...
compiling LCD1602.c...
compiling DS1302.c...
linking...
*** WARNING L16: UNCALLED SEGMENT, IGNORED FOR OVERLAY PROCESS
    SEGMENT: ?PR?_BUZZER_TIME?MAIN
*** WARNING L16: UNCALLED SEGMENT, IGNORED FOR OVERLAY PROCESS
    SEGMENT: ?PR?_DELAY_MS?MAIN
*** WARNING L16: UNCALLED SEGMENT, IGNORED FOR OVERLAY PROCESS
    SEGMENT: ?PR?_LCD_SHOWSIGNEDNUM?LCD1602
*** WARNING L16: UNCALLED SEGMENT, IGNORED FOR OVERLAY PROCESS
    SEGMENT: ?PR?_LCD_SHOWHEXNUM?LCD1602
*** WARNING L16: UNCALLED SEGMENT, IGNORED FOR OVERLAY PROCESS
    SEGMENT: ?PR?_LCD_SHOWBINNUM?LCD1602
*** WARNING L1: UNRESOLVED EXTERNAL SYMBOL
    SYMBOL:  HC_SR04_GETDISTANCE
    MODULE:  main.obj (MAIN)
*** WARNING L2: REFERENCE MADE TO UNRESOLVED EXTERNAL
    SYMBOL:  HC_SR04_GETDISTANCE
    MODULE:  main.obj (MAIN)
    ADDRESS: 09EDH
Program Size: data=9.0 xdata=44 code=1750
creating hex file from "Course_Design"...
"Course_Design" - 0 Error(s), 7 Warning(s).
Build target 'Target 1'
assembling STARTUP.A51...
compiling main.c...
compiling LCD1602.c...
compiling DS1302.c...
linking...
*** WARNING L16: UNCALLED SEGMENT, IGNORED FOR OVERLAY PROCESS
    SEGMENT: ?PR?_BUZZER_TIME?MAIN
*** WARNING L16: UNCALLED SEGMENT, IGNORED FOR OVERLAY PROCESS
    SEGMENT: ?PR?_DELAY_MS?MAIN
*** WARNING L16: UNCALLED SEGMENT, IGNORED FOR OVERLAY PROCESS
    SEGMENT: ?PR?_LCD_SHOWSIGNEDNUM?LCD1602
*** WARNING L16: UNCALLED SEGMENT, IGNORED FOR OVERLAY PROCESS
    SEGMENT: ?PR?_LCD_SHOWHEXNUM?LCD1602
*** WARNING L16: UNCALLED SEGMENT, IGNORED FOR OVERLAY PROCESS
    SEGMENT: ?PR?_LCD_SHOWBINNUM?LCD1602
*** WARNING L1: UNRESOLVED EXTERNAL SYMBOL
    SYMBOL:  HC_SR04_GETDISTANCE
    MODULE:  main.obj (MAIN)
*** WARNING L2: REFERENCE MADE TO UNRESOLVED EXTERNAL
    SYMBOL:  HC_SR04_GETDISTANCE
    MODULE:  main.obj (MAIN)
    ADDRESS: 09EDH
Program Size: data=9.0 xdata=44 code=1836
creating hex file from "Course_Design"...
"Course_Design" - 0 Error(s), 7 Warning(s).
Build target 'Target 1'
assembling STARTUP.A51...
compiling main.c...
compiling LCD1602.c...
compiling DS1302.c...
linking...
*** WARNING L16: UNCALLED SEGMENT, IGNORED FOR OVERLAY PROCESS
    SEGMENT: ?PR?_BUZZER_TIME?MAIN
*** WARNING L16: UNCALLED SEGMENT, IGNORED FOR OVERLAY PROCESS
    SEGMENT: ?PR?_DELAY_MS?MAIN
*** WARNING L16: UNCALLED SEGMENT, IGNORED FOR OVERLAY PROCESS
    SEGMENT: ?PR?_LCD_SHOWSIGNEDNUM?LCD1602
*** WARNING L16: UNCALLED SEGMENT, IGNORED FOR OVERLAY PROCESS
    SEGMENT: ?PR?_LCD_SHOWHEXNUM?LCD1602
*** WARNING L16: UNCALLED SEGMENT, IGNORED FOR OVERLAY PROCESS
    SEGMENT: ?PR?_LCD_SHOWBINNUM?LCD1602
*** WARNING L1: UNRESOLVED EXTERNAL SYMBOL
    SYMBOL:  HC_SR04_GETDISTANCE
    MODULE:  main.obj (MAIN)
*** WARNING L2: REFERENCE MADE TO UNRESOLVED EXTERNAL
    SYMBOL:  HC_SR04_GETDISTANCE
    MODULE:  main.obj (MAIN)
    ADDRESS: 09EDH
Program Size: data=9.0 xdata=44 code=1761
creating hex file from "Course_Design"...
"Course_Design" - 0 Error(s), 7 Warning(s).
Build target 'Target 1'
assembling STARTUP.A51...
compiling main.c...
compiling LCD1602.c...
compiling DS1302.c...
linking...
*** WARNING L16: UNCALLED SEGMENT, IGNORED FOR OVERLAY PROCESS
    SEGMENT: ?PR?_BUZZER_TIME?MAIN
*** WARNING L16: UNCALLED SEGMENT, IGNORED FOR OVERLAY PROCESS
    SEGMENT: ?PR?_DELAY_MS?MAIN
*** WARNING L16: UNCALLED SEGMENT, IGNORED FOR OVERLAY PROCESS
    SEGMENT: ?PR?_LCD_SHOWSIGNEDNUM?LCD1602
*** WARNING L16: UNCALLED SEGMENT, IGNORED FOR OVERLAY PROCESS
    SEGMENT: ?PR?_LCD_SHOWHEXNUM?LCD1602
*** WARNING L16: UNCALLED SEGMENT, IGNORED FOR OVERLAY PROCESS
    SEGMENT: ?PR?_LCD_SHOWBINNUM?LCD1602
*** WARNING L1: UNRESOLVED EXTERNAL SYMBOL
    SYMBOL:  HC_SR04_GETDISTANCE
    MODULE:  main.obj (MAIN)
*** WARNING L2: REFERENCE MADE TO UNRESOLVED EXTERNAL
    SYMBOL:  HC_SR04_GETDISTANCE
    MODULE:  main.obj (MAIN)
    ADDRESS: 085CH
*** WARNING L1: UNRESOLVED EXTERNAL SYMBOL
    SYMBOL:  _DS1302_BURST_WRITE
    MODULE:  DS1302.obj (DS1302)
*** WARNING L2: REFERENCE MADE TO UNRESOLVED EXTERNAL
    SYMBOL:  _DS1302_BURST_WRITE
    MODULE:  DS1302.obj (DS1302)
    ADDRESS: 0C8DH
Program Size: data=9.0 xdata=38 code=1266
creating hex file from "Course_Design"...
"Course_Design" - 0 Error(s), 9 Warning(s).
Build target 'Target 1'
assembling STARTUP.A51...
compiling main.c...
compiling LCD1602.c...
compiling DS1302.c...
linking...
*** WARNING L16: UNCALLED SEGMENT, IGNORED FOR OVERLAY PROCESS
    SEGMENT: ?PR?_BUZZER_TIME?MAIN
*** WARNING L16: UNCALLED SEGMENT, IGNORED FOR OVERLAY PROCESS
    SEGMENT: ?PR?_DELAY_MS?MAIN
*** WARNING L16: UNCALLED SEGMENT, IGNORED FOR OVERLAY PROCESS
    SEGMENT: ?PR?_LCD_SHOWSIGNEDNUM?LCD1602
*** WARNING L16: UNCALLED SEGMENT, IGNORED FOR OVERLAY PROCESS
    SEGMENT: ?PR?_LCD_SHOWHEXNUM?LCD1602
*** WARNING L16: UNCALLED SEGMENT, IGNORED FOR OVERLAY PROCESS
    SEGMENT: ?PR?_LCD_SHOWBINNUM?LCD1602
*** WARNING L16: UNCALLED SEGMENT, IGNORED FOR OVERLAY PROCESS
    SEGMENT: ?PR?DS1302_READ_DATEANDTIME?DS1302
*** WARNING L1: UNRESOLVED EXTERNAL SYMBOL
    SYMBOL:  HC_SR04_GETDISTANCE
    MODULE:  main.obj (MAIN)
*** WARNING L2: REFERENCE MADE TO UNRESOLVED EXTERNAL
    SYMBOL:  HC_SR04_GETDISTANCE
    MODULE:  main.obj (MAIN)
    ADDRESS: 0859H
*** WARNING L1: UNRESOLVED EXTERNAL SYMBOL
    SYMBOL:  _DS1302_BURST_WRITE
    MODULE:  DS1302.obj (DS1302)
*** WARNING L2: REFERENCE MADE TO UNRESOLVED EXTERNAL
    SYMBOL:  _DS1302_BURST_WRITE
    MODULE:  DS1302.obj (DS1302)
    ADDRESS: 0C8AH
Program Size: data=9.0 xdata=38 code=1263
creating hex file from "Course_Design"...
"Course_Design" - 0 Error(s), 10 Warning(s).
Build target 'Target 1'
assembling STARTUP.A51...
compiling main.c...
MAIN.C(18): warning C206: 'LCD_ShowInt': missing function-prototype
MAIN.C(18): error C267: 'LCD_ShowInt': requires ANSI-style prototype
MAIN.C(85): error C231: 'LCD_ShowInt': redefinition
MAIN.C(89): error C231: 'LCD_ShowInt': redefinition
compiling LCD1602.c...
compiling DS1302.c...
DS1302.C(105): warning C235: parameter 1: different types
Target not created
Build target 'Target 1'
assembling STARTUP.A51...
compiling main.c...
compiling LCD1602.c...
compiling DS1302.c...
DS1302.C(105): warning C235: parameter 1: different types
linking...
*** WARNING L16: UNCALLED SEGMENT, IGNORED FOR OVERLAY PROCESS
    SEGMENT: ?PR?_MENU?MAIN
*** WARNING L16: UNCALLED SEGMENT, IGNORED FOR OVERLAY PROCESS
    SEGMENT: ?PR?_BUZZER_TIME?MAIN
*** WARNING L16: UNCALLED SEGMENT, IGNORED FOR OVERLAY PROCESS
    SEGMENT: ?PR?_DELAY_MS?MAIN
*** WARNING L16: UNCALLED SEGMENT, IGNORED FOR OVERLAY PROCESS
    SEGMENT: ?PR?_LCD_SHOWSIGNEDNUM?LCD1602
*** WARNING L16: UNCALLED SEGMENT, IGNORED FOR OVERLAY PROCESS
    SEGMENT: ?PR?_LCD_SHOWHEXNUM?LCD1602
*** WARNING L16: UNCALLED SEGMENT, IGNORED FOR OVERLAY PROCESS
    SEGMENT: ?PR?_LCD_SHOWBINNUM?LCD1602
*** WARNING L1: UNRESOLVED EXTERNAL SYMBOL
    SYMBOL:  HC_SR04_GETDISTANCE
    MODULE:  main.obj (MAIN)
*** WARNING L2: REFERENCE MADE TO UNRESOLVED EXTERNAL
    SYMBOL:  HC_SR04_GETDISTANCE
    MODULE:  main.obj (MAIN)
    ADDRESS: 0D52H
Program Size: data=15.1 xdata=102 code=2851
creating hex file from "Course_Design"...
"Course_Design" - 0 Error(s), 9 Warning(s).
Build target 'Target 1'
assembling STARTUP.A51...
compiling main.c...
compiling LCD1602.c...
compiling DS1302.c...
DS1302.C(105): warning C235: parameter 1: different types
linking...
*** WARNING L16: UNCALLED SEGMENT, IGNORED FOR OVERLAY PROCESS
    SEGMENT: ?PR?_MENU?MAIN
*** WARNING L16: UNCALLED SEGMENT, IGNORED FOR OVERLAY PROCESS
    SEGMENT: ?PR?_BUZZER_TIME?MAIN
*** WARNING L16: UNCALLED SEGMENT, IGNORED FOR OVERLAY PROCESS
    SEGMENT: ?PR?_DELAY_MS?MAIN
*** WARNING L16: UNCALLED SEGMENT, IGNORED FOR OVERLAY PROCESS
    SEGMENT: ?PR?_LCD_SHOWSIGNEDNUM?LCD1602
*** WARNING L16: UNCALLED SEGMENT, IGNORED FOR OVERLAY PROCESS
    SEGMENT: ?PR?_LCD_SHOWHEXNUM?LCD1602
*** WARNING L16: UNCALLED SEGMENT, IGNORED FOR OVERLAY PROCESS
    SEGMENT: ?PR?_LCD_SHOWBINNUM?LCD1602
*** WARNING L1: UNRESOLVED EXTERNAL SYMBOL
    SYMBOL:  HC_SR04_GETDISTANCE
    MODULE:  main.obj (MAIN)
*** WARNING L2: REFERENCE MADE TO UNRESOLVED EXTERNAL
    SYMBOL:  HC_SR04_GETDISTANCE
    MODULE:  main.obj (MAIN)
    ADDRESS: 0D52H
Program Size: data=15.1 xdata=102 code=2827
creating hex file from "Course_Design"...
"Course_Design" - 0 Error(s), 9 Warning(s).
Build target 'Target 1'
assembling STARTUP.A51...
compiling main.c...
compiling LCD1602.c...
compiling DS1302.c...
DS1302.C(105): warning C235: parameter 1: different types
linking...
*** WARNING L16: UNCALLED SEGMENT, IGNORED FOR OVERLAY PROCESS
    SEGMENT: ?PR?_MENU?MAIN
*** WARNING L16: UNCALLED SEGMENT, IGNORED FOR OVERLAY PROCESS
    SEGMENT: ?PR?_BUZZER_TIME?MAIN
*** WARNING L16: UNCALLED SEGMENT, IGNORED FOR OVERLAY PROCESS
    SEGMENT: ?PR?_DELAY_MS?MAIN
*** WARNING L16: UNCALLED SEGMENT, IGNORED FOR OVERLAY PROCESS
    SEGMENT: ?PR?_LCD_SHOWSIGNEDNUM?LCD1602
*** WARNING L16: UNCALLED SEGMENT, IGNORED FOR OVERLAY PROCESS
    SEGMENT: ?PR?_LCD_SHOWHEXNUM?LCD1602
*** WARNING L16: UNCALLED SEGMENT, IGNORED FOR OVERLAY PROCESS
    SEGMENT: ?PR?_LCD_SHOWBINNUM?LCD1602
*** WARNING L1: UNRESOLVED EXTERNAL SYMBOL
    SYMBOL:  HC_SR04_GETDISTANCE
    MODULE:  main.obj (MAIN)
*** WARNING L2: REFERENCE MADE TO UNRESOLVED EXTERNAL
    SYMBOL:  HC_SR04_GETDISTANCE
    MODULE:  main.obj (MAIN)
    ADDRESS: 0D52H
Program Size: data=15.1 xdata=102 code=2827
creating hex file from "Course_Design"...
"Course_Design" - 0 Error(s), 9 Warning(s).
Build target 'Target 1'
assembling STARTUP.A51...
compiling main.c...
MAIN.C(22): warning C206: 'LCD_WriteCommand': missing function-prototype
MAIN.C(22): error C267: 'LCD_WriteCommand': requires ANSI-style prototype
compiling LCD1602.c...
compiling DS1302.c...
DS1302.C(105): warning C235: parameter 1: different types
Target not created
Build target 'Target 1'
assembling STARTUP.A51...
compiling main.c...
MAIN.C(22): warning C206: 'LCD_WriteCommand': missing function-prototype
MAIN.C(22): error C267: 'LCD_WriteCommand': requires ANSI-style prototype
compiling LCD1602.c...
compiling DS1302.c...
DS1302.C(105): warning C235: parameter 1: different types
Target not created
Build target 'Target 1'
assembling STARTUP.A51...
compiling main.c...
compiling LCD1602.c...
compiling DS1302.c...
DS1302.C(105): warning C235: parameter 1: different types
linking...
*** WARNING L16: UNCALLED SEGMENT, IGNORED FOR OVERLAY PROCESS
    SEGMENT: ?PR?_MENU?MAIN
*** WARNING L16: UNCALLED SEGMENT, IGNORED FOR OVERLAY PROCESS
    SEGMENT: ?PR?_BUZZER_TIME?MAIN
*** WARNING L16: UNCALLED SEGMENT, IGNORED FOR OVERLAY PROCESS
    SEGMENT: ?PR?_DELAY_MS?MAIN
*** WARNING L16: UNCALLED SEGMENT, IGNORED FOR OVERLAY PROCESS
    SEGMENT: ?PR?_LCD_SHOWSIGNEDNUM?LCD1602
*** WARNING L16: UNCALLED SEGMENT, IGNORED FOR OVERLAY PROCESS
    SEGMENT: ?PR?_LCD_SHOWHEXNUM?LCD1602
*** WARNING L16: UNCALLED SEGMENT, IGNORED FOR OVERLAY PROCESS
    SEGMENT: ?PR?_LCD_SHOWBINNUM?LCD1602
*** WARNING L1: UNRESOLVED EXTERNAL SYMBOL
    SYMBOL:  HC_SR04_GETDISTANCE
    MODULE:  main.obj (MAIN)
*** WARNING L2: REFERENCE MADE TO UNRESOLVED EXTERNAL
    SYMBOL:  HC_SR04_GETDISTANCE
    MODULE:  main.obj (MAIN)
    ADDRESS: 0D52H
Program Size: data=15.1 xdata=102 code=2832
creating hex file from "Course_Design"...
"Course_Design" - 0 Error(s), 9 Warning(s).
Build target 'Target 1'
assembling STARTUP.A51...
compiling main.c...
compiling LCD1602.c...
compiling DS1302.c...
DS1302.C(106): warning C235: parameter 1: different types
linking...
*** WARNING L16: UNCALLED SEGMENT, IGNORED FOR OVERLAY PROCESS
    SEGMENT: ?PR?_MENU?MAIN
*** WARNING L16: UNCALLED SEGMENT, IGNORED FOR OVERLAY PROCESS
    SEGMENT: ?PR?_BUZZER_TIME?MAIN
*** WARNING L16: UNCALLED SEGMENT, IGNORED FOR OVERLAY PROCESS
    SEGMENT: ?PR?_DELAY_MS?MAIN
*** WARNING L16: UNCALLED SEGMENT, IGNORED FOR OVERLAY PROCESS
    SEGMENT: ?PR?_LCD_SHOWSIGNEDNUM?LCD1602
*** WARNING L16: UNCALLED SEGMENT, IGNORED FOR OVERLAY PROCESS
    SEGMENT: ?PR?_LCD_SHOWHEXNUM?LCD1602
*** WARNING L16: UNCALLED SEGMENT, IGNORED FOR OVERLAY PROCESS
    SEGMENT: ?PR?_LCD_SHOWBINNUM?LCD1602
*** WARNING L1: UNRESOLVED EXTERNAL SYMBOL
    SYMBOL:  HC_SR04_GETDISTANCE
    MODULE:  main.obj (MAIN)
*** WARNING L2: REFERENCE MADE TO UNRESOLVED EXTERNAL
    SYMBOL:  HC_SR04_GETDISTANCE
    MODULE:  main.obj (MAIN)
    ADDRESS: 0D52H
Program Size: data=15.1 xdata=102 code=2834
creating hex file from "Course_Design"...
"Course_Design" - 0 Error(s), 9 Warning(s).
Build target 'Target 1'
assembling STARTUP.A51...
compiling main.c...
compiling LCD1602.c...
compiling DS1302.c...
DS1302.C(106): warning C235: parameter 1: different types
linking...
*** WARNING L16: UNCALLED SEGMENT, IGNORED FOR OVERLAY PROCESS
    SEGMENT: ?PR?_MENU?MAIN
*** WARNING L16: UNCALLED SEGMENT, IGNORED FOR OVERLAY PROCESS
    SEGMENT: ?PR?_BUZZER_TIME?MAIN
*** WARNING L16: UNCALLED SEGMENT, IGNORED FOR OVERLAY PROCESS
    SEGMENT: ?PR?_LCD_SHOWSIGNEDNUM?LCD1602
*** WARNING L16: UNCALLED SEGMENT, IGNORED FOR OVERLAY PROCESS
    SEGMENT: ?PR?_LCD_SHOWHEXNUM?LCD1602
*** WARNING L16: UNCALLED SEGMENT, IGNORED FOR OVERLAY PROCESS
    SEGMENT: ?PR?_LCD_SHOWBINNUM?LCD1602
*** WARNING L1: UNRESOLVED EXTERNAL SYMBOL
    SYMBOL:  HC_SR04_GETDISTANCE
    MODULE:  main.obj (MAIN)
*** WARNING L2: REFERENCE MADE TO UNRESOLVED EXTERNAL
    SYMBOL:  HC_SR04_GETDISTANCE
    MODULE:  main.obj (MAIN)
    ADDRESS: 0D52H
Program Size: data=15.1 xdata=102 code=2841
creating hex file from "Course_Design"...
"Course_Design" - 0 Error(s), 8 Warning(s).
Build target 'Target 1'
assembling STARTUP.A51...
compiling main.c...
compiling LCD1602.c...
compiling DS1302.c...
DS1302.C(106): warning C235: parameter 1: different types
linking...
*** WARNING L16: UNCALLED SEGMENT, IGNORED FOR OVERLAY PROCESS
    SEGMENT: ?PR?_MENU?MAIN
*** WARNING L16: UNCALLED SEGMENT, IGNORED FOR OVERLAY PROCESS
    SEGMENT: ?PR?_BUZZER_TIME?MAIN
*** WARNING L16: UNCALLED SEGMENT, IGNORED FOR OVERLAY PROCESS
    SEGMENT: ?PR?_LCD_SHOWSIGNEDNUM?LCD1602
*** WARNING L16: UNCALLED SEGMENT, IGNORED FOR OVERLAY PROCESS
    SEGMENT: ?PR?_LCD_SHOWHEXNUM?LCD1602
*** WARNING L16: UNCALLED SEGMENT, IGNORED FOR OVERLAY PROCESS
    SEGMENT: ?PR?_LCD_SHOWBINNUM?LCD1602
*** WARNING L1: UNRESOLVED EXTERNAL SYMBOL
    SYMBOL:  HC_SR04_GETDISTANCE
    MODULE:  main.obj (MAIN)
*** WARNING L2: REFERENCE MADE TO UNRESOLVED EXTERNAL
    SYMBOL:  HC_SR04_GETDISTANCE
    MODULE:  main.obj (MAIN)
    ADDRESS: 0D52H
Program Size: data=15.1 xdata=102 code=2841
creating hex file from "Course_Design"...
"Course_Design" - 0 Error(s), 8 Warning(s).
Build target 'Target 1'
assembling STARTUP.A51...
compiling main.c...
compiling LCD1602.c...
compiling DS1302.c...
DS1302.C(106): warning C235: parameter 1: different types
linking...
*** WARNING L16: UNCALLED SEGMENT, IGNORED FOR OVERLAY PROCESS
    SEGMENT: ?PR?_MENU?MAIN
*** WARNING L16: UNCALLED SEGMENT, IGNORED FOR OVERLAY PROCESS
    SEGMENT: ?PR?_BUZZER_TIME?MAIN
*** WARNING L16: UNCALLED SEGMENT, IGNORED FOR OVERLAY PROCESS
    SEGMENT: ?PR?_LCD_SHOWSIGNEDNUM?LCD1602
*** WARNING L16: UNCALLED SEGMENT, IGNORED FOR OVERLAY PROCESS
    SEGMENT: ?PR?_LCD_SHOWHEXNUM?LCD1602
*** WARNING L16: UNCALLED SEGMENT, IGNORED FOR OVERLAY PROCESS
    SEGMENT: ?PR?_LCD_SHOWBINNUM?LCD1602
*** WARNING L1: UNRESOLVED EXTERNAL SYMBOL
    SYMBOL:  HC_SR04_GETDISTANCE
    MODULE:  main.obj (MAIN)
*** WARNING L2: REFERENCE MADE TO UNRESOLVED EXTERNAL
    SYMBOL:  HC_SR04_GETDISTANCE
    MODULE:  main.obj (MAIN)
    ADDRESS: 0D52H
Program Size: data=15.1 xdata=102 code=2841
creating hex file from "Course_Design"...
"Course_Design" - 0 Error(s), 8 Warning(s).
Build target 'Target 1'
assembling STARTUP.A51...
compiling main.c...
compiling LCD1602.c...
compiling DS1302.c...
DS1302.C(106): warning C235: parameter 1: different types
linking...
*** WARNING L16: UNCALLED SEGMENT, IGNORED FOR OVERLAY PROCESS
    SEGMENT: ?PR?_BUZZER_TIME?MAIN
*** WARNING L16: UNCALLED SEGMENT, IGNORED FOR OVERLAY PROCESS
    SEGMENT: ?PR?_LCD_SHOWINT?MAIN
*** WARNING L16: UNCALLED SEGMENT, IGNORED FOR OVERLAY PROCESS
    SEGMENT: ?PR?_LCD_SHOWSIGNEDNUM?LCD1602
*** WARNING L16: UNCALLED SEGMENT, IGNORED FOR OVERLAY PROCESS
    SEGMENT: ?PR?_LCD_SHOWHEXNUM?LCD1602
*** WARNING L16: UNCALLED SEGMENT, IGNORED FOR OVERLAY PROCESS
    SEGMENT: ?PR?_LCD_SHOWBINNUM?LCD1602
*** WARNING L1: UNRESOLVED EXTERNAL SYMBOL
    SYMBOL:  HC_SR04_GETDISTANCE
    MODULE:  main.obj (MAIN)
*** WARNING L2: REFERENCE MADE TO UNRESOLVED EXTERNAL
    SYMBOL:  HC_SR04_GETDISTANCE
    MODULE:  main.obj (MAIN)
    ADDRESS: 0D52H
Program Size: data=15.1 xdata=102 code=2830
creating hex file from "Course_Design"...
"Course_Design" - 0 Error(s), 8 Warning(s).
Build target 'Target 1'
assembling STARTUP.A51...
compiling main.c...
compiling LCD1602.c...
compiling DS1302.c...
DS1302.C(106): warning C235: parameter 1: different types
linking...
*** WARNING L16: UNCALLED SEGMENT, IGNORED FOR OVERLAY PROCESS
    SEGMENT: ?PR?_BUZZER_TIME?MAIN
*** WARNING L16: UNCALLED SEGMENT, IGNORED FOR OVERLAY PROCESS
    SEGMENT: ?PR?_DELAY_MS?MAIN
*** WARNING L16: UNCALLED SEGMENT, IGNORED FOR OVERLAY PROCESS
    SEGMENT: ?PR?_LCD_SHOWINT?MAIN
*** WARNING L16: UNCALLED SEGMENT, IGNORED FOR OVERLAY PROCESS
    SEGMENT: ?PR?_LCD_SHOWSIGNEDNUM?LCD1602
*** WARNING L16: UNCALLED SEGMENT, IGNORED FOR OVERLAY PROCESS
    SEGMENT: ?PR?_LCD_SHOWHEXNUM?LCD1602
*** WARNING L16: UNCALLED SEGMENT, IGNORED FOR OVERLAY PROCESS
    SEGMENT: ?PR?_LCD_SHOWBINNUM?LCD1602
*** WARNING L1: UNRESOLVED EXTERNAL SYMBOL
    SYMBOL:  HC_SR04_GETDISTANCE
    MODULE:  main.obj (MAIN)
*** WARNING L2: REFERENCE MADE TO UNRESOLVED EXTERNAL
    SYMBOL:  HC_SR04_GETDISTANCE
    MODULE:  main.obj (MAIN)
    ADDRESS: 0D52H
Program Size: data=15.1 xdata=102 code=2823
creating hex file from "Course_Design"...
"Course_Design" - 0 Error(s), 9 Warning(s).
Build target 'Target 1'
assembling STARTUP.A51...
compiling main.c...
compiling LCD1602.c...
compiling DS1302.c...
DS1302.C(106): warning C235: parameter 1: different types
linking...
*** WARNING L16: UNCALLED SEGMENT, IGNORED FOR OVERLAY PROCESS
    SEGMENT: ?PR?_BUZZER_TIME?MAIN
*** WARNING L16: UNCALLED SEGMENT, IGNORED FOR OVERLAY PROCESS
    SEGMENT: ?PR?_LCD_SHOWINT?MAIN
*** WARNING L16: UNCALLED SEGMENT, IGNORED FOR OVERLAY PROCESS
    SEGMENT: ?PR?_LCD_SHOWSIGNEDNUM?LCD1602
*** WARNING L16: UNCALLED SEGMENT, IGNORED FOR OVERLAY PROCESS
    SEGMENT: ?PR?_LCD_SHOWHEXNUM?LCD1602
*** WARNING L16: UNCALLED SEGMENT, IGNORED FOR OVERLAY PROCESS
    SEGMENT: ?PR?_LCD_SHOWBINNUM?LCD1602
*** WARNING L1: UNRESOLVED EXTERNAL SYMBOL
    SYMBOL:  HC_SR04_GETDISTANCE
    MODULE:  main.obj (MAIN)
*** WARNING L2: REFERENCE MADE TO UNRESOLVED EXTERNAL
    SYMBOL:  HC_SR04_GETDISTANCE
    MODULE:  main.obj (MAIN)
    ADDRESS: 0D52H
Program Size: data=15.1 xdata=102 code=2830
creating hex file from "Course_Design"...
"Course_Design" - 0 Error(s), 8 Warning(s).
Build target 'Target 1'
assembling STARTUP.A51...
compiling main.c...
compiling LCD1602.c...
compiling DS1302.c...
DS1302.C(106): warning C235: parameter 1: different types
linking...
*** WARNING L16: UNCALLED SEGMENT, IGNORED FOR OVERLAY PROCESS
    SEGMENT: ?PR?_BUZZER_TIME?MAIN
*** WARNING L16: UNCALLED SEGMENT, IGNORED FOR OVERLAY PROCESS
    SEGMENT: ?PR?_LCD_SHOWINT?MAIN
*** WARNING L16: UNCALLED SEGMENT, IGNORED FOR OVERLAY PROCESS
    SEGMENT: ?PR?_LCD_SHOWSIGNEDNUM?LCD1602
*** WARNING L16: UNCALLED SEGMENT, IGNORED FOR OVERLAY PROCESS
    SEGMENT: ?PR?_LCD_SHOWHEXNUM?LCD1602
*** WARNING L16: UNCALLED SEGMENT, IGNORED FOR OVERLAY PROCESS
    SEGMENT: ?PR?_LCD_SHOWBINNUM?LCD1602
*** WARNING L1: UNRESOLVED EXTERNAL SYMBOL
    SYMBOL:  HC_SR04_GETDISTANCE
    MODULE:  main.obj (MAIN)
*** WARNING L2: REFERENCE MADE TO UNRESOLVED EXTERNAL
    SYMBOL:  HC_SR04_GETDISTANCE
    MODULE:  main.obj (MAIN)
    ADDRESS: 0D52H
Program Size: data=15.1 xdata=102 code=2825
creating hex file from "Course_Design"...
"Course_Design" - 0 Error(s), 8 Warning(s).
Build target 'Target 1'
assembling STARTUP.A51...
compiling main.c...
MAIN.C(24): warning C206: 'Buzzer_Time': missing function-prototype
MAIN.C(24): error C267: 'Buzzer_Time': requires ANSI-style prototype
MAIN.C(25): error C141: syntax error near '}'
MAIN.C(73): error C231: 'Buzzer_Time': redefinition
MAIN.C(81): error C231: 'Buzzer_Time': redefinition
compiling LCD1602.c...
compiling DS1302.c...
DS1302.C(106): warning C235: parameter 1: different types
Target not created
Build target 'Target 1'
assembling STARTUP.A51...
compiling main.c...
MAIN.C(24): warning C206: 'Buzzer_Time': missing function-prototype
MAIN.C(24): error C267: 'Buzzer_Time': requires ANSI-style prototype
MAIN.C(73): error C231: 'Buzzer_Time': redefinition
MAIN.C(81): error C231: 'Buzzer_Time': redefinition
compiling LCD1602.c...
compiling DS1302.c...
DS1302.C(106): warning C235: parameter 1: different types
Target not created
Build target 'Target 1'
assembling STARTUP.A51...
compiling main.c...
compiling LCD1602.c...
compiling DS1302.c...
DS1302.C(106): warning C235: parameter 1: different types
linking...
*** WARNING L16: UNCALLED SEGMENT, IGNORED FOR OVERLAY PROCESS
    SEGMENT: ?PR?_LCD_SHOWINT?MAIN
*** WARNING L16: UNCALLED SEGMENT, IGNORED FOR OVERLAY PROCESS
    SEGMENT: ?PR?_LCD_SHOWSIGNEDNUM?LCD1602
*** WARNING L16: UNCALLED SEGMENT, IGNORED FOR OVERLAY PROCESS
    SEGMENT: ?PR?_LCD_SHOWHEXNUM?LCD1602
*** WARNING L16: UNCALLED SEGMENT, IGNORED FOR OVERLAY PROCESS
    SEGMENT: ?PR?_LCD_SHOWBINNUM?LCD1602
*** WARNING L1: UNRESOLVED EXTERNAL SYMBOL
    SYMBOL:  HC_SR04_GETDISTANCE
    MODULE:  main.obj (MAIN)
*** WARNING L2: REFERENCE MADE TO UNRESOLVED EXTERNAL
    SYMBOL:  HC_SR04_GETDISTANCE
    MODULE:  main.obj (MAIN)
    ADDRESS: 0D52H
Program Size: data=15.1 xdata=102 code=2866
creating hex file from "Course_Design"...
"Course_Design" - 0 Error(s), 7 Warning(s).
Build target 'Target 1'
assembling STARTUP.A51...
compiling main.c...
compiling LCD1602.c...
compiling DS1302.c...
DS1302.C(106): warning C235: parameter 1: different types
linking...
*** WARNING L16: UNCALLED SEGMENT, IGNORED FOR OVERLAY PROCESS
    SEGMENT: ?PR?_BUZZER_TIME?MAIN
*** WARNING L16: UNCALLED SEGMENT, IGNORED FOR OVERLAY PROCESS
    SEGMENT: ?PR?_LCD_SHOWINT?MAIN
*** WARNING L16: UNCALLED SEGMENT, IGNORED FOR OVERLAY PROCESS
    SEGMENT: ?PR?_LCD_SHOWSIGNEDNUM?LCD1602
*** WARNING L16: UNCALLED SEGMENT, IGNORED FOR OVERLAY PROCESS
    SEGMENT: ?PR?_LCD_SHOWHEXNUM?LCD1602
*** WARNING L16: UNCALLED SEGMENT, IGNORED FOR OVERLAY PROCESS
    SEGMENT: ?PR?_LCD_SHOWBINNUM?LCD1602
*** WARNING L1: UNRESOLVED EXTERNAL SYMBOL
    SYMBOL:  HC_SR04_GETDISTANCE
    MODULE:  main.obj (MAIN)
*** WARNING L2: REFERENCE MADE TO UNRESOLVED EXTERNAL
    SYMBOL:  HC_SR04_GETDISTANCE
    MODULE:  main.obj (MAIN)
    ADDRESS: 0D52H
Program Size: data=15.1 xdata=106 code=2859
creating hex file from "Course_Design"...
"Course_Design" - 0 Error(s), 8 Warning(s).
Build target 'Target 1'
assembling STARTUP.A51...
compiling main.c...
MAIN.C(17): warning C206: 'IR_Init': missing function-prototype
compiling LCD1602.c...
compiling DS1302.c...
DS1302.C(106): warning C235: parameter 1: different types
linking...
*** WARNING L16: UNCALLED SEGMENT, IGNORED FOR OVERLAY PROCESS
    SEGMENT: ?PR?_BUZZER_TIME?MAIN
*** WARNING L16: UNCALLED SEGMENT, IGNORED FOR OVERLAY PROCESS
    SEGMENT: ?PR?_LCD_SHOWINT?MAIN
*** WARNING L16: UNCALLED SEGMENT, IGNORED FOR OVERLAY PROCESS
    SEGMENT: ?PR?_LCD_SHOWSIGNEDNUM?LCD1602
*** WARNING L16: UNCALLED SEGMENT, IGNORED FOR OVERLAY PROCESS
    SEGMENT: ?PR?_LCD_SHOWHEXNUM?LCD1602
*** WARNING L16: UNCALLED SEGMENT, IGNORED FOR OVERLAY PROCESS
    SEGMENT: ?PR?_LCD_SHOWBINNUM?LCD1602
*** WARNING L1: UNRESOLVED EXTERNAL SYMBOL
    SYMBOL:  IR_INIT
    MODULE:  main.obj (MAIN)
*** WARNING L1: UNRESOLVED EXTERNAL SYMBOL
    SYMBOL:  HC_SR04_GETDISTANCE
    MODULE:  main.obj (MAIN)
*** WARNING L2: REFERENCE MADE TO UNRESOLVED EXTERNAL
    SYMBOL:  IR_INIT
    MODULE:  main.obj (MAIN)
    ADDRESS: 12B1H
*** WARNING L2: REFERENCE MADE TO UNRESOLVED EXTERNAL
    SYMBOL:  HC_SR04_GETDISTANCE
    MODULE:  main.obj (MAIN)
    ADDRESS: 0D52H
Program Size: data=15.1 xdata=106 code=2862
creating hex file from "Course_Design"...
"Course_Design" - 0 Error(s), 11 Warning(s).
Build target 'Target 1'
assembling STARTUP.A51...
compiling main.c...
compiling LCD1602.c...
compiling DS1302.c...
DS1302.C(106): warning C235: parameter 1: different types
linking...
*** WARNING L16: UNCALLED SEGMENT, IGNORED FOR OVERLAY PROCESS
    SEGMENT: ?PR?_BUZZER_TIME?MAIN
*** WARNING L16: UNCALLED SEGMENT, IGNORED FOR OVERLAY PROCESS
    SEGMENT: ?PR?_LCD_SHOWINT?MAIN
*** WARNING L16: UNCALLED SEGMENT, IGNORED FOR OVERLAY PROCESS
    SEGMENT: ?PR?_LCD_SHOWSIGNEDNUM?LCD1602
*** WARNING L16: UNCALLED SEGMENT, IGNORED FOR OVERLAY PROCESS
    SEGMENT: ?PR?_LCD_SHOWHEXNUM?LCD1602
*** WARNING L16: UNCALLED SEGMENT, IGNORED FOR OVERLAY PROCESS
    SEGMENT: ?PR?_LCD_SHOWBINNUM?LCD1602
*** WARNING L1: UNRESOLVED EXTERNAL SYMBOL
    SYMBOL:  HC_SR04_GETDISTANCE
    MODULE:  main.obj (MAIN)
*** WARNING L2: REFERENCE MADE TO UNRESOLVED EXTERNAL
    SYMBOL:  HC_SR04_GETDISTANCE
    MODULE:  main.obj (MAIN)
    ADDRESS: 0D52H
Program Size: data=15.1 xdata=106 code=2859
creating hex file from "Course_Design"...
"Course_Design" - 0 Error(s), 8 Warning(s).
Build target 'Target 1'
assembling STARTUP.A51...
compiling main.c...
MAIN.C(17): warning C206: 'IR_Init': missing function-prototype
compiling LCD1602.c...
compiling DS1302.c...
DS1302.C(106): warning C235: parameter 1: different types
linking...
*** WARNING L16: UNCALLED SEGMENT, IGNORED FOR OVERLAY PROCESS
    SEGMENT: ?PR?_BUZZER_TIME?MAIN
*** WARNING L16: UNCALLED SEGMENT, IGNORED FOR OVERLAY PROCESS
    SEGMENT: ?PR?_LCD_SHOWINT?MAIN
*** WARNING L16: UNCALLED SEGMENT, IGNORED FOR OVERLAY PROCESS
    SEGMENT: ?PR?_LCD_SHOWSIGNEDNUM?LCD1602
*** WARNING L16: UNCALLED SEGMENT, IGNORED FOR OVERLAY PROCESS
    SEGMENT: ?PR?_LCD_SHOWHEXNUM?LCD1602
*** WARNING L16: UNCALLED SEGMENT, IGNORED FOR OVERLAY PROCESS
    SEGMENT: ?PR?_LCD_SHOWBINNUM?LCD1602
*** WARNING L1: UNRESOLVED EXTERNAL SYMBOL
    SYMBOL:  IR_INIT
    MODULE:  main.obj (MAIN)
*** WARNING L1: UNRESOLVED EXTERNAL SYMBOL
    SYMBOL:  HC_SR04_GETDISTANCE
    MODULE:  main.obj (MAIN)
*** WARNING L2: REFERENCE MADE TO UNRESOLVED EXTERNAL
    SYMBOL:  IR_INIT
    MODULE:  main.obj (MAIN)
    ADDRESS: 12B1H
*** WARNING L2: REFERENCE MADE TO UNRESOLVED EXTERNAL
    SYMBOL:  HC_SR04_GETDISTANCE
    MODULE:  main.obj (MAIN)
    ADDRESS: 0D52H
Program Size: data=15.1 xdata=106 code=2862
creating hex file from "Course_Design"...
"Course_Design" - 0 Error(s), 11 Warning(s).
Build target 'Target 1'
assembling STARTUP.A51...
compiling main.c...
MAIN.C(17): warning C206: 'IR_Init': missing function-prototype
compiling LCD1602.c...
compiling DS1302.c...
DS1302.C(106): warning C235: parameter 1: different types
linking...
*** WARNING L16: UNCALLED SEGMENT, IGNORED FOR OVERLAY PROCESS
    SEGMENT: ?PR?_BUZZER_TIME?MAIN
*** WARNING L16: UNCALLED SEGMENT, IGNORED FOR OVERLAY PROCESS
    SEGMENT: ?PR?_LCD_SHOWINT?MAIN
*** WARNING L16: UNCALLED SEGMENT, IGNORED FOR OVERLAY PROCESS
    SEGMENT: ?PR?_LCD_SHOWSIGNEDNUM?LCD1602
*** WARNING L16: UNCALLED SEGMENT, IGNORED FOR OVERLAY PROCESS
    SEGMENT: ?PR?_LCD_SHOWHEXNUM?LCD1602
*** WARNING L16: UNCALLED SEGMENT, IGNORED FOR OVERLAY PROCESS
    SEGMENT: ?PR?_LCD_SHOWBINNUM?LCD1602
*** WARNING L1: UNRESOLVED EXTERNAL SYMBOL
    SYMBOL:  IR_INIT
    MODULE:  main.obj (MAIN)
*** WARNING L1: UNRESOLVED EXTERNAL SYMBOL
    SYMBOL:  HC_SR04_GETDISTANCE
    MODULE:  main.obj (MAIN)
*** WARNING L2: REFERENCE MADE TO UNRESOLVED EXTERNAL
    SYMBOL:  IR_INIT
    MODULE:  main.obj (MAIN)
    ADDRESS: 12B1H
*** WARNING L2: REFERENCE MADE TO UNRESOLVED EXTERNAL
    SYMBOL:  HC_SR04_GETDISTANCE
    MODULE:  main.obj (MAIN)
    ADDRESS: 0D52H
Program Size: data=15.1 xdata=106 code=2862
creating hex file from "Course_Design"...
"Course_Design" - 0 Error(s), 11 Warning(s).
Build target 'Target 1'
assembling STARTUP.A51...
compiling main.c...
IR.H(11): error C141: syntax error near ')'
compiling LCD1602.c...
compiling DS1302.c...
DS1302.C(106): warning C235: parameter 1: different types
Target not created
Build target 'Target 1'
assembling STARTUP.A51...
compiling main.c...
IR.H(11): error C141: syntax error near ')'
compiling LCD1602.c...
compiling DS1302.c...
DS1302.C(106): warning C235: parameter 1: different types
Target not created
Build target 'Target 1'
assembling STARTUP.A51...
compiling main.c...
compiling LCD1602.c...
compiling DS1302.c...
DS1302.C(106): warning C235: parameter 1: different types
linking...
*** WARNING L16: UNCALLED SEGMENT, IGNORED FOR OVERLAY PROCESS
    SEGMENT: ?PR?_BUZZER_TIME?MAIN
*** WARNING L16: UNCALLED SEGMENT, IGNORED FOR OVERLAY PROCESS
    SEGMENT: ?PR?_LCD_SHOWINT?MAIN
*** WARNING L16: UNCALLED SEGMENT, IGNORED FOR OVERLAY PROCESS
    SEGMENT: ?PR?_LCD_SHOWSIGNEDNUM?LCD1602
*** WARNING L16: UNCALLED SEGMENT, IGNORED FOR OVERLAY PROCESS
    SEGMENT: ?PR?_LCD_SHOWHEXNUM?LCD1602
*** WARNING L16: UNCALLED SEGMENT, IGNORED FOR OVERLAY PROCESS
    SEGMENT: ?PR?_LCD_SHOWBINNUM?LCD1602
*** WARNING L1: UNRESOLVED EXTERNAL SYMBOL
    SYMBOL:  IR_INIT
    MODULE:  main.obj (MAIN)
*** WARNING L1: UNRESOLVED EXTERNAL SYMBOL
    SYMBOL:  HC_SR04_GETDISTANCE
    MODULE:  main.obj (MAIN)
*** WARNING L2: REFERENCE MADE TO UNRESOLVED EXTERNAL
    SYMBOL:  IR_INIT
    MODULE:  main.obj (MAIN)
    ADDRESS: 12B1H
*** WARNING L2: REFERENCE MADE TO UNRESOLVED EXTERNAL
    SYMBOL:  HC_SR04_GETDISTANCE
    MODULE:  main.obj (MAIN)
    ADDRESS: 0D52H
Program Size: data=15.1 xdata=106 code=2862
creating hex file from "Course_Design"...
"Course_Design" - 0 Error(s), 10 Warning(s).
Build target 'Target 1'
assembling STARTUP.A51...
compiling main.c...
compiling LCD1602.c...
compiling DS1302.c...
DS1302.C(106): warning C235: parameter 1: different types
linking...
*** WARNING L16: UNCALLED SEGMENT, IGNORED FOR OVERLAY PROCESS
    SEGMENT: ?PR?_BUZZER_TIME?MAIN
*** WARNING L16: UNCALLED SEGMENT, IGNORED FOR OVERLAY PROCESS
    SEGMENT: ?PR?_LCD_SHOWINT?MAIN
*** WARNING L16: UNCALLED SEGMENT, IGNORED FOR OVERLAY PROCESS
    SEGMENT: ?PR?_LCD_SHOWSIGNEDNUM?LCD1602
*** WARNING L16: UNCALLED SEGMENT, IGNORED FOR OVERLAY PROCESS
    SEGMENT: ?PR?_LCD_SHOWHEXNUM?LCD1602
*** WARNING L16: UNCALLED SEGMENT, IGNORED FOR OVERLAY PROCESS
    SEGMENT: ?PR?_LCD_SHOWBINNUM?LCD1602
*** WARNING L1: UNRESOLVED EXTERNAL SYMBOL
    SYMBOL:  HC_SR04_GETDISTANCE
    MODULE:  main.obj (MAIN)
*** WARNING L2: REFERENCE MADE TO UNRESOLVED EXTERNAL
    SYMBOL:  HC_SR04_GETDISTANCE
    MODULE:  main.obj (MAIN)
    ADDRESS: 0D52H
Program Size: data=15.1 xdata=106 code=2859
creating hex file from "Course_Design"...
"Course_Design" - 0 Error(s), 8 Warning(s).
Build target 'Target 1'
assembling STARTUP.A51...
compiling main.c...
compiling LCD1602.c...
compiling DS1302.c...
DS1302.C(106): warning C235: parameter 1: different types
linking...
*** WARNING L16: UNCALLED SEGMENT, IGNORED FOR OVERLAY PROCESS
    SEGMENT: ?PR?_BUZZER_TIME?MAIN
*** WARNING L16: UNCALLED SEGMENT, IGNORED FOR OVERLAY PROCESS
    SEGMENT: ?PR?_LCD_SHOWINT?MAIN
*** WARNING L16: UNCALLED SEGMENT, IGNORED FOR OVERLAY PROCESS
    SEGMENT: ?PR?_LCD_SHOWSIGNEDNUM?LCD1602
*** WARNING L16: UNCALLED SEGMENT, IGNORED FOR OVERLAY PROCESS
    SEGMENT: ?PR?_LCD_SHOWHEXNUM?LCD1602
*** WARNING L16: UNCALLED SEGMENT, IGNORED FOR OVERLAY PROCESS
    SEGMENT: ?PR?_LCD_SHOWBINNUM?LCD1602
*** WARNING L1: UNRESOLVED EXTERNAL SYMBOL
    SYMBOL:  HC_SR04_GETDISTANCE
    MODULE:  main.obj (MAIN)
*** WARNING L2: REFERENCE MADE TO UNRESOLVED EXTERNAL
    SYMBOL:  HC_SR04_GETDISTANCE
    MODULE:  main.obj (MAIN)
    ADDRESS: 0D52H
Program Size: data=15.1 xdata=106 code=2859
creating hex file from "Course_Design"...
"Course_Design" - 0 Error(s), 8 Warning(s).
Build target 'Target 1'
assembling STARTUP.A51...
compiling main.c...
compiling LCD1602.c...
compiling DS1302.c...
DS1302.C(106): warning C235: parameter 1: different types
linking...
*** WARNING L16: UNCALLED SEGMENT, IGNORED FOR OVERLAY PROCESS
    SEGMENT: ?PR?_BUZZER_TIME?MAIN
*** WARNING L16: UNCALLED SEGMENT, IGNORED FOR OVERLAY PROCESS
    SEGMENT: ?PR?_LCD_SHOWINT?MAIN
*** WARNING L16: UNCALLED SEGMENT, IGNORED FOR OVERLAY PROCESS
    SEGMENT: ?PR?_LCD_SHOWSIGNEDNUM?LCD1602
*** WARNING L16: UNCALLED SEGMENT, IGNORED FOR OVERLAY PROCESS
    SEGMENT: ?PR?_LCD_SHOWHEXNUM?LCD1602
*** WARNING L16: UNCALLED SEGMENT, IGNORED FOR OVERLAY PROCESS
    SEGMENT: ?PR?_LCD_SHOWBINNUM?LCD1602
*** WARNING L1: UNRESOLVED EXTERNAL SYMBOL
    SYMBOL:  IR_INIT
    MODULE:  main.obj (MAIN)
*** WARNING L1: UNRESOLVED EXTERNAL SYMBOL
    SYMBOL:  HC_SR04_GETDISTANCE
    MODULE:  main.obj (MAIN)
*** WARNING L2: REFERENCE MADE TO UNRESOLVED EXTERNAL
    SYMBOL:  IR_INIT
    MODULE:  main.obj (MAIN)
    ADDRESS: 12B1H
*** WARNING L2: REFERENCE MADE TO UNRESOLVED EXTERNAL
    SYMBOL:  HC_SR04_GETDISTANCE
    MODULE:  main.obj (MAIN)
    ADDRESS: 0D52H
Program Size: data=15.1 xdata=106 code=2862
creating hex file from "Course_Design"...
"Course_Design" - 0 Error(s), 10 Warning(s).
Build target 'Target 1'
assembling STARTUP.A51...
compiling main.c...
compiling LCD1602.c...
compiling DS1302.c...
DS1302.C(106): warning C235: parameter 1: different types
compiling IR_NEC.c...
IR_NEC.C(55): error C141: syntax error near 'unsigned'
IR_NEC.C(55): error C202: 'i': undefined identifier
IR_NEC.C(55): error C202: 'i': undefined identifier
IR_NEC.C(55): error C202: 'i': undefined identifier
IR_NEC.C(55): error C141: syntax error near ')'
IR_NEC.C(57): error C202: 'i': undefined identifier
Target not created
Build target 'Target 1'
assembling STARTUP.A51...
compiling main.c...
compiling LCD1602.c...
compiling DS1302.c...
DS1302.C(106): warning C235: parameter 1: different types
compiling IR_NEC.c...
IR_NEC.C(55): error C141: syntax error near 'unsigned'
IR_NEC.C(55): error C202: 'i': undefined identifier
IR_NEC.C(55): error C202: 'i': undefined identifier
IR_NEC.C(55): error C202: 'i': undefined identifier
IR_NEC.C(55): error C141: syntax error near ')'
IR_NEC.C(57): error C202: 'i': undefined identifier
Target not created
Build target 'Target 1'
assembling STARTUP.A51...
compiling main.c...
compiling LCD1602.c...
compiling DS1302.c...
DS1302.C(106): warning C235: parameter 1: different types
compiling IR_NEC.c...
IR_NEC.C(55): error C141: syntax error near 'unsigned'
IR_NEC.C(55): error C202: 'i': undefined identifier
IR_NEC.C(55): error C202: 'i': undefined identifier
IR_NEC.C(55): error C202: 'i': undefined identifier
IR_NEC.C(55): error C141: syntax error near ')'
IR_NEC.C(57): error C202: 'i': undefined identifier
Target not created
Build target 'Target 1'
assembling STARTUP.A51...
compiling main.c...
compiling LCD1602.c...
compiling DS1302.c...
DS1302.C(106): warning C235: parameter 1: different types
compiling IR_NEC.c...
IR_NEC.C(55): error C141: syntax error near 'unsigned'
IR_NEC.C(55): error C202: 'i': undefined identifier
IR_NEC.C(56): error C202: 'i': undefined identifier
IR_NEC.C(58): error C202: 'i': undefined identifier
Target not created
Build target 'Target 1'
assembling STARTUP.A51...
compiling main.c...
compiling LCD1602.c...
compiling DS1302.c...
DS1302.C(106): warning C235: parameter 1: different types
compiling IR_NEC.c...
IR_NEC.C(55): error C141: syntax error near 'unsigned'
IR_NEC.C(55): error C202: 'i': undefined identifier
IR_NEC.C(56): error C202: 'i': undefined identifier
IR_NEC.C(58): error C202: 'i': undefined identifier
Target not created
Build target 'Target 1'
assembling STARTUP.A51...
compiling main.c...
compiling LCD1602.c...
compiling DS1302.c...
DS1302.C(106): warning C235: parameter 1: different types
compiling IR_NEC.c...
IR_NEC.C(55): error C141: syntax error near 'unsigned'
IR_NEC.C(55): error C202: 'index': undefined identifier
IR_NEC.C(56): error C202: 'index': undefined identifier
IR_NEC.C(58): error C202: 'i': undefined identifier
Target not created
Build target 'Target 1'
assembling STARTUP.A51...
compiling main.c...
compiling LCD1602.c...
compiling DS1302.c...
DS1302.C(106): warning C235: parameter 1: different types
compiling IR_NEC.c...
IR_NEC.C(55): error C141: syntax error near 'int'
IR_NEC.C(55): error C202: 'index': undefined identifier
IR_NEC.C(56): error C202: 'index': undefined identifier
IR_NEC.C(58): error C202: 'index': undefined identifier
Target not created
Build target 'Target 1'
assembling STARTUP.A51...
compiling main.c...
compiling LCD1602.c...
compiling DS1302.c...
DS1302.C(106): warning C235: parameter 1: different types
compiling IR_NEC.c...
linking...
*** WARNING L16: UNCALLED SEGMENT, IGNORED FOR OVERLAY PROCESS
    SEGMENT: ?PR?_BUZZER_TIME?MAIN
*** WARNING L16: UNCALLED SEGMENT, IGNORED FOR OVERLAY PROCESS
    SEGMENT: ?PR?_LCD_SHOWINT?MAIN
*** WARNING L16: UNCALLED SEGMENT, IGNORED FOR OVERLAY PROCESS
    SEGMENT: ?PR?_LCD_SHOWSIGNEDNUM?LCD1602
*** WARNING L16: UNCALLED SEGMENT, IGNORED FOR OVERLAY PROCESS
    SEGMENT: ?PR?_LCD_SHOWHEXNUM?LCD1602
*** WARNING L16: UNCALLED SEGMENT, IGNORED FOR OVERLAY PROCESS
    SEGMENT: ?PR?_LCD_SHOWBINNUM?LCD1602
*** WARNING L16: UNCALLED SEGMENT, IGNORED FOR OVERLAY PROCESS
    SEGMENT: ?PR?_GET_MENUOPTION_FROM_IRCODE?IR_NEC
*** WARNING L1: UNRESOLVED EXTERNAL SYMBOL
    SYMBOL:  HC_SR04_GETDISTANCE
    MODULE:  main.obj (MAIN)
*** WARNING L2: REFERENCE MADE TO UNRESOLVED EXTERNAL
    SYMBOL:  HC_SR04_GETDISTANCE
    MODULE:  main.obj (MAIN)
    ADDRESS: 0EC2H
Program Size: data=15.2 xdata=178 code=3224
creating hex file from "Course_Design"...
"Course_Design" - 0 Error(s), 9 Warning(s).
Build target 'Target 1'
compiling IR_NEC.c...
IR_NEC.C(55): error C202: 'index': undefined identifier
IR_NEC.C(57): error C202: 'index': undefined identifier
Target not created
Build target 'Target 1'
assembling STARTUP.A51...
compiling main.c...
compiling LCD1602.c...
compiling DS1302.c...
DS1302.C(106): warning C235: parameter 1: different types
compiling IR_NEC.c...
IR_NEC.C(55): error C202: 'index': undefined identifier
IR_NEC.C(57): error C202: 'index': undefined identifier
Target not created
Build target 'Target 1'
assembling STARTUP.A51...
compiling main.c...
compiling LCD1602.c...
compiling DS1302.c...
DS1302.C(106): warning C235: parameter 1: different types
compiling IR_NEC.c...
IR_NEC.C(55): error C141: syntax error near 'int'
IR_NEC.C(55): error C202: 'index': undefined identifier
IR_NEC.C(56): error C202: 'index': undefined identifier
IR_NEC.C(58): error C202: 'index': undefined identifier
Target not created
Build target 'Target 1'
assembling STARTUP.A51...
compiling main.c...
compiling LCD1602.c...
compiling DS1302.c...
DS1302.C(106): warning C235: parameter 1: different types
compiling IR_NEC.c...
IR_NEC.C(55): error C141: syntax error near 'int'
IR_NEC.C(55): error C202: 'i': undefined identifier
IR_NEC.C(56): error C202: 'i': undefined identifier
IR_NEC.C(58): error C202: 'i': undefined identifier
Target not created
Build target 'Target 1'
assembling STARTUP.A51...
compiling main.c...
compiling LCD1602.c...
compiling DS1302.c...
DS1302.C(106): warning C235: parameter 1: different types
compiling IR_NEC.c...
IR_NEC.C(55): error C141: syntax error near 'int'
IR_NEC.C(55): error C202: 'i': undefined identifier
Target not created
Build target 'Target 1'
assembling STARTUP.A51...
compiling main.c...
compiling LCD1602.c...
compiling DS1302.c...
DS1302.C(106): warning C235: parameter 1: different types
compiling IR_NEC.c...
IR_NEC.C(51): error C141: syntax error near 'int'
IR_NEC.C(51): error C202: 'i': undefined identifier
Target not created
Build target 'Target 1'
assembling STARTUP.A51...
compiling main.c...
compiling LCD1602.c...
compiling DS1302.c...
DS1302.C(106): warning C235: parameter 1: different types
compiling IR_NEC.c...
linking...
*** WARNING L16: UNCALLED SEGMENT, IGNORED FOR OVERLAY PROCESS
    SEGMENT: ?PR?_BUZZER_TIME?MAIN
*** WARNING L16: UNCALLED SEGMENT, IGNORED FOR OVERLAY PROCESS
    SEGMENT: ?PR?_LCD_SHOWINT?MAIN
*** WARNING L16: UNCALLED SEGMENT, IGNORED FOR OVERLAY PROCESS
    SEGMENT: ?PR?_LCD_SHOWSIGNEDNUM?LCD1602
*** WARNING L16: UNCALLED SEGMENT, IGNORED FOR OVERLAY PROCESS
    SEGMENT: ?PR?_LCD_SHOWHEXNUM?LCD1602
*** WARNING L16: UNCALLED SEGMENT, IGNORED FOR OVERLAY PROCESS
    SEGMENT: ?PR?_LCD_SHOWBINNUM?LCD1602
*** WARNING L16: UNCALLED SEGMENT, IGNORED FOR OVERLAY PROCESS
    SEGMENT: ?PR?_GET_MENUOPTION_FROM_IRCODE?IR_NEC
*** WARNING L1: UNRESOLVED EXTERNAL SYMBOL
    SYMBOL:  HC_SR04_GETDISTANCE
    MODULE:  main.obj (MAIN)
*** WARNING L2: REFERENCE MADE TO UNRESOLVED EXTERNAL
    SYMBOL:  HC_SR04_GETDISTANCE
    MODULE:  main.obj (MAIN)
    ADDRESS: 0EC2H
Program Size: data=15.2 xdata=180 code=3231
creating hex file from "Course_Design"...
"Course_Design" - 0 Error(s), 9 Warning(s).
Build target 'Target 1'
assembling STARTUP.A51...
compiling main.c...
compiling LCD1602.c...
compiling DS1302.c...
DS1302.C(106): warning C235: parameter 1: different types
compiling IR_NEC.c...
linking...
*** WARNING L16: UNCALLED SEGMENT, IGNORED FOR OVERLAY PROCESS
    SEGMENT: ?PR?_BUZZER_TIME?MAIN
*** WARNING L16: UNCALLED SEGMENT, IGNORED FOR OVERLAY PROCESS
    SEGMENT: ?PR?_LCD_SHOWINT?MAIN
*** WARNING L16: UNCALLED SEGMENT, IGNORED FOR OVERLAY PROCESS
    SEGMENT: ?PR?_LCD_SHOWSIGNEDNUM?LCD1602
*** WARNING L16: UNCALLED SEGMENT, IGNORED FOR OVERLAY PROCESS
    SEGMENT: ?PR?_LCD_SHOWHEXNUM?LCD1602
*** WARNING L16: UNCALLED SEGMENT, IGNORED FOR OVERLAY PROCESS
    SEGMENT: ?PR?_LCD_SHOWBINNUM?LCD1602
*** WARNING L16: UNCALLED SEGMENT, IGNORED FOR OVERLAY PROCESS
    SEGMENT: ?PR?_GET_MENUOPTION_FROM_IRCODE?IR_NEC
*** WARNING L1: UNRESOLVED EXTERNAL SYMBOL
    SYMBOL:  HC_SR04_GETDISTANCE
    MODULE:  main.obj (MAIN)
*** WARNING L2: REFERENCE MADE TO UNRESOLVED EXTERNAL
    SYMBOL:  HC_SR04_GETDISTANCE
    MODULE:  main.obj (MAIN)
    ADDRESS: 102EH
Program Size: data=15.2 xdata=180 code=3393
creating hex file from "Course_Design"...
"Course_Design" - 0 Error(s), 9 Warning(s).
Build target 'Target 1'
assembling STARTUP.A51...
compiling main.c...
MAIN.C(23): warning C209: '_Get_MenuOption_From_IRCode': too few actual parameters
compiling LCD1602.c...
compiling DS1302.c...
DS1302.C(106): warning C235: parameter 1: different types
compiling IR_NEC.c...
IR_NEC.C(66): error C236: '_Get_MenuOption_From_IRCode': different length of parameter lists
Target not created
Build target 'Target 1'
assembling STARTUP.A51...
compiling main.c...
compiling LCD1602.c...
compiling DS1302.c...
DS1302.C(106): warning C235: parameter 1: different types
compiling IR_NEC.c...
linking...
*** WARNING L16: UNCALLED SEGMENT, IGNORED FOR OVERLAY PROCESS
    SEGMENT: ?PR?_MENU?MAIN
*** WARNING L16: UNCALLED SEGMENT, IGNORED FOR OVERLAY PROCESS
    SEGMENT: ?PR?_BUZZER_TIME?MAIN
*** WARNING L16: UNCALLED SEGMENT, IGNORED FOR OVERLAY PROCESS
    SEGMENT: ?PR?_LCD_SHOWSIGNEDNUM?LCD1602
*** WARNING L16: UNCALLED SEGMENT, IGNORED FOR OVERLAY PROCESS
    SEGMENT: ?PR?_LCD_SHOWHEXNUM?LCD1602
*** WARNING L16: UNCALLED SEGMENT, IGNORED FOR OVERLAY PROCESS
    SEGMENT: ?PR?_LCD_SHOWBINNUM?LCD1602
*** WARNING L1: UNRESOLVED EXTERNAL SYMBOL
    SYMBOL:  HC_SR04_GETDISTANCE
    MODULE:  main.obj (MAIN)
*** WARNING L2: REFERENCE MADE TO UNRESOLVED EXTERNAL
    SYMBOL:  HC_SR04_GETDISTANCE
    MODULE:  main.obj (MAIN)
    ADDRESS: 102EH
Program Size: data=15.2 xdata=180 code=3419
creating hex file from "Course_Design"...
"Course_Design" - 0 Error(s), 8 Warning(s).
Build target 'Target 1'
assembling STARTUP.A51...
compiling main.c...
compiling LCD1602.c...
compiling DS1302.c...
DS1302.C(106): warning C235: parameter 1: different types
compiling IR_NEC.c...
linking...
*** WARNING L16: UNCALLED SEGMENT, IGNORED FOR OVERLAY PROCESS
    SEGMENT: ?PR?_MENU?MAIN
*** WARNING L16: UNCALLED SEGMENT, IGNORED FOR OVERLAY PROCESS
    SEGMENT: ?PR?_BUZZER_TIME?MAIN
*** WARNING L16: UNCALLED SEGMENT, IGNORED FOR OVERLAY PROCESS
    SEGMENT: ?PR?_LCD_SHOWSIGNEDNUM?LCD1602
*** WARNING L16: UNCALLED SEGMENT, IGNORED FOR OVERLAY PROCESS
    SEGMENT: ?PR?_LCD_SHOWHEXNUM?LCD1602
*** WARNING L16: UNCALLED SEGMENT, IGNORED FOR OVERLAY PROCESS
    SEGMENT: ?PR?_LCD_SHOWBINNUM?LCD1602
*** WARNING L1: UNRESOLVED EXTERNAL SYMBOL
    SYMBOL:  HC_SR04_GETDISTANCE
    MODULE:  main.obj (MAIN)
*** WARNING L2: REFERENCE MADE TO UNRESOLVED EXTERNAL
    SYMBOL:  HC_SR04_GETDISTANCE
    MODULE:  main.obj (MAIN)
    ADDRESS: 102EH
Program Size: data=15.2 xdata=180 code=3419
creating hex file from "Course_Design"...
"Course_Design" - 0 Error(s), 8 Warning(s).
Build target 'Target 1'
assembling STARTUP.A51...
compiling main.c...
compiling LCD1602.c...
compiling DS1302.c...
DS1302.C(106): warning C235: parameter 1: different types
compiling IR_NEC.c...
linking...
*** WARNING L16: UNCALLED SEGMENT, IGNORED FOR OVERLAY PROCESS
    SEGMENT: ?PR?_MENU?MAIN
*** WARNING L16: UNCALLED SEGMENT, IGNORED FOR OVERLAY PROCESS
    SEGMENT: ?PR?_BUZZER_TIME?MAIN
*** WARNING L16: UNCALLED SEGMENT, IGNORED FOR OVERLAY PROCESS
    SEGMENT: ?PR?_LCD_SHOWSIGNEDNUM?LCD1602
*** WARNING L16: UNCALLED SEGMENT, IGNORED FOR OVERLAY PROCESS
    SEGMENT: ?PR?_LCD_SHOWHEXNUM?LCD1602
*** WARNING L16: UNCALLED SEGMENT, IGNORED FOR OVERLAY PROCESS
    SEGMENT: ?PR?_LCD_SHOWBINNUM?LCD1602
*** WARNING L1: UNRESOLVED EXTERNAL SYMBOL
    SYMBOL:  HC_SR04_GETDISTANCE
    MODULE:  main.obj (MAIN)
*** WARNING L2: REFERENCE MADE TO UNRESOLVED EXTERNAL
    SYMBOL:  HC_SR04_GETDISTANCE
    MODULE:  main.obj (MAIN)
    ADDRESS: 102EH
Program Size: data=15.2 xdata=182 code=3435
creating hex file from "Course_Design"...
"Course_Design" - 0 Error(s), 8 Warning(s).
Build target 'Target 1'
assembling STARTUP.A51...
compiling main.c...
compiling LCD1602.c...
compiling DS1302.c...
DS1302.C(106): warning C235: parameter 1: different types
compiling IR_NEC.c...
linking...
*** WARNING L16: UNCALLED SEGMENT, IGNORED FOR OVERLAY PROCESS
    SEGMENT: ?PR?_MENU?MAIN
*** WARNING L16: UNCALLED SEGMENT, IGNORED FOR OVERLAY PROCESS
    SEGMENT: ?PR?_BUZZER_TIME?MAIN
*** WARNING L16: UNCALLED SEGMENT, IGNORED FOR OVERLAY PROCESS
    SEGMENT: ?PR?_LCD_SHOWSIGNEDNUM?LCD1602
*** WARNING L16: UNCALLED SEGMENT, IGNORED FOR OVERLAY PROCESS
    SEGMENT: ?PR?_LCD_SHOWHEXNUM?LCD1602
*** WARNING L16: UNCALLED SEGMENT, IGNORED FOR OVERLAY PROCESS
    SEGMENT: ?PR?_LCD_SHOWBINNUM?LCD1602
*** WARNING L1: UNRESOLVED EXTERNAL SYMBOL
    SYMBOL:  HC_SR04_GETDISTANCE
    MODULE:  main.obj (MAIN)
*** WARNING L2: REFERENCE MADE TO UNRESOLVED EXTERNAL
    SYMBOL:  HC_SR04_GETDISTANCE
    MODULE:  main.obj (MAIN)
    ADDRESS: 102EH
Program Size: data=15.2 xdata=182 code=3435
creating hex file from "Course_Design"...
"Course_Design" - 0 Error(s), 8 Warning(s).
Build target 'Target 1'
assembling STARTUP.A51...
compiling main.c...
MAIN.C(21): warning C206: 'IR_Init': missing function-prototype
compiling LCD1602.c...
compiling DS1302.c...
DS1302.C(106): warning C235: parameter 1: different types
compiling IR_NEC.c...
compiling IR.c...
compiling Int0.c...
compiling Time0.c...
linking...
BL51 BANKED LINKER/LOCATER V6.22 - SN: Eval Version
COPYRIGHT KEIL ELEKTRONIK GmbH 1987 - 2009
"STARTUP.obj",
"main.obj",
"LCD1602.obj",
"DS1302.obj",
"IR_NEC.obj",
"IR.obj",
"Int0.obj",
"Time0.obj" 
TO "Course_Design" 
*** ERROR L104: MULTIPLE PUBLIC DEFINITIONS
    SYMBOL:  IR_TIME
    MODULE:  IR.obj (IR)
*** WARNING L16: UNCALLED SEGMENT, IGNORED FOR OVERLAY PROCESS
    SEGMENT: ?PR?_MENU?MAIN
*** WARNING L16: UNCALLED SEGMENT, IGNORED FOR OVERLAY PROCESS
    SEGMENT: ?PR?_BUZZER_TIME?MAIN
*** WARNING L16: UNCALLED SEGMENT, IGNORED FOR OVERLAY PROCESS
    SEGMENT: ?PR?_LCD_SHOWINT?MAIN
*** WARNING L16: UNCALLED SEGMENT, IGNORED FOR OVERLAY PROCESS
    SEGMENT: ?PR?_LCD_SHOWSIGNEDNUM?LCD1602
*** WARNING L16: UNCALLED SEGMENT, IGNORED FOR OVERLAY PROCESS
    SEGMENT: ?PR?_LCD_SHOWBINNUM?LCD1602
*** WARNING L16: UNCALLED SEGMENT, IGNORED FOR OVERLAY PROCESS
    SEGMENT: ?PR?GET_MENUOPTION_FROM_IRCODE?IR_NEC
*** WARNING L16: UNCALLED SEGMENT, IGNORED FOR OVERLAY PROCESS
    SEGMENT: ?PR?IR_IINT?IR
*** WARNING L5: CODE SPACE MEMORY OVERLAP
    FROM:    0003H
    TO:      0005H
*** WARNING L1: UNRESOLVED EXTERNAL SYMBOL
    SYMBOL:  HC_SR04_GETDISTANCE
    MODULE:  main.obj (MAIN)
*** WARNING L2: REFERENCE MADE TO UNRESOLVED EXTERNAL
    SYMBOL:  HC_SR04_GETDISTANCE
    MODULE:  main.obj (MAIN)
    ADDRESS: 11CEH
******************************************************************************
* RESTRICTED VERSION WITH 0800H BYTE CODE SIZE LIMIT; USED: 09F3H BYTE (124%) *
******************************************************************************
Program Size: data=15.2 xdata=199 code=3983
LINK/LOCATE RUN COMPLETE.  10 WARNING(S),  1 ERROR(S)
*** ERROR L104: MULTIPLE PUBLIC DEFINITIONS
    SYMBOL:  IR_TIME
    MODULE:  IR.obj (IR)
*** WARNING L16: UNCALLED SEGMENT, IGNORED FOR OVERLAY PROCESS
    SEGMENT: ?PR?_MENU?MAIN
*** WARNING L16: UNCALLED SEGMENT, IGNORED FOR OVERLAY PROCESS
    SEGMENT: ?PR?_BUZZER_TIME?MAIN
*** WARNING L16: UNCALLED SEGMENT, IGNORED FOR OVERLAY PROCESS
    SEGMENT: ?PR?_LCD_SHOWINT?MAIN
*** WARNING L16: UNCALLED SEGMENT, IGNORED FOR OVERLAY PROCESS
    SEGMENT: ?PR?_LCD_SHOWSIGNEDNUM?LCD1602
*** WARNING L16: UNCALLED SEGMENT, IGNORED FOR OVERLAY PROCESS
    SEGMENT: ?PR?_LCD_SHOWBINNUM?LCD1602
*** WARNING L16: UNCALLED SEGMENT, IGNORED FOR OVERLAY PROCESS
    SEGMENT: ?PR?GET_MENUOPTION_FROM_IRCODE?IR_NEC
*** WARNING L16: UNCALLED SEGMENT, IGNORED FOR OVERLAY PROCESS
    SEGMENT: ?PR?IR_IINT?IR
*** WARNING L5: CODE SPACE MEMORY OVERLAP
    FROM:    0003H
    TO:      0005H
*** WARNING L1: UNRESOLVED EXTERNAL SYMBOL
    SYMBOL:  HC_SR04_GETDISTANCE
    MODULE:  main.obj (MAIN)
*** WARNING L2: REFERENCE MADE TO UNRESOLVED EXTERNAL
    SYMBOL:  HC_SR04_GETDISTANCE
    MODULE:  main.obj (MAIN)
    ADDRESS: 11CEH
*** FATAL ERROR L250: CODE SIZE LIMIT IN RESTRICTED VERSION EXCEEDED
    MODULE:  main.obj (-----)
    LIMIT:   0800H BYTES
Target not created
Build target 'Target 1'
assembling STARTUP.A51...
compiling main.c...
MAIN.C(21): warning C206: 'IR_Init': missing function-prototype
MAIN.C(38): warning C235: parameter 1: different types
compiling LCD1602.c...
compiling DS1302.c...
DS1302.C(106): warning C235: parameter 1: different types
compiling IR_NEC.c...
compiling IR.c...
compiling Int0.c...
compiling Time0.c...
linking...
BL51 BANKED LINKER/LOCATER V6.22 - SN: Eval Version
COPYRIGHT KEIL ELEKTRONIK GmbH 1987 - 2009
"STARTUP.obj",
"main.obj",
"LCD1602.obj",
"DS1302.obj",
"IR_NEC.obj",
"IR.obj",
"Int0.obj",
"Time0.obj" 
TO "Course_Design" 
*** ERROR L104: MULTIPLE PUBLIC DEFINITIONS
    SYMBOL:  IR_TIME
    MODULE:  IR.obj (IR)
*** WARNING L16: UNCALLED SEGMENT, IGNORED FOR OVERLAY PROCESS
    SEGMENT: ?PR?_MENU?MAIN
*** WARNING L16: UNCALLED SEGMENT, IGNORED FOR OVERLAY PROCESS
    SEGMENT: ?PR?_BUZZER_TIME?MAIN
*** WARNING L16: UNCALLED SEGMENT, IGNORED FOR OVERLAY PROCESS
    SEGMENT: ?PR?_LCD_SHOWINT?MAIN
*** WARNING L16: UNCALLED SEGMENT, IGNORED FOR OVERLAY PROCESS
    SEGMENT: ?PR?_LCD_SHOWSIGNEDNUM?LCD1602
*** WARNING L16: UNCALLED SEGMENT, IGNORED FOR OVERLAY PROCESS
    SEGMENT: ?PR?_LCD_SHOWBINNUM?LCD1602
*** WARNING L16: UNCALLED SEGMENT, IGNORED FOR OVERLAY PROCESS
    SEGMENT: ?PR?GET_MENUOPTION_FROM_IRCODE?IR_NEC
*** WARNING L16: UNCALLED SEGMENT, IGNORED FOR OVERLAY PROCESS
    SEGMENT: ?PR?IR_IINT?IR
*** WARNING L5: CODE SPACE MEMORY OVERLAP
    FROM:    0003H
    TO:      0005H
*** WARNING L1: UNRESOLVED EXTERNAL SYMBOL
    SYMBOL:  HC_SR04_GETDISTANCE
    MODULE:  main.obj (MAIN)
*** WARNING L2: REFERENCE MADE TO UNRESOLVED EXTERNAL
    SYMBOL:  HC_SR04_GETDISTANCE
    MODULE:  main.obj (MAIN)
    ADDRESS: 11C8H
******************************************************************************
* RESTRICTED VERSION WITH 0800H BYTE CODE SIZE LIMIT; USED: 09EDH BYTE (124%) *
******************************************************************************
Program Size: data=15.2 xdata=199 code=3977
LINK/LOCATE RUN COMPLETE.  10 WARNING(S),  1 ERROR(S)
*** ERROR L104: MULTIPLE PUBLIC DEFINITIONS
    SYMBOL:  IR_TIME
    MODULE:  IR.obj (IR)
*** WARNING L16: UNCALLED SEGMENT, IGNORED FOR OVERLAY PROCESS
    SEGMENT: ?PR?_MENU?MAIN
*** WARNING L16: UNCALLED SEGMENT, IGNORED FOR OVERLAY PROCESS
    SEGMENT: ?PR?_BUZZER_TIME?MAIN
*** WARNING L16: UNCALLED SEGMENT, IGNORED FOR OVERLAY PROCESS
    SEGMENT: ?PR?_LCD_SHOWINT?MAIN
*** WARNING L16: UNCALLED SEGMENT, IGNORED FOR OVERLAY PROCESS
    SEGMENT: ?PR?_LCD_SHOWSIGNEDNUM?LCD1602
*** WARNING L16: UNCALLED SEGMENT, IGNORED FOR OVERLAY PROCESS
    SEGMENT: ?PR?_LCD_SHOWBINNUM?LCD1602
*** WARNING L16: UNCALLED SEGMENT, IGNORED FOR OVERLAY PROCESS
    SEGMENT: ?PR?GET_MENUOPTION_FROM_IRCODE?IR_NEC
*** WARNING L16: UNCALLED SEGMENT, IGNORED FOR OVERLAY PROCESS
    SEGMENT: ?PR?IR_IINT?IR
*** WARNING L5: CODE SPACE MEMORY OVERLAP
    FROM:    0003H
    TO:      0005H
*** WARNING L1: UNRESOLVED EXTERNAL SYMBOL
    SYMBOL:  HC_SR04_GETDISTANCE
    MODULE:  main.obj (MAIN)
*** WARNING L2: REFERENCE MADE TO UNRESOLVED EXTERNAL
    SYMBOL:  HC_SR04_GETDISTANCE
    MODULE:  main.obj (MAIN)
    ADDRESS: 11C8H
*** FATAL ERROR L250: CODE SIZE LIMIT IN RESTRICTED VERSION EXCEEDED
    MODULE:  main.obj (-----)
    LIMIT:   0800H BYTES
Target not created
compiling main.c...
MAIN.C(21): warning C206: 'IR_Init': missing function-prototype
MAIN.C(38): warning C235: parameter 1: different types
main.c - 0 Error(s), 2 Warning(s).
Build target 'Target 1'
linking...
BL51 BANKED LINKER/LOCATER V6.22 - SN: Eval Version
COPYRIGHT KEIL ELEKTRONIK GmbH 1987 - 2009
"STARTUP.obj",
"main.obj",
"LCD1602.obj",
"DS1302.obj",
"IR_NEC.obj",
"IR.obj",
"Int0.obj",
"Time0.obj" 
TO "Course_Design" 
*** ERROR L104: MULTIPLE PUBLIC DEFINITIONS
    SYMBOL:  IR_TIME
    MODULE:  IR.obj (IR)
*** WARNING L16: UNCALLED SEGMENT, IGNORED FOR OVERLAY PROCESS
    SEGMENT: ?PR?_MENU?MAIN
*** WARNING L16: UNCALLED SEGMENT, IGNORED FOR OVERLAY PROCESS
    SEGMENT: ?PR?_BUZZER_TIME?MAIN
*** WARNING L16: UNCALLED SEGMENT, IGNORED FOR OVERLAY PROCESS
    SEGMENT: ?PR?_LCD_SHOWINT?MAIN
*** WARNING L16: UNCALLED SEGMENT, IGNORED FOR OVERLAY PROCESS
    SEGMENT: ?PR?_LCD_SHOWSIGNEDNUM?LCD1602
*** WARNING L16: UNCALLED SEGMENT, IGNORED FOR OVERLAY PROCESS
    SEGMENT: ?PR?_LCD_SHOWBINNUM?LCD1602
*** WARNING L16: UNCALLED SEGMENT, IGNORED FOR OVERLAY PROCESS
    SEGMENT: ?PR?GET_MENUOPTION_FROM_IRCODE?IR_NEC
*** WARNING L16: UNCALLED SEGMENT, IGNORED FOR OVERLAY PROCESS
    SEGMENT: ?PR?IR_IINT?IR
*** WARNING L5: CODE SPACE MEMORY OVERLAP
    FROM:    0003H
    TO:      0005H
*** WARNING L1: UNRESOLVED EXTERNAL SYMBOL
    SYMBOL:  HC_SR04_GETDISTANCE
    MODULE:  main.obj (MAIN)
*** WARNING L2: REFERENCE MADE TO UNRESOLVED EXTERNAL
    SYMBOL:  HC_SR04_GETDISTANCE
    MODULE:  main.obj (MAIN)
    ADDRESS: 11C8H
******************************************************************************
* RESTRICTED VERSION WITH 0800H BYTE CODE SIZE LIMIT; USED: 09EDH BYTE (124%) *
******************************************************************************
Program Size: data=15.2 xdata=199 code=3977
LINK/LOCATE RUN COMPLETE.  10 WARNING(S),  1 ERROR(S)
*** ERROR L104: MULTIPLE PUBLIC DEFINITIONS
    SYMBOL:  IR_TIME
    MODULE:  IR.obj (IR)
*** WARNING L16: UNCALLED SEGMENT, IGNORED FOR OVERLAY PROCESS
    SEGMENT: ?PR?_MENU?MAIN
*** WARNING L16: UNCALLED SEGMENT, IGNORED FOR OVERLAY PROCESS
    SEGMENT: ?PR?_BUZZER_TIME?MAIN
*** WARNING L16: UNCALLED SEGMENT, IGNORED FOR OVERLAY PROCESS
    SEGMENT: ?PR?_LCD_SHOWINT?MAIN
*** WARNING L16: UNCALLED SEGMENT, IGNORED FOR OVERLAY PROCESS
    SEGMENT: ?PR?_LCD_SHOWSIGNEDNUM?LCD1602
*** WARNING L16: UNCALLED SEGMENT, IGNORED FOR OVERLAY PROCESS
    SEGMENT: ?PR?_LCD_SHOWBINNUM?LCD1602
*** WARNING L16: UNCALLED SEGMENT, IGNORED FOR OVERLAY PROCESS
    SEGMENT: ?PR?GET_MENUOPTION_FROM_IRCODE?IR_NEC
*** WARNING L16: UNCALLED SEGMENT, IGNORED FOR OVERLAY PROCESS
    SEGMENT: ?PR?IR_IINT?IR
*** WARNING L5: CODE SPACE MEMORY OVERLAP
    FROM:    0003H
    TO:      0005H
*** WARNING L1: UNRESOLVED EXTERNAL SYMBOL
    SYMBOL:  HC_SR04_GETDISTANCE
    MODULE:  main.obj (MAIN)
*** WARNING L2: REFERENCE MADE TO UNRESOLVED EXTERNAL
    SYMBOL:  HC_SR04_GETDISTANCE
    MODULE:  main.obj (MAIN)
    ADDRESS: 11C8H
*** FATAL ERROR L250: CODE SIZE LIMIT IN RESTRICTED VERSION EXCEEDED
    MODULE:  main.obj (-----)
    LIMIT:   0800H BYTES
Target not created
Build target 'Target 1'
assembling STARTUP.A51...
compiling main.c...
MAIN.C(21): warning C206: 'IR_Init': missing function-prototype
MAIN.C(38): warning C235: parameter 1: different types
compiling LCD1602.c...
compiling DS1302.c...
DS1302.C(106): warning C235: parameter 1: different types
compiling IR.c...
compiling Int0.c...
compiling Time0.c...
linking...
BL51 BANKED LINKER/LOCATER V6.22 - SN: Eval Version
COPYRIGHT KEIL ELEKTRONIK GmbH 1987 - 2009
"STARTUP.obj",
"main.obj",
"LCD1602.obj",
"DS1302.obj",
"IR.obj",
"Int0.obj",
"Time0.obj" 
TO "Course_Design" 
*** WARNING L16: UNCALLED SEGMENT, IGNORED FOR OVERLAY PROCESS
    SEGMENT: ?PR?_MENU?MAIN
*** WARNING L16: UNCALLED SEGMENT, IGNORED FOR OVERLAY PROCESS
    SEGMENT: ?PR?_BUZZER_TIME?MAIN
*** WARNING L16: UNCALLED SEGMENT, IGNORED FOR OVERLAY PROCESS
    SEGMENT: ?PR?_LCD_SHOWINT?MAIN
*** WARNING L16: UNCALLED SEGMENT, IGNORED FOR OVERLAY PROCESS
    SEGMENT: ?PR?_LCD_SHOWSIGNEDNUM?LCD1602
*** WARNING L16: UNCALLED SEGMENT, IGNORED FOR OVERLAY PROCESS
    SEGMENT: ?PR?_LCD_SHOWBINNUM?LCD1602
*** WARNING L16: UNCALLED SEGMENT, IGNORED FOR OVERLAY PROCESS
    SEGMENT: ?PR?IR_IINT?IR
*** WARNING L1: UNRESOLVED EXTERNAL SYMBOL
    SYMBOL:  IR_INIT
    MODULE:  main.obj (MAIN)
*** WARNING L1: UNRESOLVED EXTERNAL SYMBOL
    SYMBOL:  HC_SR04_GETDISTANCE
    MODULE:  main.obj (MAIN)
*** WARNING L2: REFERENCE MADE TO UNRESOLVED EXTERNAL
    SYMBOL:  IR_INIT
    MODULE:  main.obj (MAIN)
    ADDRESS: 1197H
*** WARNING L2: REFERENCE MADE TO UNRESOLVED EXTERNAL
    SYMBOL:  HC_SR04_GETDISTANCE
    MODULE:  main.obj (MAIN)
    ADDRESS: 0EECH
******************************************************************************
* RESTRICTED VERSION WITH 0800H BYTE CODE SIZE LIMIT; USED: 0846H BYTE (103%) *
******************************************************************************
Program Size: data=15.1 xdata=123 code=3416
LINK/LOCATE RUN COMPLETE.  10 WARNING(S),  0 ERROR(S)
*** WARNING L16: UNCALLED SEGMENT, IGNORED FOR OVERLAY PROCESS
    SEGMENT: ?PR?_MENU?MAIN
*** WARNING L16: UNCALLED SEGMENT, IGNORED FOR OVERLAY PROCESS
    SEGMENT: ?PR?_BUZZER_TIME?MAIN
*** WARNING L16: UNCALLED SEGMENT, IGNORED FOR OVERLAY PROCESS
    SEGMENT: ?PR?_LCD_SHOWINT?MAIN
*** WARNING L16: UNCALLED SEGMENT, IGNORED FOR OVERLAY PROCESS
    SEGMENT: ?PR?_LCD_SHOWSIGNEDNUM?LCD1602
*** WARNING L16: UNCALLED SEGMENT, IGNORED FOR OVERLAY PROCESS
    SEGMENT: ?PR?_LCD_SHOWBINNUM?LCD1602
*** WARNING L16: UNCALLED SEGMENT, IGNORED FOR OVERLAY PROCESS
    SEGMENT: ?PR?IR_IINT?IR
*** WARNING L1: UNRESOLVED EXTERNAL SYMBOL
    SYMBOL:  IR_INIT
    MODULE:  main.obj (MAIN)
*** WARNING L1: UNRESOLVED EXTERNAL SYMBOL
    SYMBOL:  HC_SR04_GETDISTANCE
    MODULE:  main.obj (MAIN)
*** WARNING L2: REFERENCE MADE TO UNRESOLVED EXTERNAL
    SYMBOL:  IR_INIT
    MODULE:  main.obj (MAIN)
    ADDRESS: 1197H
*** WARNING L2: REFERENCE MADE TO UNRESOLVED EXTERNAL
    SYMBOL:  HC_SR04_GETDISTANCE
    MODULE:  main.obj (MAIN)
    ADDRESS: 0EECH
*** FATAL ERROR L250: CODE SIZE LIMIT IN RESTRICTED VERSION EXCEEDED
    MODULE:  main.obj (-----)
    LIMIT:   0800H BYTES
Target not created
Build target 'Target 1'
assembling STARTUP.A51...
compiling main.c...
MAIN.C(21): warning C206: 'IR_Init': missing function-prototype
MAIN.C(38): warning C235: parameter 1: different types
compiling LCD1602.c...
compiling DS1302.c...
DS1302.C(106): warning C235: parameter 1: different types
compiling IR.c...
compiling Int0.c...
compiling Time0.c...
linking...
BL51 BANKED LINKER/LOCATER V6.22 - SN: Eval Version
COPYRIGHT KEIL ELEKTRONIK GmbH 1987 - 2009
"STARTUP.obj",
"main.obj",
"LCD1602.obj",
"DS1302.obj",
"IR.obj",
"Int0.obj",
"Time0.obj" 
TO "Course_Design" 
*** WARNING L16: UNCALLED SEGMENT, IGNORED FOR OVERLAY PROCESS
    SEGMENT: ?PR?_MENU?MAIN
*** WARNING L16: UNCALLED SEGMENT, IGNORED FOR OVERLAY PROCESS
    SEGMENT: ?PR?_BUZZER_TIME?MAIN
*** WARNING L16: UNCALLED SEGMENT, IGNORED FOR OVERLAY PROCESS
    SEGMENT: ?PR?_LCD_SHOWINT?MAIN
*** WARNING L16: UNCALLED SEGMENT, IGNORED FOR OVERLAY PROCESS
    SEGMENT: ?PR?_LCD_SHOWSIGNEDNUM?LCD1602
*** WARNING L16: UNCALLED SEGMENT, IGNORED FOR OVERLAY PROCESS
    SEGMENT: ?PR?_LCD_SHOWBINNUM?LCD1602
*** WARNING L16: UNCALLED SEGMENT, IGNORED FOR OVERLAY PROCESS
    SEGMENT: ?PR?IR_IINT?IR
*** WARNING L1: UNRESOLVED EXTERNAL SYMBOL
    SYMBOL:  IR_INIT
    MODULE:  main.obj (MAIN)
*** WARNING L1: UNRESOLVED EXTERNAL SYMBOL
    SYMBOL:  HC_SR04_GETDISTANCE
    MODULE:  main.obj (MAIN)
*** WARNING L2: REFERENCE MADE TO UNRESOLVED EXTERNAL
    SYMBOL:  IR_INIT
    MODULE:  main.obj (MAIN)
    ADDRESS: 1197H
*** WARNING L2: REFERENCE MADE TO UNRESOLVED EXTERNAL
    SYMBOL:  HC_SR04_GETDISTANCE
    MODULE:  main.obj (MAIN)
    ADDRESS: 0EECH
******************************************************************************
* RESTRICTED VERSION WITH 0800H BYTE CODE SIZE LIMIT; USED: 0846H BYTE (103%) *
******************************************************************************
Program Size: data=15.1 xdata=123 code=3416
LINK/LOCATE RUN COMPLETE.  10 WARNING(S),  0 ERROR(S)
*** WARNING L16: UNCALLED SEGMENT, IGNORED FOR OVERLAY PROCESS
    SEGMENT: ?PR?_MENU?MAIN
*** WARNING L16: UNCALLED SEGMENT, IGNORED FOR OVERLAY PROCESS
    SEGMENT: ?PR?_BUZZER_TIME?MAIN
*** WARNING L16: UNCALLED SEGMENT, IGNORED FOR OVERLAY PROCESS
    SEGMENT: ?PR?_LCD_SHOWINT?MAIN
*** WARNING L16: UNCALLED SEGMENT, IGNORED FOR OVERLAY PROCESS
    SEGMENT: ?PR?_LCD_SHOWSIGNEDNUM?LCD1602
*** WARNING L16: UNCALLED SEGMENT, IGNORED FOR OVERLAY PROCESS
    SEGMENT: ?PR?_LCD_SHOWBINNUM?LCD1602
*** WARNING L16: UNCALLED SEGMENT, IGNORED FOR OVERLAY PROCESS
    SEGMENT: ?PR?IR_IINT?IR
*** WARNING L1: UNRESOLVED EXTERNAL SYMBOL
    SYMBOL:  IR_INIT
    MODULE:  main.obj (MAIN)
*** WARNING L1: UNRESOLVED EXTERNAL SYMBOL
    SYMBOL:  HC_SR04_GETDISTANCE
    MODULE:  main.obj (MAIN)
*** WARNING L2: REFERENCE MADE TO UNRESOLVED EXTERNAL
    SYMBOL:  IR_INIT
    MODULE:  main.obj (MAIN)
    ADDRESS: 1197H
*** WARNING L2: REFERENCE MADE TO UNRESOLVED EXTERNAL
    SYMBOL:  HC_SR04_GETDISTANCE
    MODULE:  main.obj (MAIN)
    ADDRESS: 0EECH
*** FATAL ERROR L250: CODE SIZE LIMIT IN RESTRICTED VERSION EXCEEDED
    MODULE:  main.obj (-----)
    LIMIT:   0800H BYTES
Target not created
Build target 'Target 1'
assembling STARTUP.A51...
compiling main.c...
MAIN.C(21): warning C206: 'IR_Init': missing function-prototype
MAIN.C(38): warning C235: parameter 1: different types
compiling LCD1602.c...
compiling DS1302.c...
DS1302.C(106): warning C235: parameter 1: different types
compiling IR.c...
compiling Int0.c...
compiling Time0.c...
linking...
BL51 BANKED LINKER/LOCATER V6.22 - SN: Eval Version
COPYRIGHT KEIL ELEKTRONIK GmbH 1987 - 2009
"STARTUP.obj",
"main.obj",
"LCD1602.obj",
"DS1302.obj",
"IR.obj",
"Int0.obj",
"Time0.obj" 
TO "Course_Design" 
*** WARNING L16: UNCALLED SEGMENT, IGNORED FOR OVERLAY PROCESS
    SEGMENT: ?PR?_MENU?MAIN
*** WARNING L16: UNCALLED SEGMENT, IGNORED FOR OVERLAY PROCESS
    SEGMENT: ?PR?_BUZZER_TIME?MAIN
*** WARNING L16: UNCALLED SEGMENT, IGNORED FOR OVERLAY PROCESS
    SEGMENT: ?PR?_LCD_SHOWINT?MAIN
*** WARNING L16: UNCALLED SEGMENT, IGNORED FOR OVERLAY PROCESS
    SEGMENT: ?PR?_LCD_SHOWSIGNEDNUM?LCD1602
*** WARNING L16: UNCALLED SEGMENT, IGNORED FOR OVERLAY PROCESS
    SEGMENT: ?PR?_LCD_SHOWBINNUM?LCD1602
*** WARNING L16: UNCALLED SEGMENT, IGNORED FOR OVERLAY PROCESS
    SEGMENT: ?PR?IR_IINT?IR
*** WARNING L16: UNCALLED SEGMENT, IGNORED FOR OVERLAY PROCESS
    SEGMENT: ?PR?IR_GETADDRESS?IR
*** WARNING L1: UNRESOLVED EXTERNAL SYMBOL
    SYMBOL:  IR_INIT
    MODULE:  main.obj (MAIN)
*** WARNING L1: UNRESOLVED EXTERNAL SYMBOL
    SYMBOL:  HC_SR04_GETDISTANCE
    MODULE:  main.obj (MAIN)
*** WARNING L2: REFERENCE MADE TO UNRESOLVED EXTERNAL
    SYMBOL:  IR_INIT
    MODULE:  main.obj (MAIN)
    ADDRESS: 125BH
*** WARNING L2: REFERENCE MADE TO UNRESOLVED EXTERNAL
    SYMBOL:  HC_SR04_GETDISTANCE
    MODULE:  main.obj (MAIN)
    ADDRESS: 0EECH
******************************************************************************
* RESTRICTED VERSION WITH 0800H BYTE CODE SIZE LIMIT; USED: 083EH BYTE (103%) *
******************************************************************************
Program Size: data=15.1 xdata=122 code=3408
LINK/LOCATE RUN COMPLETE.  11 WARNING(S),  0 ERROR(S)
*** WARNING L16: UNCALLED SEGMENT, IGNORED FOR OVERLAY PROCESS
    SEGMENT: ?PR?_MENU?MAIN
*** WARNING L16: UNCALLED SEGMENT, IGNORED FOR OVERLAY PROCESS
    SEGMENT: ?PR?_BUZZER_TIME?MAIN
*** WARNING L16: UNCALLED SEGMENT, IGNORED FOR OVERLAY PROCESS
    SEGMENT: ?PR?_LCD_SHOWINT?MAIN
*** WARNING L16: UNCALLED SEGMENT, IGNORED FOR OVERLAY PROCESS
    SEGMENT: ?PR?_LCD_SHOWSIGNEDNUM?LCD1602
*** WARNING L16: UNCALLED SEGMENT, IGNORED FOR OVERLAY PROCESS
    SEGMENT: ?PR?_LCD_SHOWBINNUM?LCD1602
*** WARNING L16: UNCALLED SEGMENT, IGNORED FOR OVERLAY PROCESS
    SEGMENT: ?PR?IR_IINT?IR
*** WARNING L16: UNCALLED SEGMENT, IGNORED FOR OVERLAY PROCESS
    SEGMENT: ?PR?IR_GETADDRESS?IR
*** WARNING L1: UNRESOLVED EXTERNAL SYMBOL
    SYMBOL:  IR_INIT
    MODULE:  main.obj (MAIN)
*** WARNING L1: UNRESOLVED EXTERNAL SYMBOL
    SYMBOL:  HC_SR04_GETDISTANCE
    MODULE:  main.obj (MAIN)
*** WARNING L2: REFERENCE MADE TO UNRESOLVED EXTERNAL
    SYMBOL:  IR_INIT
    MODULE:  main.obj (MAIN)
    ADDRESS: 125BH
*** WARNING L2: REFERENCE MADE TO UNRESOLVED EXTERNAL
    SYMBOL:  HC_SR04_GETDISTANCE
    MODULE:  main.obj (MAIN)
    ADDRESS: 0EECH
*** FATAL ERROR L250: CODE SIZE LIMIT IN RESTRICTED VERSION EXCEEDED
    MODULE:  main.obj (-----)
    LIMIT:   0800H BYTES
Target not created
Build target 'Target 1'
assembling STARTUP.A51...
compiling main.c...
MAIN.C(21): warning C206: 'IR_Init': missing function-prototype
MAIN.C(38): warning C235: parameter 1: different types
compiling LCD1602.c...
compiling DS1302.c...
DS1302.C(106): warning C235: parameter 1: different types
compiling IR.c...
compiling Int0.c...
compiling Time0.c...
linking...
BL51 BANKED LINKER/LOCATER V6.22 - SN: Eval Version
COPYRIGHT KEIL ELEKTRONIK GmbH 1987 - 2009
"STARTUP.obj",
"main.obj",
"LCD1602.obj",
"DS1302.obj",
"IR.obj",
"Int0.obj",
"Time0.obj" 
TO "Course_Design" 
RAMSIZE(256) 
*** WARNING L16: UNCALLED SEGMENT, IGNORED FOR OVERLAY PROCESS
    SEGMENT: ?PR?_MENU?MAIN
*** WARNING L16: UNCALLED SEGMENT, IGNORED FOR OVERLAY PROCESS
    SEGMENT: ?PR?_BUZZER_TIME?MAIN
*** WARNING L16: UNCALLED SEGMENT, IGNORED FOR OVERLAY PROCESS
    SEGMENT: ?PR?_LCD_SHOWINT?MAIN
*** WARNING L16: UNCALLED SEGMENT, IGNORED FOR OVERLAY PROCESS
    SEGMENT: ?PR?_LCD_SHOWSIGNEDNUM?LCD1602
*** WARNING L16: UNCALLED SEGMENT, IGNORED FOR OVERLAY PROCESS
    SEGMENT: ?PR?_LCD_SHOWBINNUM?LCD1602
*** WARNING L16: UNCALLED SEGMENT, IGNORED FOR OVERLAY PROCESS
    SEGMENT: ?PR?IR_IINT?IR
*** WARNING L16: UNCALLED SEGMENT, IGNORED FOR OVERLAY PROCESS
    SEGMENT: ?PR?IR_GETADDRESS?IR
*** WARNING L1: UNRESOLVED EXTERNAL SYMBOL
    SYMBOL:  IR_INIT
    MODULE:  main.obj (MAIN)
*** WARNING L1: UNRESOLVED EXTERNAL SYMBOL
    SYMBOL:  HC_SR04_GETDISTANCE
    MODULE:  main.obj (MAIN)
*** WARNING L2: REFERENCE MADE TO UNRESOLVED EXTERNAL
    SYMBOL:  IR_INIT
    MODULE:  main.obj (MAIN)
    ADDRESS: 125BH
*** WARNING L2: REFERENCE MADE TO UNRESOLVED EXTERNAL
    SYMBOL:  HC_SR04_GETDISTANCE
    MODULE:  main.obj (MAIN)
    ADDRESS: 0EECH
******************************************************************************
* RESTRICTED VERSION WITH 0800H BYTE CODE SIZE LIMIT; USED: 083EH BYTE (103%) *
******************************************************************************
Program Size: data=15.1 xdata=122 code=3408
LINK/LOCATE RUN COMPLETE.  11 WARNING(S),  0 ERROR(S)
*** WARNING L16: UNCALLED SEGMENT, IGNORED FOR OVERLAY PROCESS
    SEGMENT: ?PR?_MENU?MAIN
*** WARNING L16: UNCALLED SEGMENT, IGNORED FOR OVERLAY PROCESS
    SEGMENT: ?PR?_BUZZER_TIME?MAIN
*** WARNING L16: UNCALLED SEGMENT, IGNORED FOR OVERLAY PROCESS
    SEGMENT: ?PR?_LCD_SHOWINT?MAIN
*** WARNING L16: UNCALLED SEGMENT, IGNORED FOR OVERLAY PROCESS
    SEGMENT: ?PR?_LCD_SHOWSIGNEDNUM?LCD1602
*** WARNING L16: UNCALLED SEGMENT, IGNORED FOR OVERLAY PROCESS
    SEGMENT: ?PR?_LCD_SHOWBINNUM?LCD1602
*** WARNING L16: UNCALLED SEGMENT, IGNORED FOR OVERLAY PROCESS
    SEGMENT: ?PR?IR_IINT?IR
*** WARNING L16: UNCALLED SEGMENT, IGNORED FOR OVERLAY PROCESS
    SEGMENT: ?PR?IR_GETADDRESS?IR
*** WARNING L1: UNRESOLVED EXTERNAL SYMBOL
    SYMBOL:  IR_INIT
    MODULE:  main.obj (MAIN)
*** WARNING L1: UNRESOLVED EXTERNAL SYMBOL
    SYMBOL:  HC_SR04_GETDISTANCE
    MODULE:  main.obj (MAIN)
*** WARNING L2: REFERENCE MADE TO UNRESOLVED EXTERNAL
    SYMBOL:  IR_INIT
    MODULE:  main.obj (MAIN)
    ADDRESS: 125BH
*** WARNING L2: REFERENCE MADE TO UNRESOLVED EXTERNAL
    SYMBOL:  HC_SR04_GETDISTANCE
    MODULE:  main.obj (MAIN)
    ADDRESS: 0EECH
*** FATAL ERROR L250: CODE SIZE LIMIT IN RESTRICTED VERSION EXCEEDED
    MODULE:  main.obj (-----)
    LIMIT:   0800H BYTES
Target not created
Build target 'Target 1'
assembling STARTUP.A51...
compiling main.c...
MAIN.C(21): warning C206: 'IR_Init': missing function-prototype
MAIN.C(38): warning C235: parameter 1: different types
compiling LCD1602.c...
compiling DS1302.c...
DS1302.C(106): warning C235: parameter 1: different types
compiling IR.c...
compiling Int0.c...
compiling Time0.c...
linking...
BL51 BANKED LINKER/LOCATER V6.22 - SN: Eval Version
COPYRIGHT KEIL ELEKTRONIK GmbH 1987 - 2009
"STARTUP.obj",
"main.obj",
"LCD1602.obj",
"DS1302.obj",
"IR.obj",
"Int0.obj",
"Time0.obj" 
TO "Course_Design" 
RAMSIZE(256) 
*** WARNING L16: UNCALLED SEGMENT, IGNORED FOR OVERLAY PROCESS
    SEGMENT: ?PR?_MENU?MAIN
*** WARNING L16: UNCALLED SEGMENT, IGNORED FOR OVERLAY PROCESS
    SEGMENT: ?PR?_BUZZER_TIME?MAIN
*** WARNING L16: UNCALLED SEGMENT, IGNORED FOR OVERLAY PROCESS
    SEGMENT: ?PR?_LCD_SHOWINT?MAIN
*** WARNING L16: UNCALLED SEGMENT, IGNORED FOR OVERLAY PROCESS
    SEGMENT: ?PR?_LCD_SHOWSIGNEDNUM?LCD1602
*** WARNING L16: UNCALLED SEGMENT, IGNORED FOR OVERLAY PROCESS
    SEGMENT: ?PR?_LCD_SHOWBINNUM?LCD1602
*** WARNING L16: UNCALLED SEGMENT, IGNORED FOR OVERLAY PROCESS
    SEGMENT: ?PR?IR_IINT?IR
*** WARNING L16: UNCALLED SEGMENT, IGNORED FOR OVERLAY PROCESS
    SEGMENT: ?PR?IR_GETADDRESS?IR
*** WARNING L1: UNRESOLVED EXTERNAL SYMBOL
    SYMBOL:  IR_INIT
    MODULE:  main.obj (MAIN)
*** WARNING L1: UNRESOLVED EXTERNAL SYMBOL
    SYMBOL:  HC_SR04_GETDISTANCE
    MODULE:  main.obj (MAIN)
*** WARNING L2: REFERENCE MADE TO UNRESOLVED EXTERNAL
    SYMBOL:  IR_INIT
    MODULE:  main.obj (MAIN)
    ADDRESS: 125BH
*** WARNING L2: REFERENCE MADE TO UNRESOLVED EXTERNAL
    SYMBOL:  HC_SR04_GETDISTANCE
    MODULE:  main.obj (MAIN)
    ADDRESS: 0EECH
******************************************************************************
* RESTRICTED VERSION WITH 0800H BYTE CODE SIZE LIMIT; USED: 083EH BYTE (103%) *
******************************************************************************
Program Size: data=15.1 xdata=122 code=3408
LINK/LOCATE RUN COMPLETE.  11 WARNING(S),  0 ERROR(S)
*** WARNING L16: UNCALLED SEGMENT, IGNORED FOR OVERLAY PROCESS
    SEGMENT: ?PR?_MENU?MAIN
*** WARNING L16: UNCALLED SEGMENT, IGNORED FOR OVERLAY PROCESS
    SEGMENT: ?PR?_BUZZER_TIME?MAIN
*** WARNING L16: UNCALLED SEGMENT, IGNORED FOR OVERLAY PROCESS
    SEGMENT: ?PR?_LCD_SHOWINT?MAIN
*** WARNING L16: UNCALLED SEGMENT, IGNORED FOR OVERLAY PROCESS
    SEGMENT: ?PR?_LCD_SHOWSIGNEDNUM?LCD1602
*** WARNING L16: UNCALLED SEGMENT, IGNORED FOR OVERLAY PROCESS
    SEGMENT: ?PR?_LCD_SHOWBINNUM?LCD1602
*** WARNING L16: UNCALLED SEGMENT, IGNORED FOR OVERLAY PROCESS
    SEGMENT: ?PR?IR_IINT?IR
*** WARNING L16: UNCALLED SEGMENT, IGNORED FOR OVERLAY PROCESS
    SEGMENT: ?PR?IR_GETADDRESS?IR
*** WARNING L1: UNRESOLVED EXTERNAL SYMBOL
    SYMBOL:  IR_INIT
    MODULE:  main.obj (MAIN)
*** WARNING L1: UNRESOLVED EXTERNAL SYMBOL
    SYMBOL:  HC_SR04_GETDISTANCE
    MODULE:  main.obj (MAIN)
*** WARNING L2: REFERENCE MADE TO UNRESOLVED EXTERNAL
    SYMBOL:  IR_INIT
    MODULE:  main.obj (MAIN)
    ADDRESS: 125BH
*** WARNING L2: REFERENCE MADE TO UNRESOLVED EXTERNAL
    SYMBOL:  HC_SR04_GETDISTANCE
    MODULE:  main.obj (MAIN)
    ADDRESS: 0EECH
*** FATAL ERROR L250: CODE SIZE LIMIT IN RESTRICTED VERSION EXCEEDED
    MODULE:  main.obj (-----)
    LIMIT:   0800H BYTES
Target not created
Build target 'Target 1'
assembling STARTUP.A51...
compiling main.c...
MAIN.C(21): warning C206: 'IR_Init': missing function-prototype
MAIN.C(38): warning C235: parameter 1: different types
compiling LCD1602.c...
compiling DS1302.c...
DS1302.C(106): warning C235: parameter 1: different types
compiling IR.c...
compiling Int0.c...
compiling Time0.c...
linking...
*** WARNING L16: UNCALLED SEGMENT, IGNORED FOR OVERLAY PROCESS
    SEGMENT: ?PR?_MENU?MAIN
*** WARNING L16: UNCALLED SEGMENT, IGNORED FOR OVERLAY PROCESS
    SEGMENT: ?PR?_LCD_SHOWINT?MAIN
*** WARNING L16: UNCALLED SEGMENT, IGNORED FOR OVERLAY PROCESS
    SEGMENT: ?PR?_LCD_SHOWSIGNEDNUM?LCD1602
*** WARNING L16: UNCALLED SEGMENT, IGNORED FOR OVERLAY PROCESS
    SEGMENT: ?PR?_LCD_SHOWBINNUM?LCD1602
*** WARNING L16: UNCALLED SEGMENT, IGNORED FOR OVERLAY PROCESS
    SEGMENT: ?PR?IR_IINT?IR
*** WARNING L16: UNCALLED SEGMENT, IGNORED FOR OVERLAY PROCESS
    SEGMENT: ?PR?IR_GETADDRESS?IR
*** WARNING L1: UNRESOLVED EXTERNAL SYMBOL
    SYMBOL:  IR_INIT
    MODULE:  main.obj (MAIN)
*** WARNING L1: UNRESOLVED EXTERNAL SYMBOL
    SYMBOL:  HC_SR04_GETDISTANCE
    MODULE:  main.obj (MAIN)
*** WARNING L2: REFERENCE MADE TO UNRESOLVED EXTERNAL
    SYMBOL:  IR_INIT
    MODULE:  main.obj (MAIN)
    ADDRESS: 121AH
*** WARNING L2: REFERENCE MADE TO UNRESOLVED EXTERNAL
    SYMBOL:  HC_SR04_GETDISTANCE
    MODULE:  main.obj (MAIN)
    ADDRESS: 0EECH
Program Size: data=15.1 xdata=118 code=3343
creating hex file from "Course_Design"...
"Course_Design" - 0 Error(s), 13 Warning(s).
Build target 'Target 1'
assembling STARTUP.A51...
compiling main.c...
MAIN.C(21): warning C206: 'IR_Init': missing function-prototype
MAIN.C(38): warning C235: parameter 1: different types
compiling LCD1602.c...
compiling DS1302.c...
DS1302.C(106): warning C235: parameter 1: different types
compiling IR.c...
compiling Int0.c...
compiling Time0.c...
linking...
BL51 BANKED LINKER/LOCATER V6.22 - SN: Eval Version
COPYRIGHT KEIL ELEKTRONIK GmbH 1987 - 2009
"STARTUP.obj",
"main.obj",
"LCD1602.obj",
"DS1302.obj",
"IR.obj",
"Int0.obj",
"Time0.obj" 
TO "Course_Design" 
RAMSIZE(256) 
*** WARNING L16: UNCALLED SEGMENT, IGNORED FOR OVERLAY PROCESS
    SEGMENT: ?PR?_MENU?MAIN
*** WARNING L16: UNCALLED SEGMENT, IGNORED FOR OVERLAY PROCESS
    SEGMENT: ?PR?_LCD_SHOWINT?MAIN
*** WARNING L16: UNCALLED SEGMENT, IGNORED FOR OVERLAY PROCESS
    SEGMENT: ?PR?_LCD_SHOWSIGNEDNUM?LCD1602
*** WARNING L16: UNCALLED SEGMENT, IGNORED FOR OVERLAY PROCESS
    SEGMENT: ?PR?_LCD_SHOWBINNUM?LCD1602
*** WARNING L16: UNCALLED SEGMENT, IGNORED FOR OVERLAY PROCESS
    SEGMENT: ?PR?IR_IINT?IR
*** WARNING L1: UNRESOLVED EXTERNAL SYMBOL
    SYMBOL:  IR_INIT
    MODULE:  main.obj (MAIN)
*** WARNING L1: UNRESOLVED EXTERNAL SYMBOL
    SYMBOL:  HC_SR04_GETDISTANCE
    MODULE:  main.obj (MAIN)
*** WARNING L2: REFERENCE MADE TO UNRESOLVED EXTERNAL
    SYMBOL:  IR_INIT
    MODULE:  main.obj (MAIN)
    ADDRESS: 1197H
*** WARNING L2: REFERENCE MADE TO UNRESOLVED EXTERNAL
    SYMBOL:  HC_SR04_GETDISTANCE
    MODULE:  main.obj (MAIN)
    ADDRESS: 0EECH
******************************************************************************
* RESTRICTED VERSION WITH 0800H BYTE CODE SIZE LIMIT; USED: 0805H BYTE (100%) *
******************************************************************************
Program Size: data=15.1 xdata=119 code=3351
LINK/LOCATE RUN COMPLETE.  9 WARNING(S),  0 ERROR(S)
*** WARNING L16: UNCALLED SEGMENT, IGNORED FOR OVERLAY PROCESS
    SEGMENT: ?PR?_MENU?MAIN
*** WARNING L16: UNCALLED SEGMENT, IGNORED FOR OVERLAY PROCESS
    SEGMENT: ?PR?_LCD_SHOWINT?MAIN
*** WARNING L16: UNCALLED SEGMENT, IGNORED FOR OVERLAY PROCESS
    SEGMENT: ?PR?_LCD_SHOWSIGNEDNUM?LCD1602
*** WARNING L16: UNCALLED SEGMENT, IGNORED FOR OVERLAY PROCESS
    SEGMENT: ?PR?_LCD_SHOWBINNUM?LCD1602
*** WARNING L16: UNCALLED SEGMENT, IGNORED FOR OVERLAY PROCESS
    SEGMENT: ?PR?IR_IINT?IR
*** WARNING L1: UNRESOLVED EXTERNAL SYMBOL
    SYMBOL:  IR_INIT
    MODULE:  main.obj (MAIN)
*** WARNING L1: UNRESOLVED EXTERNAL SYMBOL
    SYMBOL:  HC_SR04_GETDISTANCE
    MODULE:  main.obj (MAIN)
*** WARNING L2: REFERENCE MADE TO UNRESOLVED EXTERNAL
    SYMBOL:  IR_INIT
    MODULE:  main.obj (MAIN)
    ADDRESS: 1197H
*** WARNING L2: REFERENCE MADE TO UNRESOLVED EXTERNAL
    SYMBOL:  HC_SR04_GETDISTANCE
    MODULE:  main.obj (MAIN)
    ADDRESS: 0EECH
*** FATAL ERROR L250: CODE SIZE LIMIT IN RESTRICTED VERSION EXCEEDED
    MODULE:  main.obj (-----)
    LIMIT:   0800H BYTES
Target not created
Build target 'Target 1'
assembling STARTUP.A51...
compiling main.c...
MAIN.C(21): warning C206: 'IR_Init': missing function-prototype
MAIN.C(38): warning C235: parameter 1: different types
compiling LCD1602.c...
compiling DS1302.c...
DS1302.C(106): warning C235: parameter 1: different types
compiling IR.c...
compiling Int0.c...
compiling Time0.c...
linking...
*** WARNING L16: UNCALLED SEGMENT, IGNORED FOR OVERLAY PROCESS
    SEGMENT: ?PR?_MENU?MAIN
*** WARNING L16: UNCALLED SEGMENT, IGNORED FOR OVERLAY PROCESS
    SEGMENT: ?PR?_DELAY_MS?MAIN
*** WARNING L16: UNCALLED SEGMENT, IGNORED FOR OVERLAY PROCESS
    SEGMENT: ?PR?_LCD_SHOWINT?MAIN
*** WARNING L16: UNCALLED SEGMENT, IGNORED FOR OVERLAY PROCESS
    SEGMENT: ?PR?_LCD_SHOWSIGNEDNUM?LCD1602
*** WARNING L16: UNCALLED SEGMENT, IGNORED FOR OVERLAY PROCESS
    SEGMENT: ?PR?_LCD_SHOWBINNUM?LCD1602
*** WARNING L16: UNCALLED SEGMENT, IGNORED FOR OVERLAY PROCESS
    SEGMENT: ?PR?IR_IINT?IR
*** WARNING L1: UNRESOLVED EXTERNAL SYMBOL
    SYMBOL:  IR_INIT
    MODULE:  main.obj (MAIN)
*** WARNING L1: UNRESOLVED EXTERNAL SYMBOL
    SYMBOL:  HC_SR04_GETDISTANCE
    MODULE:  main.obj (MAIN)
*** WARNING L2: REFERENCE MADE TO UNRESOLVED EXTERNAL
    SYMBOL:  IR_INIT
    MODULE:  main.obj (MAIN)
    ADDRESS: 12CDH
*** WARNING L2: REFERENCE MADE TO UNRESOLVED EXTERNAL
    SYMBOL:  HC_SR04_GETDISTANCE
    MODULE:  main.obj (MAIN)
    ADDRESS: 0EECH
Program Size: data=15.1 xdata=119 code=3339
creating hex file from "Course_Design"...
"Course_Design" - 0 Error(s), 13 Warning(s).
Build target 'Target 1'
assembling STARTUP.A51...
compiling main.c...
MAIN.C(21): warning C206: 'IR_Init': missing function-prototype
MAIN.C(39): warning C235: parameter 1: different types
compiling LCD1602.c...
compiling DS1302.c...
DS1302.C(106): warning C235: parameter 1: different types
compiling IR.c...
compiling Int0.c...
compiling Time0.c...
linking...
BL51 BANKED LINKER/LOCATER V6.22 - SN: Eval Version
COPYRIGHT KEIL ELEKTRONIK GmbH 1987 - 2009
"STARTUP.obj",
"main.obj",
"LCD1602.obj",
"DS1302.obj",
"IR.obj",
"Int0.obj",
"Time0.obj" 
TO "Course_Design" 
RAMSIZE(256) 
*** WARNING L16: UNCALLED SEGMENT, IGNORED FOR OVERLAY PROCESS
    SEGMENT: ?PR?_MENU?MAIN
*** WARNING L16: UNCALLED SEGMENT, IGNORED FOR OVERLAY PROCESS
    SEGMENT: ?PR?_DELAY_MS?MAIN
*** WARNING L16: UNCALLED SEGMENT, IGNORED FOR OVERLAY PROCESS
    SEGMENT: ?PR?_LCD_SHOWINT?MAIN
*** WARNING L16: UNCALLED SEGMENT, IGNORED FOR OVERLAY PROCESS
    SEGMENT: ?PR?_LCD_SHOWSIGNEDNUM?LCD1602
*** WARNING L16: UNCALLED SEGMENT, IGNORED FOR OVERLAY PROCESS
    SEGMENT: ?PR?_LCD_SHOWBINNUM?LCD1602
*** WARNING L16: UNCALLED SEGMENT, IGNORED FOR OVERLAY PROCESS
    SEGMENT: ?PR?IR_IINT?IR
*** WARNING L1: UNRESOLVED EXTERNAL SYMBOL
    SYMBOL:  IR_INIT
    MODULE:  main.obj (MAIN)
*** WARNING L1: UNRESOLVED EXTERNAL SYMBOL
    SYMBOL:  HC_SR04_GETDISTANCE
    MODULE:  main.obj (MAIN)
*** WARNING L2: REFERENCE MADE TO UNRESOLVED EXTERNAL
    SYMBOL:  IR_INIT
    MODULE:  main.obj (MAIN)
    ADDRESS: 1197H
*** WARNING L2: REFERENCE MADE TO UNRESOLVED EXTERNAL
    SYMBOL:  HC_SR04_GETDISTANCE
    MODULE:  main.obj (MAIN)
    ADDRESS: 0EECH
******************************************************************************
* RESTRICTED VERSION WITH 0800H BYTE CODE SIZE LIMIT; USED: 0812H BYTE (100%) *
******************************************************************************
Program Size: data=15.1 xdata=116 code=3364
LINK/LOCATE RUN COMPLETE.  10 WARNING(S),  0 ERROR(S)
*** WARNING L16: UNCALLED SEGMENT, IGNORED FOR OVERLAY PROCESS
    SEGMENT: ?PR?_MENU?MAIN
*** WARNING L16: UNCALLED SEGMENT, IGNORED FOR OVERLAY PROCESS
    SEGMENT: ?PR?_DELAY_MS?MAIN
*** WARNING L16: UNCALLED SEGMENT, IGNORED FOR OVERLAY PROCESS
    SEGMENT: ?PR?_LCD_SHOWINT?MAIN
*** WARNING L16: UNCALLED SEGMENT, IGNORED FOR OVERLAY PROCESS
    SEGMENT: ?PR?_LCD_SHOWSIGNEDNUM?LCD1602
*** WARNING L16: UNCALLED SEGMENT, IGNORED FOR OVERLAY PROCESS
    SEGMENT: ?PR?_LCD_SHOWBINNUM?LCD1602
*** WARNING L16: UNCALLED SEGMENT, IGNORED FOR OVERLAY PROCESS
    SEGMENT: ?PR?IR_IINT?IR
*** WARNING L1: UNRESOLVED EXTERNAL SYMBOL
    SYMBOL:  IR_INIT
    MODULE:  main.obj (MAIN)
*** WARNING L1: UNRESOLVED EXTERNAL SYMBOL
    SYMBOL:  HC_SR04_GETDISTANCE
    MODULE:  main.obj (MAIN)
*** WARNING L2: REFERENCE MADE TO UNRESOLVED EXTERNAL
    SYMBOL:  IR_INIT
    MODULE:  main.obj (MAIN)
    ADDRESS: 1197H
*** WARNING L2: REFERENCE MADE TO UNRESOLVED EXTERNAL
    SYMBOL:  HC_SR04_GETDISTANCE
    MODULE:  main.obj (MAIN)
    ADDRESS: 0EECH
*** FATAL ERROR L250: CODE SIZE LIMIT IN RESTRICTED VERSION EXCEEDED
    MODULE:  main.obj (-----)
    LIMIT:   0800H BYTES
Target not created
Build target 'Target 1'
assembling STARTUP.A51...
compiling main.c...
MAIN.C(21): warning C206: 'IR_Init': missing function-prototype
MAIN.C(39): warning C235: parameter 1: different types
compiling LCD1602.c...
compiling DS1302.c...
DS1302.C(106): warning C235: parameter 1: different types
compiling IR.c...
compiling Int0.c...
compiling Time0.c...
linking...
*** WARNING L16: UNCALLED SEGMENT, IGNORED FOR OVERLAY PROCESS
    SEGMENT: ?PR?_MENU?MAIN
*** WARNING L16: UNCALLED SEGMENT, IGNORED FOR OVERLAY PROCESS
    SEGMENT: ?PR?_DELAY_MS?MAIN
*** WARNING L16: UNCALLED SEGMENT, IGNORED FOR OVERLAY PROCESS
    SEGMENT: ?PR?_LCD_SHOWINT?MAIN
*** WARNING L16: UNCALLED SEGMENT, IGNORED FOR OVERLAY PROCESS
    SEGMENT: ?PR?_LCD_SHOWSIGNEDNUM?LCD1602
*** WARNING L16: UNCALLED SEGMENT, IGNORED FOR OVERLAY PROCESS
    SEGMENT: ?PR?_LCD_SHOWBINNUM?LCD1602
*** WARNING L16: UNCALLED SEGMENT, IGNORED FOR OVERLAY PROCESS
    SEGMENT: ?PR?IR_IINT?IR
*** WARNING L1: UNRESOLVED EXTERNAL SYMBOL
    SYMBOL:  IR_INIT
    MODULE:  main.obj (MAIN)
*** WARNING L1: UNRESOLVED EXTERNAL SYMBOL
    SYMBOL:  HC_SR04_GETDISTANCE
    MODULE:  main.obj (MAIN)
*** WARNING L2: REFERENCE MADE TO UNRESOLVED EXTERNAL
    SYMBOL:  IR_INIT
    MODULE:  main.obj (MAIN)
    ADDRESS: 099DH
*** WARNING L2: REFERENCE MADE TO UNRESOLVED EXTERNAL
    SYMBOL:  HC_SR04_GETDISTANCE
    MODULE:  main.obj (MAIN)
    ADDRESS: 06F2H
Program Size: data=15.1 xdata=116 code=3364
creating hex file from "Course_Design"...
"Course_Design" - 0 Error(s), 13 Warning(s).
Build target 'Target 1'
assembling STARTUP.A51...
compiling main.c...
MAIN.C(21): warning C206: 'IR_Init': missing function-prototype
MAIN.C(39): warning C235: parameter 1: different types
compiling LCD1602.c...
compiling DS1302.c...
DS1302.C(106): warning C235: parameter 1: different types
compiling IR.c...
compiling Int0.c...
compiling Time0.c...
linking...
*** WARNING L16: UNCALLED SEGMENT, IGNORED FOR OVERLAY PROCESS
    SEGMENT: ?PR?_MENU?MAIN
*** WARNING L16: UNCALLED SEGMENT, IGNORED FOR OVERLAY PROCESS
    SEGMENT: ?PR?_DELAY_MS?MAIN
*** WARNING L16: UNCALLED SEGMENT, IGNORED FOR OVERLAY PROCESS
    SEGMENT: ?PR?_LCD_SHOWINT?MAIN
*** WARNING L16: UNCALLED SEGMENT, IGNORED FOR OVERLAY PROCESS
    SEGMENT: ?PR?_LCD_SHOWSIGNEDNUM?LCD1602
*** WARNING L16: UNCALLED SEGMENT, IGNORED FOR OVERLAY PROCESS
    SEGMENT: ?PR?_LCD_SHOWBINNUM?LCD1602
*** WARNING L16: UNCALLED SEGMENT, IGNORED FOR OVERLAY PROCESS
    SEGMENT: ?PR?IR_IINT?IR
*** WARNING L1: UNRESOLVED EXTERNAL SYMBOL
    SYMBOL:  IR_INIT
    MODULE:  main.obj (MAIN)
*** WARNING L1: UNRESOLVED EXTERNAL SYMBOL
    SYMBOL:  HC_SR04_GETDISTANCE
    MODULE:  main.obj (MAIN)
*** WARNING L2: REFERENCE MADE TO UNRESOLVED EXTERNAL
    SYMBOL:  IR_INIT
    MODULE:  main.obj (MAIN)
    ADDRESS: 099DH
*** WARNING L2: REFERENCE MADE TO UNRESOLVED EXTERNAL
    SYMBOL:  HC_SR04_GETDISTANCE
    MODULE:  main.obj (MAIN)
    ADDRESS: 06F2H
Program Size: data=15.1 xdata=116 code=3364
creating hex file from "Course_Design"...
"Course_Design" - 0 Error(s), 13 Warning(s).
Build target 'Target 1'
assembling STARTUP.A51...
compiling main.c...
MAIN.C(39): warning C235: parameter 1: different types
compiling LCD1602.c...
compiling DS1302.c...
DS1302.C(106): warning C235: parameter 1: different types
compiling IR.c...
compiling Int0.c...
compiling Time0.c...
linking...
*** WARNING L16: UNCALLED SEGMENT, IGNORED FOR OVERLAY PROCESS
    SEGMENT: ?PR?_MENU?MAIN
*** WARNING L16: UNCALLED SEGMENT, IGNORED FOR OVERLAY PROCESS
    SEGMENT: ?PR?_DELAY_MS?MAIN
*** WARNING L16: UNCALLED SEGMENT, IGNORED FOR OVERLAY PROCESS
    SEGMENT: ?PR?_LCD_SHOWINT?MAIN
*** WARNING L16: UNCALLED SEGMENT, IGNORED FOR OVERLAY PROCESS
    SEGMENT: ?PR?_LCD_SHOWSIGNEDNUM?LCD1602
*** WARNING L16: UNCALLED SEGMENT, IGNORED FOR OVERLAY PROCESS
    SEGMENT: ?PR?_LCD_SHOWBINNUM?LCD1602
*** WARNING L16: UNCALLED SEGMENT, IGNORED FOR OVERLAY PROCESS
    SEGMENT: ?PR?IR_IINT?IR
*** WARNING L1: UNRESOLVED EXTERNAL SYMBOL
    SYMBOL:  HC_SR04_GETDISTANCE
    MODULE:  main.obj (MAIN)
*** WARNING L2: REFERENCE MADE TO UNRESOLVED EXTERNAL
    SYMBOL:  HC_SR04_GETDISTANCE
    MODULE:  main.obj (MAIN)
    ADDRESS: 06F2H
Program Size: data=15.1 xdata=116 code=3361
creating hex file from "Course_Design"...
"Course_Design" - 0 Error(s), 10 Warning(s).
Build target 'Target 1'
assembling STARTUP.A51...
compiling main.c...
MAIN.C(39): warning C235: parameter 1: different types
compiling LCD1602.c...
compiling DS1302.c...
DS1302.C(106): warning C235: parameter 1: different types
compiling IR.c...
compiling Int0.c...
compiling Time0.c...
linking...
*** WARNING L16: UNCALLED SEGMENT, IGNORED FOR OVERLAY PROCESS
    SEGMENT: ?PR?_MENU?MAIN
*** WARNING L16: UNCALLED SEGMENT, IGNORED FOR OVERLAY PROCESS
    SEGMENT: ?PR?_DELAY_MS?MAIN
*** WARNING L16: UNCALLED SEGMENT, IGNORED FOR OVERLAY PROCESS
    SEGMENT: ?PR?_LCD_SHOWINT?MAIN
*** WARNING L16: UNCALLED SEGMENT, IGNORED FOR OVERLAY PROCESS
    SEGMENT: ?PR?_LCD_SHOWSIGNEDNUM?LCD1602
*** WARNING L16: UNCALLED SEGMENT, IGNORED FOR OVERLAY PROCESS
    SEGMENT: ?PR?_LCD_SHOWBINNUM?LCD1602
*** WARNING L16: UNCALLED SEGMENT, IGNORED FOR OVERLAY PROCESS
    SEGMENT: ?PR?IR_IINT?IR
*** WARNING L16: UNCALLED SEGMENT, IGNORED FOR OVERLAY PROCESS
    SEGMENT: ?PR?TIMER0_INIT?TIME0
*** WARNING L1: UNRESOLVED EXTERNAL SYMBOL
    SYMBOL:  HC_SR04_GETDISTANCE
    MODULE:  main.obj (MAIN)
*** WARNING L2: REFERENCE MADE TO UNRESOLVED EXTERNAL
    SYMBOL:  HC_SR04_GETDISTANCE
    MODULE:  main.obj (MAIN)
    ADDRESS: 06F2H
Program Size: data=15.1 xdata=116 code=3358
creating hex file from "Course_Design"...
"Course_Design" - 0 Error(s), 11 Warning(s).
Build target 'Target 1'
assembling STARTUP.A51...
compiling main.c...
MAIN.C(21): warning C206: 'IR_Init': missing function-prototype
MAIN.C(39): warning C235: parameter 1: different types
compiling LCD1602.c...
compiling DS1302.c...
DS1302.C(106): warning C235: parameter 1: different types
compiling IR.c...
compiling Int0.c...
compiling Time0.c...
linking...
*** WARNING L16: UNCALLED SEGMENT, IGNORED FOR OVERLAY PROCESS
    SEGMENT: ?PR?_MENU?MAIN
*** WARNING L16: UNCALLED SEGMENT, IGNORED FOR OVERLAY PROCESS
    SEGMENT: ?PR?_DELAY_MS?MAIN
*** WARNING L16: UNCALLED SEGMENT, IGNORED FOR OVERLAY PROCESS
    SEGMENT: ?PR?_LCD_SHOWINT?MAIN
*** WARNING L16: UNCALLED SEGMENT, IGNORED FOR OVERLAY PROCESS
    SEGMENT: ?PR?_LCD_SHOWSIGNEDNUM?LCD1602
*** WARNING L16: UNCALLED SEGMENT, IGNORED FOR OVERLAY PROCESS
    SEGMENT: ?PR?_LCD_SHOWBINNUM?LCD1602
*** WARNING L16: UNCALLED SEGMENT, IGNORED FOR OVERLAY PROCESS
    SEGMENT: ?PR?IR_IINT?IR
*** WARNING L16: UNCALLED SEGMENT, IGNORED FOR OVERLAY PROCESS
    SEGMENT: ?PR?TIMER0_INIT?TIME0
*** WARNING L1: UNRESOLVED EXTERNAL SYMBOL
    SYMBOL:  IR_INIT
    MODULE:  main.obj (MAIN)
*** WARNING L1: UNRESOLVED EXTERNAL SYMBOL
    SYMBOL:  HC_SR04_GETDISTANCE
    MODULE:  main.obj (MAIN)
*** WARNING L2: REFERENCE MADE TO UNRESOLVED EXTERNAL
    SYMBOL:  IR_INIT
    MODULE:  main.obj (MAIN)
    ADDRESS: 099DH
*** WARNING L2: REFERENCE MADE TO UNRESOLVED EXTERNAL
    SYMBOL:  HC_SR04_GETDISTANCE
    MODULE:  main.obj (MAIN)
    ADDRESS: 06F2H
Program Size: data=15.1 xdata=116 code=3361
creating hex file from "Course_Design"...
"Course_Design" - 0 Error(s), 14 Warning(s).
Build target 'Target 1'
assembling STARTUP.A51...
compiling main.c...
MAIN.C(21): warning C206: 'IR_Init': missing function-prototype
MAIN.C(39): warning C235: parameter 1: different types
compiling LCD1602.c...
compiling DS1302.c...
DS1302.C(106): warning C235: parameter 1: different types
compiling IR.c...
compiling Int0.c...
compiling Time0.c...
linking...
*** WARNING L16: UNCALLED SEGMENT, IGNORED FOR OVERLAY PROCESS
    SEGMENT: ?PR?_MENU?MAIN
*** WARNING L16: UNCALLED SEGMENT, IGNORED FOR OVERLAY PROCESS
    SEGMENT: ?PR?_DELAY_MS?MAIN
*** WARNING L16: UNCALLED SEGMENT, IGNORED FOR OVERLAY PROCESS
    SEGMENT: ?PR?_LCD_SHOWINT?MAIN
*** WARNING L16: UNCALLED SEGMENT, IGNORED FOR OVERLAY PROCESS
    SEGMENT: ?PR?_LCD_SHOWSIGNEDNUM?LCD1602
*** WARNING L16: UNCALLED SEGMENT, IGNORED FOR OVERLAY PROCESS
    SEGMENT: ?PR?_LCD_SHOWBINNUM?LCD1602
*** WARNING L16: UNCALLED SEGMENT, IGNORED FOR OVERLAY PROCESS
    SEGMENT: ?PR?IR_IINT?IR
*** WARNING L16: UNCALLED SEGMENT, IGNORED FOR OVERLAY PROCESS
    SEGMENT: ?PR?INT0_INIT?INT0
*** WARNING L1: UNRESOLVED EXTERNAL SYMBOL
    SYMBOL:  IR_INIT
    MODULE:  main.obj (MAIN)
*** WARNING L1: UNRESOLVED EXTERNAL SYMBOL
    SYMBOL:  HC_SR04_GETDISTANCE
    MODULE:  main.obj (MAIN)
*** WARNING L2: REFERENCE MADE TO UNRESOLVED EXTERNAL
    SYMBOL:  IR_INIT
    MODULE:  main.obj (MAIN)
    ADDRESS: 099DH
*** WARNING L2: REFERENCE MADE TO UNRESOLVED EXTERNAL
    SYMBOL:  HC_SR04_GETDISTANCE
    MODULE:  main.obj (MAIN)
    ADDRESS: 06F2H
Program Size: data=15.1 xdata=116 code=3361
creating hex file from "Course_Design"...
"Course_Design" - 0 Error(s), 14 Warning(s).
Build target 'Target 1'
assembling STARTUP.A51...
compiling main.c...
MAIN.C(21): warning C206: 'IR_Init': missing function-prototype
MAIN.C(39): warning C235: parameter 1: different types
compiling LCD1602.c...
compiling DS1302.c...
DS1302.C(106): warning C235: parameter 1: different types
compiling IR.c...
compiling Int0.c...
compiling Time0.c...
linking...
*** WARNING L16: UNCALLED SEGMENT, IGNORED FOR OVERLAY PROCESS
    SEGMENT: ?PR?_MENU?MAIN
*** WARNING L16: UNCALLED SEGMENT, IGNORED FOR OVERLAY PROCESS
    SEGMENT: ?PR?_DELAY_MS?MAIN
*** WARNING L16: UNCALLED SEGMENT, IGNORED FOR OVERLAY PROCESS
    SEGMENT: ?PR?_LCD_SHOWINT?MAIN
*** WARNING L16: UNCALLED SEGMENT, IGNORED FOR OVERLAY PROCESS
    SEGMENT: ?PR?_LCD_SHOWSIGNEDNUM?LCD1602
*** WARNING L16: UNCALLED SEGMENT, IGNORED FOR OVERLAY PROCESS
    SEGMENT: ?PR?_LCD_SHOWBINNUM?LCD1602
*** WARNING L16: UNCALLED SEGMENT, IGNORED FOR OVERLAY PROCESS
    SEGMENT: ?PR?IR_IINT?IR
*** WARNING L16: UNCALLED SEGMENT, IGNORED FOR OVERLAY PROCESS
    SEGMENT: ?PR?INT0_INIT?INT0
*** WARNING L16: UNCALLED SEGMENT, IGNORED FOR OVERLAY PROCESS
    SEGMENT: ?PR?TIMER0_INIT?TIME0
*** WARNING L1: UNRESOLVED EXTERNAL SYMBOL
    SYMBOL:  IR_INIT
    MODULE:  main.obj (MAIN)
*** WARNING L1: UNRESOLVED EXTERNAL SYMBOL
    SYMBOL:  HC_SR04_GETDISTANCE
    MODULE:  main.obj (MAIN)
*** WARNING L2: REFERENCE MADE TO UNRESOLVED EXTERNAL
    SYMBOL:  IR_INIT
    MODULE:  main.obj (MAIN)
    ADDRESS: 099DH
*** WARNING L2: REFERENCE MADE TO UNRESOLVED EXTERNAL
    SYMBOL:  HC_SR04_GETDISTANCE
    MODULE:  main.obj (MAIN)
    ADDRESS: 06F2H
Program Size: data=15.1 xdata=116 code=3359
creating hex file from "Course_Design"...
"Course_Design" - 0 Error(s), 15 Warning(s).
Build target 'Target 1'
assembling STARTUP.A51...
compiling main.c...
MAIN.C(21): warning C206: 'IR_Init': missing function-prototype
MAIN.C(39): warning C235: parameter 1: different types
compiling LCD1602.c...
compiling DS1302.c...
DS1302.C(106): warning C235: parameter 1: different types
compiling IR.c...
compiling Int0.c...
compiling Time0.c...
linking...
*** WARNING L16: UNCALLED SEGMENT, IGNORED FOR OVERLAY PROCESS
    SEGMENT: ?PR?_MENU?MAIN
*** WARNING L16: UNCALLED SEGMENT, IGNORED FOR OVERLAY PROCESS
    SEGMENT: ?PR?_DELAY_MS?MAIN
*** WARNING L16: UNCALLED SEGMENT, IGNORED FOR OVERLAY PROCESS
    SEGMENT: ?PR?_LCD_SHOWINT?MAIN
*** WARNING L16: UNCALLED SEGMENT, IGNORED FOR OVERLAY PROCESS
    SEGMENT: ?PR?_LCD_SHOWSIGNEDNUM?LCD1602
*** WARNING L16: UNCALLED SEGMENT, IGNORED FOR OVERLAY PROCESS
    SEGMENT: ?PR?_LCD_SHOWBINNUM?LCD1602
*** WARNING L16: UNCALLED SEGMENT, IGNORED FOR OVERLAY PROCESS
    SEGMENT: ?PR?IR_IINT?IR
*** WARNING L1: UNRESOLVED EXTERNAL SYMBOL
    SYMBOL:  IR_INIT
    MODULE:  main.obj (MAIN)
*** WARNING L1: UNRESOLVED EXTERNAL SYMBOL
    SYMBOL:  HC_SR04_GETDISTANCE
    MODULE:  main.obj (MAIN)
*** WARNING L2: REFERENCE MADE TO UNRESOLVED EXTERNAL
    SYMBOL:  IR_INIT
    MODULE:  main.obj (MAIN)
    ADDRESS: 099DH
*** WARNING L2: REFERENCE MADE TO UNRESOLVED EXTERNAL
    SYMBOL:  HC_SR04_GETDISTANCE
    MODULE:  main.obj (MAIN)
    ADDRESS: 06F2H
Program Size: data=15.1 xdata=116 code=3364
creating hex file from "Course_Design"...
"Course_Design" - 0 Error(s), 13 Warning(s).
Build target 'Target 1'
assembling STARTUP.A51...
compiling main.c...
MAIN.C(21): warning C206: 'IR_Init0': missing function-prototype
MAIN.C(39): warning C235: parameter 1: different types
compiling LCD1602.c...
compiling DS1302.c...
DS1302.C(106): warning C235: parameter 1: different types
compiling IR.c...
compiling Int0.c...
compiling Time0.c...
linking...
*** WARNING L16: UNCALLED SEGMENT, IGNORED FOR OVERLAY PROCESS
    SEGMENT: ?PR?_MENU?MAIN
*** WARNING L16: UNCALLED SEGMENT, IGNORED FOR OVERLAY PROCESS
    SEGMENT: ?PR?_DELAY_MS?MAIN
*** WARNING L16: UNCALLED SEGMENT, IGNORED FOR OVERLAY PROCESS
    SEGMENT: ?PR?_LCD_SHOWINT?MAIN
*** WARNING L16: UNCALLED SEGMENT, IGNORED FOR OVERLAY PROCESS
    SEGMENT: ?PR?_LCD_SHOWSIGNEDNUM?LCD1602
*** WARNING L16: UNCALLED SEGMENT, IGNORED FOR OVERLAY PROCESS
    SEGMENT: ?PR?_LCD_SHOWBINNUM?LCD1602
*** WARNING L16: UNCALLED SEGMENT, IGNORED FOR OVERLAY PROCESS
    SEGMENT: ?PR?IR_IINT0?IR
*** WARNING L16: UNCALLED SEGMENT, IGNORED FOR OVERLAY PROCESS
    SEGMENT: ?PR?INT0_INIT?INT0
*** WARNING L16: UNCALLED SEGMENT, IGNORED FOR OVERLAY PROCESS
    SEGMENT: ?PR?TIMER0_INIT?TIME0
*** WARNING L1: UNRESOLVED EXTERNAL SYMBOL
    SYMBOL:  HC_SR04_GETDISTANCE
    MODULE:  main.obj (MAIN)
*** WARNING L1: UNRESOLVED EXTERNAL SYMBOL
    SYMBOL:  IR_INIT0
    MODULE:  main.obj (MAIN)
*** WARNING L2: REFERENCE MADE TO UNRESOLVED EXTERNAL
    SYMBOL:  IR_INIT0
    MODULE:  main.obj (MAIN)
    ADDRESS: 099DH
*** WARNING L2: REFERENCE MADE TO UNRESOLVED EXTERNAL
    SYMBOL:  HC_SR04_GETDISTANCE
    MODULE:  main.obj (MAIN)
    ADDRESS: 06F2H
Program Size: data=15.1 xdata=116 code=3359
creating hex file from "Course_Design"...
"Course_Design" - 0 Error(s), 15 Warning(s).
Build target 'Target 1'
assembling STARTUP.A51...
compiling main.c...
MAIN.C(23): warning C206: 'IR_Init0': missing function-prototype
MAIN.C(39): warning C235: parameter 1: different types
compiling LCD1602.c...
compiling DS1302.c...
DS1302.C(106): warning C235: parameter 1: different types
compiling IR.c...
compiling Int0.c...
compiling Time0.c...
linking...
*** WARNING L16: UNCALLED SEGMENT, IGNORED FOR OVERLAY PROCESS
    SEGMENT: ?PR?_MENU?MAIN
*** WARNING L16: UNCALLED SEGMENT, IGNORED FOR OVERLAY PROCESS
    SEGMENT: ?PR?_DELAY_MS?MAIN
*** WARNING L16: UNCALLED SEGMENT, IGNORED FOR OVERLAY PROCESS
    SEGMENT: ?PR?_LCD_SHOWINT?MAIN
*** WARNING L16: UNCALLED SEGMENT, IGNORED FOR OVERLAY PROCESS
    SEGMENT: ?PR?_LCD_SHOWSIGNEDNUM?LCD1602
*** WARNING L16: UNCALLED SEGMENT, IGNORED FOR OVERLAY PROCESS
    SEGMENT: ?PR?_LCD_SHOWBINNUM?LCD1602
*** WARNING L16: UNCALLED SEGMENT, IGNORED FOR OVERLAY PROCESS
    SEGMENT: ?PR?IR_IINT0?IR
*** WARNING L16: UNCALLED SEGMENT, IGNORED FOR OVERLAY PROCESS
    SEGMENT: ?PR?INT0_INIT?INT0
*** WARNING L16: UNCALLED SEGMENT, IGNORED FOR OVERLAY PROCESS
    SEGMENT: ?PR?TIMER0_INIT?TIME0
*** WARNING L1: UNRESOLVED EXTERNAL SYMBOL
    SYMBOL:  HC_SR04_GETDISTANCE
    MODULE:  main.obj (MAIN)
*** WARNING L1: UNRESOLVED EXTERNAL SYMBOL
    SYMBOL:  IR_INIT0
    MODULE:  main.obj (MAIN)
*** WARNING L2: REFERENCE MADE TO UNRESOLVED EXTERNAL
    SYMBOL:  IR_INIT0
    MODULE:  main.obj (MAIN)
    ADDRESS: 09AAH
*** WARNING L2: REFERENCE MADE TO UNRESOLVED EXTERNAL
    SYMBOL:  HC_SR04_GETDISTANCE
    MODULE:  main.obj (MAIN)
    ADDRESS: 06F2H
Program Size: data=15.1 xdata=116 code=3359
creating hex file from "Course_Design"...
"Course_Design" - 0 Error(s), 15 Warning(s).
Build target 'Target 1'
assembling STARTUP.A51...
compiling main.c...
MAIN.C(23): warning C206: 'IR_Init0': missing function-prototype
MAIN.C(39): warning C235: parameter 1: different types
compiling LCD1602.c...
compiling DS1302.c...
DS1302.C(106): warning C235: parameter 1: different types
compiling IR.c...
compiling Int0.c...
compiling Time0.c...
linking...
*** WARNING L16: UNCALLED SEGMENT, IGNORED FOR OVERLAY PROCESS
    SEGMENT: ?PR?_MENU?MAIN
*** WARNING L16: UNCALLED SEGMENT, IGNORED FOR OVERLAY PROCESS
    SEGMENT: ?PR?_DELAY_MS?MAIN
*** WARNING L16: UNCALLED SEGMENT, IGNORED FOR OVERLAY PROCESS
    SEGMENT: ?PR?_LCD_SHOWINT?MAIN
*** WARNING L16: UNCALLED SEGMENT, IGNORED FOR OVERLAY PROCESS
    SEGMENT: ?PR?_LCD_SHOWSIGNEDNUM?LCD1602
*** WARNING L16: UNCALLED SEGMENT, IGNORED FOR OVERLAY PROCESS
    SEGMENT: ?PR?_LCD_SHOWBINNUM?LCD1602
*** WARNING L16: UNCALLED SEGMENT, IGNORED FOR OVERLAY PROCESS
    SEGMENT: ?PR?IR_IINT0?IR
*** WARNING L1: UNRESOLVED EXTERNAL SYMBOL
    SYMBOL:  HC_SR04_GETDISTANCE
    MODULE:  main.obj (MAIN)
*** WARNING L1: UNRESOLVED EXTERNAL SYMBOL
    SYMBOL:  IR_INIT0
    MODULE:  main.obj (MAIN)
*** WARNING L2: REFERENCE MADE TO UNRESOLVED EXTERNAL
    SYMBOL:  IR_INIT0
    MODULE:  main.obj (MAIN)
    ADDRESS: 09AAH
*** WARNING L2: REFERENCE MADE TO UNRESOLVED EXTERNAL
    SYMBOL:  HC_SR04_GETDISTANCE
    MODULE:  main.obj (MAIN)
    ADDRESS: 06F2H
Program Size: data=15.1 xdata=116 code=3364
creating hex file from "Course_Design"...
"Course_Design" - 0 Error(s), 13 Warning(s).
Build target 'Target 1'
assembling STARTUP.A51...
compiling main.c...
MAIN.C(23): warning C206: 'IR_Init0': missing function-prototype
MAIN.C(39): warning C235: parameter 1: different types
compiling LCD1602.c...
compiling DS1302.c...
DS1302.C(106): warning C235: parameter 1: different types
compiling IR.c...
compiling Int0.c...
compiling Time0.c...
linking...
*** WARNING L16: UNCALLED SEGMENT, IGNORED FOR OVERLAY PROCESS
    SEGMENT: ?PR?_MENU?MAIN
*** WARNING L16: UNCALLED SEGMENT, IGNORED FOR OVERLAY PROCESS
    SEGMENT: ?PR?_DELAY_MS?MAIN
*** WARNING L16: UNCALLED SEGMENT, IGNORED FOR OVERLAY PROCESS
    SEGMENT: ?PR?_LCD_SHOWINT?MAIN
*** WARNING L16: UNCALLED SEGMENT, IGNORED FOR OVERLAY PROCESS
    SEGMENT: ?PR?_LCD_SHOWSIGNEDNUM?LCD1602
*** WARNING L16: UNCALLED SEGMENT, IGNORED FOR OVERLAY PROCESS
    SEGMENT: ?PR?_LCD_SHOWBINNUM?LCD1602
*** WARNING L16: UNCALLED SEGMENT, IGNORED FOR OVERLAY PROCESS
    SEGMENT: ?PR?IR_IINT0?IR
*** WARNING L1: UNRESOLVED EXTERNAL SYMBOL
    SYMBOL:  HC_SR04_GETDISTANCE
    MODULE:  main.obj (MAIN)
*** WARNING L1: UNRESOLVED EXTERNAL SYMBOL
    SYMBOL:  IR_INIT0
    MODULE:  main.obj (MAIN)
*** WARNING L2: REFERENCE MADE TO UNRESOLVED EXTERNAL
    SYMBOL:  IR_INIT0
    MODULE:  main.obj (MAIN)
    ADDRESS: 09AAH
*** WARNING L2: REFERENCE MADE TO UNRESOLVED EXTERNAL
    SYMBOL:  HC_SR04_GETDISTANCE
    MODULE:  main.obj (MAIN)
    ADDRESS: 06F2H
Program Size: data=15.1 xdata=116 code=3364
creating hex file from "Course_Design"...
"Course_Design" - 0 Error(s), 13 Warning(s).
Build target 'Target 1'
assembling STARTUP.A51...
compiling main.c...
MAIN.C(42): warning C235: parameter 1: different types
compiling LCD1602.c...
compiling DS1302.c...
DS1302.C(106): warning C235: parameter 1: different types
compiling IR.c...
compiling Int0.c...
compiling Time0.c...
linking...
*** WARNING L16: UNCALLED SEGMENT, IGNORED FOR OVERLAY PROCESS
    SEGMENT: ?PR?_MENU?MAIN
*** WARNING L16: UNCALLED SEGMENT, IGNORED FOR OVERLAY PROCESS
    SEGMENT: ?PR?_DELAY_MS?MAIN
*** WARNING L16: UNCALLED SEGMENT, IGNORED FOR OVERLAY PROCESS
    SEGMENT: ?PR?_LCD_SHOWINT?MAIN
*** WARNING L16: UNCALLED SEGMENT, IGNORED FOR OVERLAY PROCESS
    SEGMENT: ?PR?_LCD_SHOWSIGNEDNUM?LCD1602
*** WARNING L16: UNCALLED SEGMENT, IGNORED FOR OVERLAY PROCESS
    SEGMENT: ?PR?_LCD_SHOWBINNUM?LCD1602
*** WARNING L16: UNCALLED SEGMENT, IGNORED FOR OVERLAY PROCESS
    SEGMENT: ?PR?IR_IINT0?IR
*** WARNING L1: UNRESOLVED EXTERNAL SYMBOL
    SYMBOL:  HC_SR04_GETDISTANCE
    MODULE:  main.obj (MAIN)
*** WARNING L2: REFERENCE MADE TO UNRESOLVED EXTERNAL
    SYMBOL:  HC_SR04_GETDISTANCE
    MODULE:  main.obj (MAIN)
    ADDRESS: 06F2H
Program Size: data=15.1 xdata=116 code=3367
creating hex file from "Course_Design"...
"Course_Design" - 0 Error(s), 10 Warning(s).
Build target 'Target 1'
assembling STARTUP.A51...
compiling main.c...
MAIN.C(42): warning C235: parameter 1: different types
compiling LCD1602.c...
compiling DS1302.c...
DS1302.C(106): warning C235: parameter 1: different types
compiling IR.c...
compiling Int0.c...
compiling Time0.c...
linking...
*** WARNING L16: UNCALLED SEGMENT, IGNORED FOR OVERLAY PROCESS
    SEGMENT: ?PR?_MENU?MAIN
*** WARNING L16: UNCALLED SEGMENT, IGNORED FOR OVERLAY PROCESS
    SEGMENT: ?PR?_DELAY_MS?MAIN
*** WARNING L16: UNCALLED SEGMENT, IGNORED FOR OVERLAY PROCESS
    SEGMENT: ?PR?_LCD_SHOWINT?MAIN
*** WARNING L16: UNCALLED SEGMENT, IGNORED FOR OVERLAY PROCESS
    SEGMENT: ?PR?_LCD_SHOWSIGNEDNUM?LCD1602
*** WARNING L16: UNCALLED SEGMENT, IGNORED FOR OVERLAY PROCESS
    SEGMENT: ?PR?_LCD_SHOWBINNUM?LCD1602
*** WARNING L16: UNCALLED SEGMENT, IGNORED FOR OVERLAY PROCESS
    SEGMENT: ?PR?IR_IINT0?IR
*** WARNING L1: UNRESOLVED EXTERNAL SYMBOL
    SYMBOL:  HC_SR04_GETDISTANCE
    MODULE:  main.obj (MAIN)
*** WARNING L2: REFERENCE MADE TO UNRESOLVED EXTERNAL
    SYMBOL:  HC_SR04_GETDISTANCE
    MODULE:  main.obj (MAIN)
    ADDRESS: 06F2H
Program Size: data=15.1 xdata=116 code=3367
creating hex file from "Course_Design"...
"Course_Design" - 0 Error(s), 10 Warning(s).
Build target 'Target 1'
assembling STARTUP.A51...
compiling main.c...
MAIN.C(23): warning C206: 'IR_Init0': missing function-prototype
MAIN.C(39): warning C235: parameter 1: different types
compiling LCD1602.c...
compiling DS1302.c...
DS1302.C(106): warning C235: parameter 1: different types
compiling IR.c...
compiling Int0.c...
compiling Time0.c...
linking...
*** WARNING L16: UNCALLED SEGMENT, IGNORED FOR OVERLAY PROCESS
    SEGMENT: ?PR?_MENU?MAIN
*** WARNING L16: UNCALLED SEGMENT, IGNORED FOR OVERLAY PROCESS
    SEGMENT: ?PR?_DELAY_MS?MAIN
*** WARNING L16: UNCALLED SEGMENT, IGNORED FOR OVERLAY PROCESS
    SEGMENT: ?PR?_LCD_SHOWINT?MAIN
*** WARNING L16: UNCALLED SEGMENT, IGNORED FOR OVERLAY PROCESS
    SEGMENT: ?PR?_LCD_SHOWSIGNEDNUM?LCD1602
*** WARNING L16: UNCALLED SEGMENT, IGNORED FOR OVERLAY PROCESS
    SEGMENT: ?PR?_LCD_SHOWBINNUM?LCD1602
*** WARNING L16: UNCALLED SEGMENT, IGNORED FOR OVERLAY PROCESS
    SEGMENT: ?PR?IR_IINT0?IR
*** WARNING L1: UNRESOLVED EXTERNAL SYMBOL
    SYMBOL:  HC_SR04_GETDISTANCE
    MODULE:  main.obj (MAIN)
*** WARNING L1: UNRESOLVED EXTERNAL SYMBOL
    SYMBOL:  IR_INIT0
    MODULE:  main.obj (MAIN)
*** WARNING L2: REFERENCE MADE TO UNRESOLVED EXTERNAL
    SYMBOL:  IR_INIT0
    MODULE:  main.obj (MAIN)
    ADDRESS: 09AAH
*** WARNING L2: REFERENCE MADE TO UNRESOLVED EXTERNAL
    SYMBOL:  HC_SR04_GETDISTANCE
    MODULE:  main.obj (MAIN)
    ADDRESS: 06F2H
Program Size: data=15.1 xdata=116 code=3364
creating hex file from "Course_Design"...
"Course_Design" - 0 Error(s), 13 Warning(s).
Build target 'Target 1'
assembling STARTUP.A51...
compiling main.c...
MAIN.C(23): warning C206: 'IR_Init0': missing function-prototype
MAIN.C(39): warning C235: parameter 1: different types
compiling LCD1602.c...
compiling DS1302.c...
DS1302.C(106): warning C235: parameter 1: different types
compiling IR.c...
compiling Int0.c...
compiling Time0.c...
linking...
*** WARNING L16: UNCALLED SEGMENT, IGNORED FOR OVERLAY PROCESS
    SEGMENT: ?PR?_MENU?MAIN
*** WARNING L16: UNCALLED SEGMENT, IGNORED FOR OVERLAY PROCESS
    SEGMENT: ?PR?_DELAY_MS?MAIN
*** WARNING L16: UNCALLED SEGMENT, IGNORED FOR OVERLAY PROCESS
    SEGMENT: ?PR?_LCD_SHOWINT?MAIN
*** WARNING L16: UNCALLED SEGMENT, IGNORED FOR OVERLAY PROCESS
    SEGMENT: ?PR?_LCD_SHOWSIGNEDNUM?LCD1602
*** WARNING L16: UNCALLED SEGMENT, IGNORED FOR OVERLAY PROCESS
    SEGMENT: ?PR?_LCD_SHOWBINNUM?LCD1602
*** WARNING L16: UNCALLED SEGMENT, IGNORED FOR OVERLAY PROCESS
    SEGMENT: ?PR?IR_IINT0?IR
*** WARNING L1: UNRESOLVED EXTERNAL SYMBOL
    SYMBOL:  HC_SR04_GETDISTANCE
    MODULE:  main.obj (MAIN)
*** WARNING L1: UNRESOLVED EXTERNAL SYMBOL
    SYMBOL:  IR_INIT0
    MODULE:  main.obj (MAIN)
*** WARNING L2: REFERENCE MADE TO UNRESOLVED EXTERNAL
    SYMBOL:  IR_INIT0
    MODULE:  main.obj (MAIN)
    ADDRESS: 09AAH
*** WARNING L2: REFERENCE MADE TO UNRESOLVED EXTERNAL
    SYMBOL:  HC_SR04_GETDISTANCE
    MODULE:  main.obj (MAIN)
    ADDRESS: 06F2H
Program Size: data=15.1 xdata=116 code=3364
creating hex file from "Course_Design"...
"Course_Design" - 0 Error(s), 13 Warning(s).
Build target 'Target 1'
assembling STARTUP.A51...
compiling main.c...
MAIN.C(39): warning C235: parameter 1: different types
compiling LCD1602.c...
compiling DS1302.c...
DS1302.C(106): warning C235: parameter 1: different types
compiling IR.c...
compiling Int0.c...
compiling Timer0.c...
linking...
*** WARNING L16: UNCALLED SEGMENT, IGNORED FOR OVERLAY PROCESS
    SEGMENT: ?PR?_MENU?MAIN
*** WARNING L16: UNCALLED SEGMENT, IGNORED FOR OVERLAY PROCESS
    SEGMENT: ?PR?_DELAY_MS?MAIN
*** WARNING L16: UNCALLED SEGMENT, IGNORED FOR OVERLAY PROCESS
    SEGMENT: ?PR?_LCD_SHOWINT?MAIN
*** WARNING L16: UNCALLED SEGMENT, IGNORED FOR OVERLAY PROCESS
    SEGMENT: ?PR?_LCD_SHOWSIGNEDNUM?LCD1602
*** WARNING L16: UNCALLED SEGMENT, IGNORED FOR OVERLAY PROCESS
    SEGMENT: ?PR?_LCD_SHOWBINNUM?LCD1602
*** WARNING L1: UNRESOLVED EXTERNAL SYMBOL
    SYMBOL:  HC_SR04_GETDISTANCE
    MODULE:  main.obj (MAIN)
*** WARNING L2: REFERENCE MADE TO UNRESOLVED EXTERNAL
    SYMBOL:  HC_SR04_GETDISTANCE
    MODULE:  main.obj (MAIN)
    ADDRESS: 06F2H
Program Size: data=15.1 xdata=116 code=3364
creating hex file from "Course_Design"...
"Course_Design" - 0 Error(s), 9 Warning(s).
Build target 'Target 1'
assembling STARTUP.A51...
compiling main.c...
MAIN.C(41): warning C235: parameter 1: different types
compiling LCD1602.c...
compiling DS1302.c...
DS1302.C(106): warning C235: parameter 1: different types
compiling IR.c...
compiling Int0.c...
compiling Timer0.c...
linking...
*** WARNING L16: UNCALLED SEGMENT, IGNORED FOR OVERLAY PROCESS
    SEGMENT: ?PR?_MENU?MAIN
*** WARNING L16: UNCALLED SEGMENT, IGNORED FOR OVERLAY PROCESS
    SEGMENT: ?PR?_DELAY_MS?MAIN
*** WARNING L16: UNCALLED SEGMENT, IGNORED FOR OVERLAY PROCESS
    SEGMENT: ?PR?_LCD_SHOWINT?MAIN
*** WARNING L16: UNCALLED SEGMENT, IGNORED FOR OVERLAY PROCESS
    SEGMENT: ?PR?_LCD_SHOWSIGNEDNUM?LCD1602
*** WARNING L16: UNCALLED SEGMENT, IGNORED FOR OVERLAY PROCESS
    SEGMENT: ?PR?_LCD_SHOWBINNUM?LCD1602
*** WARNING L1: UNRESOLVED EXTERNAL SYMBOL
    SYMBOL:  HC_SR04_GETDISTANCE
    MODULE:  main.obj (MAIN)
*** WARNING L2: REFERENCE MADE TO UNRESOLVED EXTERNAL
    SYMBOL:  HC_SR04_GETDISTANCE
    MODULE:  main.obj (MAIN)
    ADDRESS: 06F2H
Program Size: data=15.1 xdata=117 code=3364
creating hex file from "Course_Design"...
"Course_Design" - 0 Error(s), 9 Warning(s).
Build target 'Target 1'
assembling STARTUP.A51...
compiling main.c...
MAIN.C(41): warning C235: parameter 1: different types
compiling LCD1602.c...
compiling DS1302.c...
DS1302.C(106): warning C235: parameter 1: different types
compiling IR.c...
compiling Int0.c...
compiling Timer0.c...
linking...
*** WARNING L16: UNCALLED SEGMENT, IGNORED FOR OVERLAY PROCESS
    SEGMENT: ?PR?_MENU?MAIN
*** WARNING L16: UNCALLED SEGMENT, IGNORED FOR OVERLAY PROCESS
    SEGMENT: ?PR?_DELAY_MS?MAIN
*** WARNING L16: UNCALLED SEGMENT, IGNORED FOR OVERLAY PROCESS
    SEGMENT: ?PR?_LCD_SHOWINT?MAIN
*** WARNING L16: UNCALLED SEGMENT, IGNORED FOR OVERLAY PROCESS
    SEGMENT: ?PR?_LCD_SHOWSIGNEDNUM?LCD1602
*** WARNING L16: UNCALLED SEGMENT, IGNORED FOR OVERLAY PROCESS
    SEGMENT: ?PR?_LCD_SHOWBINNUM?LCD1602
*** WARNING L1: UNRESOLVED EXTERNAL SYMBOL
    SYMBOL:  HC_SR04_GETDISTANCE
    MODULE:  main.obj (MAIN)
*** WARNING L2: REFERENCE MADE TO UNRESOLVED EXTERNAL
    SYMBOL:  HC_SR04_GETDISTANCE
    MODULE:  main.obj (MAIN)
    ADDRESS: 06F2H
Program Size: data=15.1 xdata=117 code=3364
creating hex file from "Course_Design"...
"Course_Design" - 0 Error(s), 9 Warning(s).
Build target 'Target 1'
assembling STARTUP.A51...
compiling main.c...
MAIN.C(41): warning C235: parameter 1: different types
compiling LCD1602.c...
compiling DS1302.c...
DS1302.C(106): warning C235: parameter 1: different types
compiling IR.c...
compiling Int0.c...
compiling Timer0.c...
linking...
*** WARNING L16: UNCALLED SEGMENT, IGNORED FOR OVERLAY PROCESS
    SEGMENT: ?PR?_MENU?MAIN
*** WARNING L16: UNCALLED SEGMENT, IGNORED FOR OVERLAY PROCESS
    SEGMENT: ?PR?_DELAY_MS?MAIN
*** WARNING L16: UNCALLED SEGMENT, IGNORED FOR OVERLAY PROCESS
    SEGMENT: ?PR?_LCD_SHOWINT?MAIN
*** WARNING L16: UNCALLED SEGMENT, IGNORED FOR OVERLAY PROCESS
    SEGMENT: ?PR?_LCD_SHOWSIGNEDNUM?LCD1602
*** WARNING L16: UNCALLED SEGMENT, IGNORED FOR OVERLAY PROCESS
    SEGMENT: ?PR?_LCD_SHOWBINNUM?LCD1602
*** WARNING L1: UNRESOLVED EXTERNAL SYMBOL
    SYMBOL:  HC_SR04_GETDISTANCE
    MODULE:  main.obj (MAIN)
*** WARNING L2: REFERENCE MADE TO UNRESOLVED EXTERNAL
    SYMBOL:  HC_SR04_GETDISTANCE
    MODULE:  main.obj (MAIN)
    ADDRESS: 06F2H
Program Size: data=15.1 xdata=117 code=3364
creating hex file from "Course_Design"...
"Course_Design" - 0 Error(s), 9 Warning(s).
Build target 'Target 1'
assembling STARTUP.A51...
compiling main.c...
MAIN.C(41): warning C235: parameter 1: different types
compiling LCD1602.c...
compiling DS1302.c...
DS1302.C(106): warning C235: parameter 1: different types
compiling IR.c...
compiling Int0.c...
compiling Timer0.c...
linking...
*** WARNING L16: UNCALLED SEGMENT, IGNORED FOR OVERLAY PROCESS
    SEGMENT: ?PR?_MENU?MAIN
*** WARNING L16: UNCALLED SEGMENT, IGNORED FOR OVERLAY PROCESS
    SEGMENT: ?PR?_DELAY_MS?MAIN
*** WARNING L16: UNCALLED SEGMENT, IGNORED FOR OVERLAY PROCESS
    SEGMENT: ?PR?_LCD_SHOWINT?MAIN
*** WARNING L16: UNCALLED SEGMENT, IGNORED FOR OVERLAY PROCESS
    SEGMENT: ?PR?_LCD_SHOWSIGNEDNUM?LCD1602
*** WARNING L16: UNCALLED SEGMENT, IGNORED FOR OVERLAY PROCESS
    SEGMENT: ?PR?_LCD_SHOWBINNUM?LCD1602
*** WARNING L16: UNCALLED SEGMENT, IGNORED FOR OVERLAY PROCESS
    SEGMENT: ?PR?DS1302_INIT?DS1302
*** WARNING L16: UNCALLED SEGMENT, IGNORED FOR OVERLAY PROCESS
    SEGMENT: ?PR?DS1302_SETTIME?DS1302
*** WARNING L1: UNRESOLVED EXTERNAL SYMBOL
    SYMBOL:  HC_SR04_GETDISTANCE
    MODULE:  main.obj (MAIN)
*** WARNING L2: REFERENCE MADE TO UNRESOLVED EXTERNAL
    SYMBOL:  HC_SR04_GETDISTANCE
    MODULE:  main.obj (MAIN)
    ADDRESS: 06F2H
Program Size: data=15.1 xdata=117 code=3358
creating hex file from "Course_Design"...
"Course_Design" - 0 Error(s), 11 Warning(s).
Build target 'Target 1'
assembling STARTUP.A51...
compiling main.c...
MAIN.C(72): warning C235: parameter 1: different types
compiling LCD1602.c...
compiling DS1302.c...
DS1302.C(106): warning C235: parameter 1: different types
compiling IR.c...
compiling Int0.c...
compiling Timer0.c...
linking...
*** WARNING L16: UNCALLED SEGMENT, IGNORED FOR OVERLAY PROCESS
    SEGMENT: ?PR?_MENU?MAIN
*** WARNING L16: UNCALLED SEGMENT, IGNORED FOR OVERLAY PROCESS
    SEGMENT: ?PR?_DELAY_MS?MAIN
*** WARNING L16: UNCALLED SEGMENT, IGNORED FOR OVERLAY PROCESS
    SEGMENT: ?PR?_LCD_SHOWINT?MAIN
*** WARNING L16: UNCALLED SEGMENT, IGNORED FOR OVERLAY PROCESS
    SEGMENT: ?PR?_LCD_SHOWSIGNEDNUM?LCD1602
*** WARNING L16: UNCALLED SEGMENT, IGNORED FOR OVERLAY PROCESS
    SEGMENT: ?PR?_LCD_SHOWBINNUM?LCD1602
*** WARNING L16: UNCALLED SEGMENT, IGNORED FOR OVERLAY PROCESS
    SEGMENT: ?PR?DS1302_INIT?DS1302
*** WARNING L16: UNCALLED SEGMENT, IGNORED FOR OVERLAY PROCESS
    SEGMENT: ?PR?DS1302_SETTIME?DS1302
*** WARNING L1: UNRESOLVED EXTERNAL SYMBOL
    SYMBOL:  HC_SR04_GETDISTANCE
    MODULE:  main.obj (MAIN)
*** WARNING L2: REFERENCE MADE TO UNRESOLVED EXTERNAL
    SYMBOL:  HC_SR04_GETDISTANCE
    MODULE:  main.obj (MAIN)
    ADDRESS: 06F2H
Program Size: data=15.1 xdata=112 code=3454
creating hex file from "Course_Design"...
"Course_Design" - 0 Error(s), 11 Warning(s).
Build target 'Target 1'
assembling STARTUP.A51...
compiling main.c...
MAIN.C(73): warning C235: parameter 1: different types
compiling LCD1602.c...
compiling DS1302.c...
DS1302.C(106): warning C235: parameter 1: different types
compiling IR.c...
compiling Int0.c...
compiling Timer0.c...
linking...
*** WARNING L16: UNCALLED SEGMENT, IGNORED FOR OVERLAY PROCESS
    SEGMENT: ?PR?_MENU?MAIN
*** WARNING L16: UNCALLED SEGMENT, IGNORED FOR OVERLAY PROCESS
    SEGMENT: ?PR?_DELAY_MS?MAIN
*** WARNING L16: UNCALLED SEGMENT, IGNORED FOR OVERLAY PROCESS
    SEGMENT: ?PR?_LCD_SHOWINT?MAIN
*** WARNING L16: UNCALLED SEGMENT, IGNORED FOR OVERLAY PROCESS
    SEGMENT: ?PR?_LCD_SHOWSIGNEDNUM?LCD1602
*** WARNING L16: UNCALLED SEGMENT, IGNORED FOR OVERLAY PROCESS
    SEGMENT: ?PR?_LCD_SHOWBINNUM?LCD1602
*** WARNING L16: UNCALLED SEGMENT, IGNORED FOR OVERLAY PROCESS
    SEGMENT: ?PR?DS1302_INIT?DS1302
*** WARNING L16: UNCALLED SEGMENT, IGNORED FOR OVERLAY PROCESS
    SEGMENT: ?PR?DS1302_SETTIME?DS1302
*** WARNING L1: UNRESOLVED EXTERNAL SYMBOL
    SYMBOL:  HC_SR04_GETDISTANCE
    MODULE:  main.obj (MAIN)
*** WARNING L2: REFERENCE MADE TO UNRESOLVED EXTERNAL
    SYMBOL:  HC_SR04_GETDISTANCE
    MODULE:  main.obj (MAIN)
    ADDRESS: 0737H
Program Size: data=100.1 xdata=0 code=3090
creating hex file from "Course_Design"...
"Course_Design" - 0 Error(s), 11 Warning(s).
Build target 'Target 1'
assembling STARTUP.A51...
compiling main.c...
MAIN.C(71): warning C235: parameter 1: different types
MAIN.C(107): warning C209: '_DS18B20_Show': too few actual parameters
compiling LCD1602.c...
compiling DS1302.c...
DS1302.C(106): warning C235: parameter 1: different types
compiling IR.c...
compiling Int0.c...
compiling Timer0.c...
compiling DS18B20.c...
DS18B20.c(2): warning C318: can't open file 'OneWire.h'
DS18B20.C(17): warning C206: 'OneWire_Init': missing function-prototype
DS18B20.C(18): warning C206: 'OneWire_SendByte': missing function-prototype
DS18B20.C(18): error C267: 'OneWire_SendByte': requires ANSI-style prototype
Target not created
Build target 'Target 1'
assembling STARTUP.A51...
compiling main.c...
MAIN.C(71): warning C235: parameter 1: different types
MAIN.C(107): warning C209: '_DS18B20_Show': too few actual parameters
compiling LCD1602.c...
compiling DS1302.c...
DS1302.C(106): warning C235: parameter 1: different types
compiling IR.c...
compiling Int0.c...
compiling Timer0.c...
compiling DS18B20.c...
compiling OneWire.c...
linking...
*** WARNING L16: UNCALLED SEGMENT, IGNORED FOR OVERLAY PROCESS
    SEGMENT: ?PR?_DELAY_MS?MAIN
*** WARNING L16: UNCALLED SEGMENT, IGNORED FOR OVERLAY PROCESS
    SEGMENT: ?PR?_LCD_SHOWINT?MAIN
*** WARNING L16: UNCALLED SEGMENT, IGNORED FOR OVERLAY PROCESS
    SEGMENT: ?PR?_LCD_SHOWSIGNEDNUM?LCD1602
*** WARNING L16: UNCALLED SEGMENT, IGNORED FOR OVERLAY PROCESS
    SEGMENT: ?PR?_LCD_SHOWHEXNUM?LCD1602
*** WARNING L16: UNCALLED SEGMENT, IGNORED FOR OVERLAY PROCESS
    SEGMENT: ?PR?_LCD_SHOWBINNUM?LCD1602
*** WARNING L16: UNCALLED SEGMENT, IGNORED FOR OVERLAY PROCESS
    SEGMENT: ?PR?DS18B20_INIT?DS18B20
*** WARNING L1: UNRESOLVED EXTERNAL SYMBOL
    SYMBOL:  HC_SR04_GETDISTANCE
    MODULE:  main.obj (MAIN)
*** WARNING L2: REFERENCE MADE TO UNRESOLVED EXTERNAL
    SYMBOL:  HC_SR04_GETDISTANCE
    MODULE:  main.obj (MAIN)
    ADDRESS: 0EABH
*** WARNING L1: UNRESOLVED EXTERNAL SYMBOL
    SYMBOL:  _DELAY
    MODULE:  DS18B20.obj (DS18B20)
*** WARNING L2: REFERENCE MADE TO UNRESOLVED EXTERNAL
    SYMBOL:  _DELAY
    MODULE:  DS18B20.obj (DS18B20)
    ADDRESS: 1467H
Program Size: data=117.1 xdata=0 code=5257
creating hex file from "Course_Design"...
"Course_Design" - 0 Error(s), 13 Warning(s).
Build target 'Target 1'
assembling STARTUP.A51...
compiling main.c...
MAIN.C(72): warning C235: parameter 1: different types
MAIN.C(108): warning C209: '_DS18B20_Show': too few actual parameters
compiling LCD1602.c...
compiling DS1302.c...
DS1302.C(106): warning C235: parameter 1: different types
compiling IR.c...
compiling Int0.c...
compiling Timer0.c...
compiling DS18B20.c...
compiling OneWire.c...
linking...
*** WARNING L16: UNCALLED SEGMENT, IGNORED FOR OVERLAY PROCESS
    SEGMENT: ?PR?_DELAY_MS?MAIN
*** WARNING L16: UNCALLED SEGMENT, IGNORED FOR OVERLAY PROCESS
    SEGMENT: ?PR?_LCD_SHOWINT?MAIN
*** WARNING L16: UNCALLED SEGMENT, IGNORED FOR OVERLAY PROCESS
    SEGMENT: ?PR?_LCD_SHOWSIGNEDNUM?LCD1602
*** WARNING L16: UNCALLED SEGMENT, IGNORED FOR OVERLAY PROCESS
    SEGMENT: ?PR?_LCD_SHOWHEXNUM?LCD1602
*** WARNING L16: UNCALLED SEGMENT, IGNORED FOR OVERLAY PROCESS
    SEGMENT: ?PR?_LCD_SHOWBINNUM?LCD1602
*** WARNING L16: UNCALLED SEGMENT, IGNORED FOR OVERLAY PROCESS
    SEGMENT: ?PR?DS18B20_INIT?DS18B20
*** WARNING L1: UNRESOLVED EXTERNAL SYMBOL
    SYMBOL:  HC_SR04_GETDISTANCE
    MODULE:  main.obj (MAIN)
*** WARNING L2: REFERENCE MADE TO UNRESOLVED EXTERNAL
    SYMBOL:  HC_SR04_GETDISTANCE
    MODULE:  main.obj (MAIN)
    ADDRESS: 0EABH
*** WARNING L1: UNRESOLVED EXTERNAL SYMBOL
    SYMBOL:  _DELAY
    MODULE:  DS18B20.obj (DS18B20)
*** WARNING L2: REFERENCE MADE TO UNRESOLVED EXTERNAL
    SYMBOL:  _DELAY
    MODULE:  DS18B20.obj (DS18B20)
    ADDRESS: 146CH
Program Size: data=117.1 xdata=0 code=5262
creating hex file from "Course_Design"...
"Course_Design" - 0 Error(s), 13 Warning(s).
Build target 'Target 1'
assembling STARTUP.A51...
compiling main.c...
MAIN.C(72): warning C235: parameter 1: different types
MAIN.C(108): warning C209: '_DS18B20_Show': too few actual parameters
compiling LCD1602.c...
compiling DS1302.c...
DS1302.C(106): warning C235: parameter 1: different types
compiling IR.c...
compiling Int0.c...
compiling Timer0.c...
compiling DS18B20.c...
compiling OneWire.c...
linking...
*** WARNING L16: UNCALLED SEGMENT, IGNORED FOR OVERLAY PROCESS
    SEGMENT: ?PR?_DELAY_MS?MAIN
*** WARNING L16: UNCALLED SEGMENT, IGNORED FOR OVERLAY PROCESS
    SEGMENT: ?PR?_LCD_SHOWINT?MAIN
*** WARNING L16: UNCALLED SEGMENT, IGNORED FOR OVERLAY PROCESS
    SEGMENT: ?PR?_LCD_SHOWSIGNEDNUM?LCD1602
*** WARNING L16: UNCALLED SEGMENT, IGNORED FOR OVERLAY PROCESS
    SEGMENT: ?PR?_LCD_SHOWHEXNUM?LCD1602
*** WARNING L16: UNCALLED SEGMENT, IGNORED FOR OVERLAY PROCESS
    SEGMENT: ?PR?_LCD_SHOWBINNUM?LCD1602
*** WARNING L16: UNCALLED SEGMENT, IGNORED FOR OVERLAY PROCESS
    SEGMENT: ?PR?DS18B20_INIT?DS18B20
*** WARNING L1: UNRESOLVED EXTERNAL SYMBOL
    SYMBOL:  HC_SR04_GETDISTANCE
    MODULE:  main.obj (MAIN)
*** WARNING L2: REFERENCE MADE TO UNRESOLVED EXTERNAL
    SYMBOL:  HC_SR04_GETDISTANCE
    MODULE:  main.obj (MAIN)
    ADDRESS: 0EABH
*** WARNING L1: UNRESOLVED EXTERNAL SYMBOL
    SYMBOL:  _DELAY
    MODULE:  DS18B20.obj (DS18B20)
*** WARNING L2: REFERENCE MADE TO UNRESOLVED EXTERNAL
    SYMBOL:  _DELAY
    MODULE:  DS18B20.obj (DS18B20)
    ADDRESS: 1486H
Program Size: data=117.1 xdata=0 code=5288
creating hex file from "Course_Design"...
"Course_Design" - 0 Error(s), 13 Warning(s).
Build target 'Target 1'
assembling STARTUP.A51...
compiling main.c...
MAIN.C(72): warning C235: parameter 1: different types
MAIN.C(108): warning C209: '_DS18B20_Show': too few actual parameters
compiling LCD1602.c...
compiling DS1302.c...
DS1302.C(106): warning C235: parameter 1: different types
compiling IR.c...
compiling Int0.c...
compiling Timer0.c...
compiling DS18B20.c...
compiling OneWire.c...
linking...
*** WARNING L16: UNCALLED SEGMENT, IGNORED FOR OVERLAY PROCESS
    SEGMENT: ?PR?_DELAY_MS?MAIN
*** WARNING L16: UNCALLED SEGMENT, IGNORED FOR OVERLAY PROCESS
    SEGMENT: ?PR?_LCD_SHOWINT?MAIN
*** WARNING L16: UNCALLED SEGMENT, IGNORED FOR OVERLAY PROCESS
    SEGMENT: ?PR?_LCD_SHOWSIGNEDNUM?LCD1602
*** WARNING L16: UNCALLED SEGMENT, IGNORED FOR OVERLAY PROCESS
    SEGMENT: ?PR?_LCD_SHOWHEXNUM?LCD1602
*** WARNING L16: UNCALLED SEGMENT, IGNORED FOR OVERLAY PROCESS
    SEGMENT: ?PR?_LCD_SHOWBINNUM?LCD1602
*** WARNING L16: UNCALLED SEGMENT, IGNORED FOR OVERLAY PROCESS
    SEGMENT: ?PR?DS18B20_INIT?DS18B20
*** WARNING L1: UNRESOLVED EXTERNAL SYMBOL
    SYMBOL:  HC_SR04_GETDISTANCE
    MODULE:  main.obj (MAIN)
*** WARNING L2: REFERENCE MADE TO UNRESOLVED EXTERNAL
    SYMBOL:  HC_SR04_GETDISTANCE
    MODULE:  main.obj (MAIN)
    ADDRESS: 0EABH
*** WARNING L1: UNRESOLVED EXTERNAL SYMBOL
    SYMBOL:  _DELAY
    MODULE:  DS18B20.obj (DS18B20)
*** WARNING L2: REFERENCE MADE TO UNRESOLVED EXTERNAL
    SYMBOL:  _DELAY
    MODULE:  DS18B20.obj (DS18B20)
    ADDRESS: 1489H
Program Size: data=117.1 xdata=0 code=5291
creating hex file from "Course_Design"...
"Course_Design" - 0 Error(s), 13 Warning(s).
Build target 'Target 1'
assembling STARTUP.A51...
compiling main.c...
MAIN.C(72): warning C235: parameter 1: different types
MAIN.C(108): warning C209: '_DS18B20_Show': too few actual parameters
MAIN.C(113): error C141: syntax error near 'LCD_ShowHexNum'
compiling LCD1602.c...
compiling DS1302.c...
DS1302.C(106): warning C235: parameter 1: different types
compiling IR.c...
compiling Int0.c...
compiling Timer0.c...
compiling DS18B20.c...
compiling OneWire.c...
Target not created
Build target 'Target 1'
assembling STARTUP.A51...
compiling main.c...
MAIN.C(72): warning C235: parameter 1: different types
MAIN.C(108): warning C209: '_DS18B20_Show': too few actual parameters
MAIN.C(113): error C141: syntax error near 'LCD_ShowHexNum'
compiling LCD1602.c...
compiling DS1302.c...
DS1302.C(106): warning C235: parameter 1: different types
compiling IR.c...
compiling Int0.c...
compiling Timer0.c...
compiling DS18B20.c...
compiling OneWire.c...
Target not created
Build target 'Target 1'
assembling STARTUP.A51...
compiling main.c...
MAIN.C(72): warning C235: parameter 1: different types
MAIN.C(108): warning C209: '_DS18B20_Show': too few actual parameters
MAIN.C(113): error C141: syntax error near 'LCD_ShowHexNum'
compiling LCD1602.c...
compiling DS1302.c...
DS1302.C(106): warning C235: parameter 1: different types
compiling IR.c...
compiling Int0.c...
compiling Timer0.c...
compiling DS18B20.c...
compiling OneWire.c...
Target not created
Build target 'Target 1'
assembling STARTUP.A51...
compiling main.c...
MAIN.C(72): warning C235: parameter 1: different types
MAIN.C(108): warning C209: '_DS18B20_Show': too few actual parameters
compiling LCD1602.c...
compiling DS1302.c...
DS1302.C(106): warning C235: parameter 1: different types
compiling IR.c...
compiling Int0.c...
compiling Timer0.c...
compiling DS18B20.c...
compiling OneWire.c...
linking...
*** WARNING L16: UNCALLED SEGMENT, IGNORED FOR OVERLAY PROCESS
    SEGMENT: ?PR?_DELAY_MS?MAIN
*** WARNING L16: UNCALLED SEGMENT, IGNORED FOR OVERLAY PROCESS
    SEGMENT: ?PR?_LCD_SHOWINT?MAIN
*** WARNING L16: UNCALLED SEGMENT, IGNORED FOR OVERLAY PROCESS
    SEGMENT: ?PR?_LCD_SHOWSIGNEDNUM?LCD1602
*** WARNING L16: UNCALLED SEGMENT, IGNORED FOR OVERLAY PROCESS
    SEGMENT: ?PR?_LCD_SHOWBINNUM?LCD1602
*** WARNING L16: UNCALLED SEGMENT, IGNORED FOR OVERLAY PROCESS
    SEGMENT: ?PR?DS18B20_INIT?DS18B20
*** WARNING L1: UNRESOLVED EXTERNAL SYMBOL
    SYMBOL:  HC_SR04_GETDISTANCE
    MODULE:  main.obj (MAIN)
*** WARNING L2: REFERENCE MADE TO UNRESOLVED EXTERNAL
    SYMBOL:  HC_SR04_GETDISTANCE
    MODULE:  main.obj (MAIN)
    ADDRESS: 0DB1H
*** WARNING L1: UNRESOLVED EXTERNAL SYMBOL
    SYMBOL:  _DELAY
    MODULE:  DS18B20.obj (DS18B20)
*** WARNING L2: REFERENCE MADE TO UNRESOLVED EXTERNAL
    SYMBOL:  _DELAY
    MODULE:  DS18B20.obj (DS18B20)
    ADDRESS: 1499H
Program Size: data=113.1 xdata=0 code=5307
creating hex file from "Course_Design"...
"Course_Design" - 0 Error(s), 12 Warning(s).
Build target 'Target 1'
assembling STARTUP.A51...
compiling main.c...
MAIN.C(34): error C202: 'Command': undefined identifier
MAIN.C(35): error C202: 'Command': undefined identifier
MAIN.C(39): error C202: 'Command': undefined identifier
MAIN.C(45): error C202: 'Command': undefined identifier
compiling LCD1602.c...
compiling DS1302.c...
DS1302.C(106): warning C235: parameter 1: different types
compiling IR.c...
compiling Int0.c...
compiling Timer0.c...
compiling DS18B20.c...
compiling OneWire.c...
Target not created
Build target 'Target 1'
assembling STARTUP.A51...
compiling main.c...
MAIN.C(72): warning C235: parameter 1: different types
MAIN.C(108): warning C209: '_DS18B20_Show': too few actual parameters
compiling LCD1602.c...
compiling DS1302.c...
DS1302.C(106): warning C235: parameter 1: different types
compiling IR.c...
compiling Int0.c...
compiling Timer0.c...
compiling DS18B20.c...
compiling OneWire.c...
linking...
*** WARNING L16: UNCALLED SEGMENT, IGNORED FOR OVERLAY PROCESS
    SEGMENT: ?PR?_DELAY_MS?MAIN
*** WARNING L16: UNCALLED SEGMENT, IGNORED FOR OVERLAY PROCESS
    SEGMENT: ?PR?_LCD_SHOWINT?MAIN
*** WARNING L16: UNCALLED SEGMENT, IGNORED FOR OVERLAY PROCESS
    SEGMENT: ?PR?_LCD_SHOWSIGNEDNUM?LCD1602
*** WARNING L16: UNCALLED SEGMENT, IGNORED FOR OVERLAY PROCESS
    SEGMENT: ?PR?_LCD_SHOWBINNUM?LCD1602
*** WARNING L16: UNCALLED SEGMENT, IGNORED FOR OVERLAY PROCESS
    SEGMENT: ?PR?DS18B20_INIT?DS18B20
*** WARNING L1: UNRESOLVED EXTERNAL SYMBOL
    SYMBOL:  HC_SR04_GETDISTANCE
    MODULE:  main.obj (MAIN)
*** WARNING L2: REFERENCE MADE TO UNRESOLVED EXTERNAL
    SYMBOL:  HC_SR04_GETDISTANCE
    MODULE:  main.obj (MAIN)
    ADDRESS: 0DB1H
*** WARNING L1: UNRESOLVED EXTERNAL SYMBOL
    SYMBOL:  _DELAY
    MODULE:  DS18B20.obj (DS18B20)
*** WARNING L2: REFERENCE MADE TO UNRESOLVED EXTERNAL
    SYMBOL:  _DELAY
    MODULE:  DS18B20.obj (DS18B20)
    ADDRESS: 1496H
Program Size: data=113.1 xdata=0 code=5304
creating hex file from "Course_Design"...
"Course_Design" - 0 Error(s), 12 Warning(s).
Build target 'Target 1'
assembling STARTUP.A51...
compiling main.c...
MAIN.C(72): warning C235: parameter 1: different types
MAIN.C(108): warning C209: '_DS18B20_Show': too few actual parameters
compiling LCD1602.c...
compiling DS1302.c...
DS1302.C(106): warning C235: parameter 1: different types
compiling IR.c...
compiling Int0.c...
compiling Timer0.c...
compiling DS18B20.c...
compiling OneWire.c...
linking...
*** WARNING L16: UNCALLED SEGMENT, IGNORED FOR OVERLAY PROCESS
    SEGMENT: ?PR?_DELAY_MS?MAIN
*** WARNING L16: UNCALLED SEGMENT, IGNORED FOR OVERLAY PROCESS
    SEGMENT: ?PR?_LCD_SHOWINT?MAIN
*** WARNING L16: UNCALLED SEGMENT, IGNORED FOR OVERLAY PROCESS
    SEGMENT: ?PR?_LCD_SHOWSIGNEDNUM?LCD1602
*** WARNING L16: UNCALLED SEGMENT, IGNORED FOR OVERLAY PROCESS
    SEGMENT: ?PR?_LCD_SHOWBINNUM?LCD1602
*** WARNING L16: UNCALLED SEGMENT, IGNORED FOR OVERLAY PROCESS
    SEGMENT: ?PR?DS18B20_INIT?DS18B20
*** WARNING L1: UNRESOLVED EXTERNAL SYMBOL
    SYMBOL:  HC_SR04_GETDISTANCE
    MODULE:  main.obj (MAIN)
*** WARNING L2: REFERENCE MADE TO UNRESOLVED EXTERNAL
    SYMBOL:  HC_SR04_GETDISTANCE
    MODULE:  main.obj (MAIN)
    ADDRESS: 0DB0H
*** WARNING L1: UNRESOLVED EXTERNAL SYMBOL
    SYMBOL:  _DELAY
    MODULE:  DS18B20.obj (DS18B20)
*** WARNING L2: REFERENCE MADE TO UNRESOLVED EXTERNAL
    SYMBOL:  _DELAY
    MODULE:  DS18B20.obj (DS18B20)
    ADDRESS: 1495H
Program Size: data=113.1 xdata=0 code=5303
creating hex file from "Course_Design"...
"Course_Design" - 0 Error(s), 12 Warning(s).
Build target 'Target 1'
assembling STARTUP.A51...
compiling main.c...
MAIN.C(72): warning C235: parameter 1: different types
compiling LCD1602.c...
compiling DS1302.c...
DS1302.C(106): warning C235: parameter 1: different types
compiling IR.c...
compiling Int0.c...
compiling Timer0.c...
compiling DS18B20.c...
compiling OneWire.c...
linking...
*** WARNING L16: UNCALLED SEGMENT, IGNORED FOR OVERLAY PROCESS
    SEGMENT: ?PR?_DELAY_MS?MAIN
*** WARNING L16: UNCALLED SEGMENT, IGNORED FOR OVERLAY PROCESS
    SEGMENT: ?PR?_LCD_SHOWINT?MAIN
*** WARNING L16: UNCALLED SEGMENT, IGNORED FOR OVERLAY PROCESS
    SEGMENT: ?PR?_LCD_SHOWSIGNEDNUM?LCD1602
*** WARNING L16: UNCALLED SEGMENT, IGNORED FOR OVERLAY PROCESS
    SEGMENT: ?PR?_LCD_SHOWBINNUM?LCD1602
*** WARNING L16: UNCALLED SEGMENT, IGNORED FOR OVERLAY PROCESS
    SEGMENT: ?PR?DS18B20_INIT?DS18B20
*** WARNING L1: UNRESOLVED EXTERNAL SYMBOL
    SYMBOL:  HC_SR04_GETDISTANCE
    MODULE:  main.obj (MAIN)
*** WARNING L2: REFERENCE MADE TO UNRESOLVED EXTERNAL
    SYMBOL:  HC_SR04_GETDISTANCE
    MODULE:  main.obj (MAIN)
    ADDRESS: 0DB0H
*** WARNING L1: UNRESOLVED EXTERNAL SYMBOL
    SYMBOL:  _DELAY
    MODULE:  DS18B20.obj (DS18B20)
*** WARNING L2: REFERENCE MADE TO UNRESOLVED EXTERNAL
    SYMBOL:  _DELAY
    MODULE:  DS18B20.obj (DS18B20)
    ADDRESS: 1498H
Program Size: data=113.1 xdata=0 code=5306
creating hex file from "Course_Design"...
"Course_Design" - 0 Error(s), 11 Warning(s).
Build target 'Target 1'
assembling STARTUP.A51...
compiling main.c...
MAIN.C(26): error C141: syntax error near 'IR_Init'
compiling LCD1602.c...
compiling DS1302.c...
DS1302.C(106): warning C235: parameter 1: different types
compiling IR.c...
compiling Int0.c...
compiling Timer0.c...
compiling DS18B20.c...
compiling OneWire.c...
Target not created
Build target 'Target 1'
assembling STARTUP.A51...
compiling main.c...
MAIN.C(72): warning C235: parameter 1: different types
compiling LCD1602.c...
compiling DS1302.c...
DS1302.C(106): warning C235: parameter 1: different types
compiling IR.c...
compiling Int0.c...
compiling Timer0.c...
compiling DS18B20.c...
compiling OneWire.c...
linking...
*** WARNING L16: UNCALLED SEGMENT, IGNORED FOR OVERLAY PROCESS
    SEGMENT: ?PR?_DELAY_MS?MAIN
*** WARNING L16: UNCALLED SEGMENT, IGNORED FOR OVERLAY PROCESS
    SEGMENT: ?PR?_LCD_SHOWINT?MAIN
*** WARNING L16: UNCALLED SEGMENT, IGNORED FOR OVERLAY PROCESS
    SEGMENT: ?PR?_LCD_SHOWSIGNEDNUM?LCD1602
*** WARNING L16: UNCALLED SEGMENT, IGNORED FOR OVERLAY PROCESS
    SEGMENT: ?PR?_LCD_SHOWBINNUM?LCD1602
*** WARNING L1: UNRESOLVED EXTERNAL SYMBOL
    SYMBOL:  HC_SR04_GETDISTANCE
    MODULE:  main.obj (MAIN)
*** WARNING L2: REFERENCE MADE TO UNRESOLVED EXTERNAL
    SYMBOL:  HC_SR04_GETDISTANCE
    MODULE:  main.obj (MAIN)
    ADDRESS: 0DB0H
*** WARNING L1: UNRESOLVED EXTERNAL SYMBOL
    SYMBOL:  _DELAY
    MODULE:  DS18B20.obj (DS18B20)
*** WARNING L2: REFERENCE MADE TO UNRESOLVED EXTERNAL
    SYMBOL:  _DELAY
    MODULE:  DS18B20.obj (DS18B20)
    ADDRESS: 149BH
Program Size: data=113.1 xdata=0 code=5309
creating hex file from "Course_Design"...
"Course_Design" - 0 Error(s), 10 Warning(s).
Build target 'Target 1'
assembling STARTUP.A51...
compiling main.c...
MAIN.C(74): warning C235: parameter 1: different types
compiling LCD1602.c...
compiling DS1302.c...
DS1302.C(106): warning C235: parameter 1: different types
compiling IR.c...
compiling Int0.c...
compiling Timer0.c...
compiling DS18B20.c...
compiling OneWire.c...
linking...
*** WARNING L16: UNCALLED SEGMENT, IGNORED FOR OVERLAY PROCESS
    SEGMENT: ?PR?_DELAY_MS?MAIN
*** WARNING L16: UNCALLED SEGMENT, IGNORED FOR OVERLAY PROCESS
    SEGMENT: ?PR?_LCD_SHOWINT?MAIN
*** WARNING L16: UNCALLED SEGMENT, IGNORED FOR OVERLAY PROCESS
    SEGMENT: ?PR?_LCD_SHOWSIGNEDNUM?LCD1602
*** WARNING L16: UNCALLED SEGMENT, IGNORED FOR OVERLAY PROCESS
    SEGMENT: ?PR?_LCD_SHOWBINNUM?LCD1602
*** WARNING L1: UNRESOLVED EXTERNAL SYMBOL
    SYMBOL:  HC_SR04_GETDISTANCE
    MODULE:  main.obj (MAIN)
*** WARNING L1: UNRESOLVED EXTERNAL SYMBOL
    SYMBOL:  _DELAY
    MODULE:  main.obj (MAIN)
*** WARNING L2: REFERENCE MADE TO UNRESOLVED EXTERNAL
    SYMBOL:  _DELAY
    MODULE:  main.obj (MAIN)
    ADDRESS: 104EH
*** WARNING L2: REFERENCE MADE TO UNRESOLVED EXTERNAL
    SYMBOL:  HC_SR04_GETDISTANCE
    MODULE:  main.obj (MAIN)
    ADDRESS: 0DB0H
Program Size: data=113.1 xdata=0 code=5306
creating hex file from "Course_Design"...
"Course_Design" - 0 Error(s), 10 Warning(s).
Build target 'Target 1'
assembling STARTUP.A51...
compiling main.c...
MAIN.C(74): warning C235: parameter 1: different types
MAIN.C(114): error C202: 'T': undefined identifier
MAIN.C(115): error C202: 'T': undefined identifier
MAIN.C(118): error C202: 'T': undefined identifier
MAIN.C(124): error C202: 'T': undefined identifier
MAIN.C(126): error C202: 'T': undefined identifier
compiling LCD1602.c...
compiling DS1302.c...
DS1302.C(106): warning C235: parameter 1: different types
compiling IR.c...
compiling Int0.c...
compiling Timer0.c...
compiling DS18B20.c...
compiling OneWire.c...
Target not created
Build target 'Target 1'
assembling STARTUP.A51...
compiling main.c...
MAIN.C(74): warning C235: parameter 1: different types
MAIN.C(110): error C141: syntax error near 'float'
MAIN.C(110): error C202: 'T': undefined identifier
MAIN.C(115): error C202: 'T': undefined identifier
MAIN.C(116): error C202: 'T': undefined identifier
MAIN.C(119): error C202: 'T': undefined identifier
MAIN.C(125): error C202: 'T': undefined identifier
MAIN.C(127): error C202: 'T': undefined identifier
compiling LCD1602.c...
compiling DS1302.c...
DS1302.C(106): warning C235: parameter 1: different types
compiling IR.c...
compiling Int0.c...
compiling Timer0.c...
compiling DS18B20.c...
compiling OneWire.c...
Target not created
Build target 'Target 1'
assembling STARTUP.A51...
compiling main.c...
MAIN.C(75): warning C235: parameter 1: different types
compiling LCD1602.c...
compiling DS1302.c...
DS1302.C(106): warning C235: parameter 1: different types
compiling IR.c...
compiling Int0.c...
compiling Timer0.c...
compiling DS18B20.c...
compiling OneWire.c...
linking...
*** WARNING L16: UNCALLED SEGMENT, IGNORED FOR OVERLAY PROCESS
    SEGMENT: ?PR?_DELAY_MS?MAIN
*** WARNING L16: UNCALLED SEGMENT, IGNORED FOR OVERLAY PROCESS
    SEGMENT: ?PR?_LCD_SHOWINT?MAIN
*** WARNING L16: UNCALLED SEGMENT, IGNORED FOR OVERLAY PROCESS
    SEGMENT: ?PR?_LCD_SHOWSIGNEDNUM?LCD1602
*** WARNING L16: UNCALLED SEGMENT, IGNORED FOR OVERLAY PROCESS
    SEGMENT: ?PR?_LCD_SHOWBINNUM?LCD1602
*** WARNING L1: UNRESOLVED EXTERNAL SYMBOL
    SYMBOL:  HC_SR04_GETDISTANCE
    MODULE:  main.obj (MAIN)
*** WARNING L1: UNRESOLVED EXTERNAL SYMBOL
    SYMBOL:  _DELAY
    MODULE:  main.obj (MAIN)
*** WARNING L2: REFERENCE MADE TO UNRESOLVED EXTERNAL
    SYMBOL:  _DELAY
    MODULE:  main.obj (MAIN)
    ADDRESS: 1043H
*** WARNING L2: REFERENCE MADE TO UNRESOLVED EXTERNAL
    SYMBOL:  HC_SR04_GETDISTANCE
    MODULE:  main.obj (MAIN)
    ADDRESS: 0C64H
Program Size: data=113.1 xdata=0 code=5295
creating hex file from "Course_Design"...
"Course_Design" - 0 Error(s), 10 Warning(s).
Build target 'Target 1'
assembling STARTUP.A51...
compiling main.c...
MAIN.C(75): warning C235: parameter 1: different types
compiling LCD1602.c...
compiling DS1302.c...
DS1302.C(106): warning C235: parameter 1: different types
compiling IR.c...
compiling Int0.c...
compiling Timer0.c...
compiling DS18B20.c...
compiling OneWire.c...
linking...
*** WARNING L16: UNCALLED SEGMENT, IGNORED FOR OVERLAY PROCESS
    SEGMENT: ?PR?_DELAY_MS?MAIN
*** WARNING L16: UNCALLED SEGMENT, IGNORED FOR OVERLAY PROCESS
    SEGMENT: ?PR?_LCD_SHOWINT?MAIN
*** WARNING L16: UNCALLED SEGMENT, IGNORED FOR OVERLAY PROCESS
    SEGMENT: ?PR?_LCD_SHOWSIGNEDNUM?LCD1602
*** WARNING L16: UNCALLED SEGMENT, IGNORED FOR OVERLAY PROCESS
    SEGMENT: ?PR?_LCD_SHOWBINNUM?LCD1602
*** WARNING L1: UNRESOLVED EXTERNAL SYMBOL
    SYMBOL:  HC_SR04_GETDISTANCE
    MODULE:  main.obj (MAIN)
*** WARNING L1: UNRESOLVED EXTERNAL SYMBOL
    SYMBOL:  _DELAY
    MODULE:  main.obj (MAIN)
*** WARNING L2: REFERENCE MADE TO UNRESOLVED EXTERNAL
    SYMBOL:  _DELAY
    MODULE:  main.obj (MAIN)
    ADDRESS: 103EH
*** WARNING L2: REFERENCE MADE TO UNRESOLVED EXTERNAL
    SYMBOL:  HC_SR04_GETDISTANCE
    MODULE:  main.obj (MAIN)
    ADDRESS: 0C62H
Program Size: data=113.1 xdata=0 code=5290
creating hex file from "Course_Design"...
"Course_Design" - 0 Error(s), 10 Warning(s).
Build target 'Target 1'
assembling STARTUP.A51...
compiling main.c...
MAIN.C(75): warning C235: parameter 1: different types
compiling LCD1602.c...
compiling DS1302.c...
DS1302.C(106): warning C235: parameter 1: different types
compiling IR.c...
compiling Int0.c...
compiling Timer0.c...
compiling DS18B20.c...
compiling OneWire.c...
linking...
*** WARNING L16: UNCALLED SEGMENT, IGNORED FOR OVERLAY PROCESS
    SEGMENT: ?PR?_DELAY_MS?MAIN
*** WARNING L16: UNCALLED SEGMENT, IGNORED FOR OVERLAY PROCESS
    SEGMENT: ?PR?_LCD_SHOWINT?MAIN
*** WARNING L16: UNCALLED SEGMENT, IGNORED FOR OVERLAY PROCESS
    SEGMENT: ?PR?_LCD_SHOWSIGNEDNUM?LCD1602
*** WARNING L16: UNCALLED SEGMENT, IGNORED FOR OVERLAY PROCESS
    SEGMENT: ?PR?_LCD_SHOWBINNUM?LCD1602
*** WARNING L16: UNCALLED SEGMENT, IGNORED FOR OVERLAY PROCESS
    SEGMENT: ?PR?DS18B20_READT?DS18B20
*** WARNING L1: UNRESOLVED EXTERNAL SYMBOL
    SYMBOL:  HC_SR04_GETDISTANCE
    MODULE:  main.obj (MAIN)
*** WARNING L1: UNRESOLVED EXTERNAL SYMBOL
    SYMBOL:  _DELAY
    MODULE:  main.obj (MAIN)
*** WARNING L2: REFERENCE MADE TO UNRESOLVED EXTERNAL
    SYMBOL:  _DELAY
    MODULE:  main.obj (MAIN)
    ADDRESS: 0E16H
*** WARNING L2: REFERENCE MADE TO UNRESOLVED EXTERNAL
    SYMBOL:  HC_SR04_GETDISTANCE
    MODULE:  main.obj (MAIN)
    ADDRESS: 0D23H
Program Size: data=114.1 xdata=0 code=4725
creating hex file from "Course_Design"...
"Course_Design" - 0 Error(s), 11 Warning(s).
Build target 'Target 1'
assembling STARTUP.A51...
compiling main.c...
MAIN.C(75): warning C235: parameter 1: different types
compiling LCD1602.c...
compiling DS1302.c...
DS1302.C(106): warning C235: parameter 1: different types
compiling IR.c...
compiling Int0.c...
compiling Timer0.c...
compiling DS18B20.c...
compiling OneWire.c...
linking...
*** WARNING L16: UNCALLED SEGMENT, IGNORED FOR OVERLAY PROCESS
    SEGMENT: ?PR?_DELAY_MS?MAIN
*** WARNING L16: UNCALLED SEGMENT, IGNORED FOR OVERLAY PROCESS
    SEGMENT: ?PR?_LCD_SHOWINT?MAIN
*** WARNING L16: UNCALLED SEGMENT, IGNORED FOR OVERLAY PROCESS
    SEGMENT: ?PR?_LCD_SHOWSIGNEDNUM?LCD1602
*** WARNING L16: UNCALLED SEGMENT, IGNORED FOR OVERLAY PROCESS
    SEGMENT: ?PR?_LCD_SHOWBINNUM?LCD1602
*** WARNING L16: UNCALLED SEGMENT, IGNORED FOR OVERLAY PROCESS
    SEGMENT: ?PR?DS18B20_CONVERTT?DS18B20
*** WARNING L16: UNCALLED SEGMENT, IGNORED FOR OVERLAY PROCESS
    SEGMENT: ?PR?DS18B20_READT?DS18B20
*** WARNING L1: UNRESOLVED EXTERNAL SYMBOL
    SYMBOL:  HC_SR04_GETDISTANCE
    MODULE:  main.obj (MAIN)
*** WARNING L2: REFERENCE MADE TO UNRESOLVED EXTERNAL
    SYMBOL:  HC_SR04_GETDISTANCE
    MODULE:  main.obj (MAIN)
    ADDRESS: 0D23H
Program Size: data=114.1 xdata=0 code=4715
creating hex file from "Course_Design"...
"Course_Design" - 0 Error(s), 10 Warning(s).
Build target 'Target 1'
assembling STARTUP.A51...
compiling main.c...
MAIN.C(75): warning C235: parameter 1: different types
compiling LCD1602.c...
compiling DS1302.c...
DS1302.C(106): warning C235: parameter 1: different types
compiling IR.c...
compiling Int0.c...
compiling Timer0.c...
compiling DS18B20.c...
compiling OneWire.c...
compiling Delay.c...
linking...
*** WARNING L16: UNCALLED SEGMENT, IGNORED FOR OVERLAY PROCESS
    SEGMENT: ?PR?_DELAY_MS?MAIN
*** WARNING L16: UNCALLED SEGMENT, IGNORED FOR OVERLAY PROCESS
    SEGMENT: ?PR?_LCD_SHOWINT?MAIN
*** WARNING L16: UNCALLED SEGMENT, IGNORED FOR OVERLAY PROCESS
    SEGMENT: ?PR?_LCD_SHOWSIGNEDNUM?LCD1602
*** WARNING L16: UNCALLED SEGMENT, IGNORED FOR OVERLAY PROCESS
    SEGMENT: ?PR?_LCD_SHOWBINNUM?LCD1602
*** WARNING L16: UNCALLED SEGMENT, IGNORED FOR OVERLAY PROCESS
    SEGMENT: ?PR?DS18B20_CONVERTT?DS18B20
*** WARNING L16: UNCALLED SEGMENT, IGNORED FOR OVERLAY PROCESS
    SEGMENT: ?PR?DS18B20_READT?DS18B20
*** WARNING L1: UNRESOLVED EXTERNAL SYMBOL
    SYMBOL:  HC_SR04_GETDISTANCE
    MODULE:  main.obj (MAIN)
*** WARNING L2: REFERENCE MADE TO UNRESOLVED EXTERNAL
    SYMBOL:  HC_SR04_GETDISTANCE
    MODULE:  main.obj (MAIN)
    ADDRESS: 0D23H
Program Size: data=114.1 xdata=0 code=4743
creating hex file from "Course_Design"...
"Course_Design" - 0 Error(s), 10 Warning(s).
Build target 'Target 1'
assembling STARTUP.A51...
compiling main.c...
MAIN.C(75): warning C235: parameter 1: different types
compiling LCD1602.c...
compiling DS1302.c...
DS1302.C(106): warning C235: parameter 1: different types
compiling IR.c...
compiling Int0.c...
compiling Timer0.c...
compiling DS18B20.c...
compiling OneWire.c...
compiling Delay.c...
linking...
*** WARNING L16: UNCALLED SEGMENT, IGNORED FOR OVERLAY PROCESS
    SEGMENT: ?PR?_DELAY_MS?MAIN
*** WARNING L16: UNCALLED SEGMENT, IGNORED FOR OVERLAY PROCESS
    SEGMENT: ?PR?_LCD_SHOWINT?MAIN
*** WARNING L16: UNCALLED SEGMENT, IGNORED FOR OVERLAY PROCESS
    SEGMENT: ?PR?_LCD_SHOWSIGNEDNUM?LCD1602
*** WARNING L16: UNCALLED SEGMENT, IGNORED FOR OVERLAY PROCESS
    SEGMENT: ?PR?_LCD_SHOWBINNUM?LCD1602
*** WARNING L1: UNRESOLVED EXTERNAL SYMBOL
    SYMBOL:  HC_SR04_GETDISTANCE
    MODULE:  main.obj (MAIN)
*** WARNING L2: REFERENCE MADE TO UNRESOLVED EXTERNAL
    SYMBOL:  HC_SR04_GETDISTANCE
    MODULE:  main.obj (MAIN)
    ADDRESS: 0C62H
Program Size: data=113.1 xdata=0 code=5311
creating hex file from "Course_Design"...
"Course_Design" - 0 Error(s), 8 Warning(s).
Build target 'Target 1'
assembling STARTUP.A51...
compiling main.c...
E:\KEIL\C51\INC\REG52.H(13): error C231: 'P0': redefinition
E:\KEIL\C51\INC\REG52.H(14): error C231: 'P1': redefinition
E:\KEIL\C51\INC\REG52.H(15): error C231: 'P2': redefinition
E:\KEIL\C51\INC\REG52.H(16): error C231: 'P3': redefinition
E:\KEIL\C51\INC\REG52.H(17): error C231: 'PSW': redefinition
E:\KEIL\C51\INC\REG52.H(18): error C231: 'ACC': redefinition
E:\KEIL\C51\INC\REG52.H(19): error C231: 'B': redefinition
E:\KEIL\C51\INC\REG52.H(20): error C231: 'SP': redefinition
E:\KEIL\C51\INC\REG52.H(21): error C231: 'DPL': redefinition
E:\KEIL\C51\INC\REG52.H(22): error C231: 'DPH': redefinition
E:\KEIL\C51\INC\REG52.H(23): error C231: 'PCON': redefinition
E:\KEIL\C51\INC\REG52.H(24): error C231: 'TCON': redefinition
E:\KEIL\C51\INC\REG52.H(25): error C231: 'TMOD': redefinition
E:\KEIL\C51\INC\REG52.H(26): error C231: 'TL0': redefinition
E:\KEIL\C51\INC\REG52.H(27): error C231: 'TL1': redefinition
E:\KEIL\C51\INC\REG52.H(28): error C231: 'TH0': redefinition
E:\KEIL\C51\INC\REG52.H(29): error C231: 'TH1': redefinition
E:\KEIL\C51\INC\REG52.H(30): error C231: 'IE': redefinition
E:\KEIL\C51\INC\REG52.H(31): error C231: 'IP': redefinition
E:\KEIL\C51\INC\REG52.H(32): error C231: 'SCON': redefinition
E:\KEIL\C51\INC\REG52.H(33): error C231: 'SBUF': redefinition
E:\KEIL\C51\INC\REG52.H(36): error C231: 'T2CON': redefinition
E:\KEIL\C51\INC\REG52.H(37): error C231: 'RCAP2L': redefinition
E:\KEIL\C51\INC\REG52.H(38): error C231: 'RCAP2H': redefinition
E:\KEIL\C51\INC\REG52.H(39): error C231: 'TL2': redefinition
E:\KEIL\C51\INC\REG52.H(40): error C231: 'TH2': redefinition
E:\KEIL\C51\INC\REG52.H(45): error C231: 'CY': redefinition
E:\KEIL\C51\INC\REG52.H(46): error C231: 'AC': redefinition
E:\KEIL\C51\INC\REG52.H(47): error C231: 'F0': redefinition
E:\KEIL\C51\INC\REG52.H(48): error C231: 'RS1': redefinition
E:\KEIL\C51\INC\REG52.H(49): error C231: 'RS0': redefinition
E:\KEIL\C51\INC\REG52.H(50): error C231: 'OV': redefinition
E:\KEIL\C51\INC\REG52.H(51): error C231: 'P': redefinition
E:\KEIL\C51\INC\REG52.H(54): error C231: 'TF1': redefinition
E:\KEIL\C51\INC\REG52.H(55): error C231: 'TR1': redefinition
E:\KEIL\C51\INC\REG52.H(56): error C231: 'TF0': redefinition
E:\KEIL\C51\INC\REG52.H(57): error C231: 'TR0': redefinition
E:\KEIL\C51\INC\REG52.H(58): error C231: 'IE1': redefinition
E:\KEIL\C51\INC\REG52.H(59): error C231: 'IT1': redefinition
E:\KEIL\C51\INC\REG52.H(60): error C231: 'IE0': redefinition
E:\KEIL\C51\INC\REG52.H(61): error C231: 'IT0': redefinition
E:\KEIL\C51\INC\REG52.H(64): error C231: 'EA': redefinition
E:\KEIL\C51\INC\REG52.H(65): error C231: 'ET2': redefinition
E:\KEIL\C51\INC\REG52.H(66): error C231: 'ES': redefinition
E:\KEIL\C51\INC\REG52.H(67): error C231: 'ET1': redefinition
E:\KEIL\C51\INC\REG52.H(68): error C231: 'EX1': redefinition
E:\KEIL\C51\INC\REG52.H(69): error C231: 'ET0': redefinition
E:\KEIL\C51\INC\REG52.H(70): error C231: 'EX0': redefinition
E:\KEIL\C51\INC\REG52.H(73): error C231: 'PT2': redefinition
E:\KEIL\C51\INC\REG52.H(74): error C231: 'PS': redefinition
E:\KEIL\C51\INC\REG52.H(75): error C231: 'PT1': redefinition
E:\KEIL\C51\INC\REG52.H(76): error C231: 'PX1': redefinition
E:\KEIL\C51\INC\REG52.H(77): error C231: 'PT0': redefinition
E:\KEIL\C51\INC\REG52.H(78): error C231: 'PX0': redefinition
E:\KEIL\C51\INC\REG52.H(81): error C231: 'RD': redefinition
E:\KEIL\C51\INC\REG52.H(82): error C231: 'WR': redefinition
E:\KEIL\C51\INC\REG52.H(83): error C231: 'T1': redefinition
E:\KEIL\C51\INC\REG52.H(84): error C231: 'T0': redefinition
E:\KEIL\C51\INC\REG52.H(85): error C231: 'INT1': redefinition
E:\KEIL\C51\INC\REG52.H(86): error C231: 'INT0': redefinition
E:\KEIL\C51\INC\REG52.H(87): error C231: 'TXD': redefinition
E:\KEIL\C51\INC\REG52.H(88): error C231: 'RXD': redefinition
E:\KEIL\C51\INC\REG52.H(91): error C231: 'SM0': redefinition
E:\KEIL\C51\INC\REG52.H(92): error C231: 'SM1': redefinition
E:\KEIL\C51\INC\REG52.H(93): error C231: 'SM2': redefinition
E:\KEIL\C51\INC\REG52.H(94): error C231: 'REN': redefinition
E:\KEIL\C51\INC\REG52.H(95): error C231: 'TB8': redefinition
E:\KEIL\C51\INC\REG52.H(96): error C231: 'RB8': redefinition
E:\KEIL\C51\INC\REG52.H(97): error C231: 'TI': redefinition
E:\KEIL\C51\INC\REG52.H(98): error C231: 'RI': redefinition
E:\KEIL\C51\INC\REG52.H(101): error C231: 'T2EX': redefinition
E:\KEIL\C51\INC\REG52.H(102): error C231: 'T2': redefinition
E:\KEIL\C51\INC\REG52.H(105): error C231: 'TF2': redefinition
E:\KEIL\C51\INC\REG52.H(106): error C231: 'EXF2': redefinition
E:\KEIL\C51\INC\REG52.H(107): error C231: 'RCLK': redefinition
E:\KEIL\C51\INC\REG52.H(108): error C231: 'TCLK': redefinition
E:\KEIL\C51\INC\REG52.H(109): error C231: 'EXEN2': redefinition
E:\KEIL\C51\INC\REG52.H(110): error C231: 'TR2': redefinition
E:\KEIL\C51\INC\REG52.H(111): error C231: 'C_T2': redefinition
E:\KEIL\C51\INC\REG52.H(112): error C231: 'CP_RL2': redefinition
compiling LCD1602.c...
compiling DS1302.c...
DS1302.C(106): warning C235: parameter 1: different types
compiling IR.c...
compiling Int0.c...
compiling Timer0.c...
compiling DS18B20.c...
compiling OneWire.c...
compiling Delay.c...
Target not created
Build target 'Target 1'
assembling STARTUP.A51...
compiling main.c...
E:\KEIL\C51\INC\REG52.H(13): error C231: 'P0': redefinition
E:\KEIL\C51\INC\REG52.H(14): error C231: 'P1': redefinition
E:\KEIL\C51\INC\REG52.H(15): error C231: 'P2': redefinition
E:\KEIL\C51\INC\REG52.H(16): error C231: 'P3': redefinition
E:\KEIL\C51\INC\REG52.H(17): error C231: 'PSW': redefinition
E:\KEIL\C51\INC\REG52.H(18): error C231: 'ACC': redefinition
E:\KEIL\C51\INC\REG52.H(19): error C231: 'B': redefinition
E:\KEIL\C51\INC\REG52.H(20): error C231: 'SP': redefinition
E:\KEIL\C51\INC\REG52.H(21): error C231: 'DPL': redefinition
E:\KEIL\C51\INC\REG52.H(22): error C231: 'DPH': redefinition
E:\KEIL\C51\INC\REG52.H(23): error C231: 'PCON': redefinition
E:\KEIL\C51\INC\REG52.H(24): error C231: 'TCON': redefinition
E:\KEIL\C51\INC\REG52.H(25): error C231: 'TMOD': redefinition
E:\KEIL\C51\INC\REG52.H(26): error C231: 'TL0': redefinition
E:\KEIL\C51\INC\REG52.H(27): error C231: 'TL1': redefinition
E:\KEIL\C51\INC\REG52.H(28): error C231: 'TH0': redefinition
E:\KEIL\C51\INC\REG52.H(29): error C231: 'TH1': redefinition
E:\KEIL\C51\INC\REG52.H(30): error C231: 'IE': redefinition
E:\KEIL\C51\INC\REG52.H(31): error C231: 'IP': redefinition
E:\KEIL\C51\INC\REG52.H(32): error C231: 'SCON': redefinition
E:\KEIL\C51\INC\REG52.H(33): error C231: 'SBUF': redefinition
E:\KEIL\C51\INC\REG52.H(36): error C231: 'T2CON': redefinition
E:\KEIL\C51\INC\REG52.H(37): error C231: 'RCAP2L': redefinition
E:\KEIL\C51\INC\REG52.H(38): error C231: 'RCAP2H': redefinition
E:\KEIL\C51\INC\REG52.H(39): error C231: 'TL2': redefinition
E:\KEIL\C51\INC\REG52.H(40): error C231: 'TH2': redefinition
E:\KEIL\C51\INC\REG52.H(45): error C231: 'CY': redefinition
E:\KEIL\C51\INC\REG52.H(46): error C231: 'AC': redefinition
E:\KEIL\C51\INC\REG52.H(47): error C231: 'F0': redefinition
E:\KEIL\C51\INC\REG52.H(48): error C231: 'RS1': redefinition
E:\KEIL\C51\INC\REG52.H(49): error C231: 'RS0': redefinition
E:\KEIL\C51\INC\REG52.H(50): error C231: 'OV': redefinition
E:\KEIL\C51\INC\REG52.H(51): error C231: 'P': redefinition
E:\KEIL\C51\INC\REG52.H(54): error C231: 'TF1': redefinition
E:\KEIL\C51\INC\REG52.H(55): error C231: 'TR1': redefinition
E:\KEIL\C51\INC\REG52.H(56): error C231: 'TF0': redefinition
E:\KEIL\C51\INC\REG52.H(57): error C231: 'TR0': redefinition
E:\KEIL\C51\INC\REG52.H(58): error C231: 'IE1': redefinition
E:\KEIL\C51\INC\REG52.H(59): error C231: 'IT1': redefinition
E:\KEIL\C51\INC\REG52.H(60): error C231: 'IE0': redefinition
E:\KEIL\C51\INC\REG52.H(61): error C231: 'IT0': redefinition
E:\KEIL\C51\INC\REG52.H(64): error C231: 'EA': redefinition
E:\KEIL\C51\INC\REG52.H(65): error C231: 'ET2': redefinition
E:\KEIL\C51\INC\REG52.H(66): error C231: 'ES': redefinition
E:\KEIL\C51\INC\REG52.H(67): error C231: 'ET1': redefinition
E:\KEIL\C51\INC\REG52.H(68): error C231: 'EX1': redefinition
E:\KEIL\C51\INC\REG52.H(69): error C231: 'ET0': redefinition
E:\KEIL\C51\INC\REG52.H(70): error C231: 'EX0': redefinition
E:\KEIL\C51\INC\REG52.H(73): error C231: 'PT2': redefinition
E:\KEIL\C51\INC\REG52.H(74): error C231: 'PS': redefinition
E:\KEIL\C51\INC\REG52.H(75): error C231: 'PT1': redefinition
E:\KEIL\C51\INC\REG52.H(76): error C231: 'PX1': redefinition
E:\KEIL\C51\INC\REG52.H(77): error C231: 'PT0': redefinition
E:\KEIL\C51\INC\REG52.H(78): error C231: 'PX0': redefinition
E:\KEIL\C51\INC\REG52.H(81): error C231: 'RD': redefinition
E:\KEIL\C51\INC\REG52.H(82): error C231: 'WR': redefinition
E:\KEIL\C51\INC\REG52.H(83): error C231: 'T1': redefinition
E:\KEIL\C51\INC\REG52.H(84): error C231: 'T0': redefinition
E:\KEIL\C51\INC\REG52.H(85): error C231: 'INT1': redefinition
E:\KEIL\C51\INC\REG52.H(86): error C231: 'INT0': redefinition
E:\KEIL\C51\INC\REG52.H(87): error C231: 'TXD': redefinition
E:\KEIL\C51\INC\REG52.H(88): error C231: 'RXD': redefinition
E:\KEIL\C51\INC\REG52.H(91): error C231: 'SM0': redefinition
E:\KEIL\C51\INC\REG52.H(92): error C231: 'SM1': redefinition
E:\KEIL\C51\INC\REG52.H(93): error C231: 'SM2': redefinition
E:\KEIL\C51\INC\REG52.H(94): error C231: 'REN': redefinition
E:\KEIL\C51\INC\REG52.H(95): error C231: 'TB8': redefinition
E:\KEIL\C51\INC\REG52.H(96): error C231: 'RB8': redefinition
E:\KEIL\C51\INC\REG52.H(97): error C231: 'TI': redefinition
E:\KEIL\C51\INC\REG52.H(98): error C231: 'RI': redefinition
E:\KEIL\C51\INC\REG52.H(101): error C231: 'T2EX': redefinition
E:\KEIL\C51\INC\REG52.H(102): error C231: 'T2': redefinition
E:\KEIL\C51\INC\REG52.H(105): error C231: 'TF2': redefinition
E:\KEIL\C51\INC\REG52.H(106): error C231: 'EXF2': redefinition
E:\KEIL\C51\INC\REG52.H(107): error C231: 'RCLK': redefinition
E:\KEIL\C51\INC\REG52.H(108): error C231: 'TCLK': redefinition
E:\KEIL\C51\INC\REG52.H(109): error C231: 'EXEN2': redefinition
E:\KEIL\C51\INC\REG52.H(110): error C231: 'TR2': redefinition
E:\KEIL\C51\INC\REG52.H(111): error C231: 'C_T2': redefinition
E:\KEIL\C51\INC\REG52.H(112): error C231: 'CP_RL2': redefinition
compiling LCD1602.c...
compiling DS1302.c...
DS1302.C(106): warning C235: parameter 1: different types
compiling IR.c...
compiling Int0.c...
compiling Timer0.c...
compiling DS18B20.c...
compiling OneWire.c...
compiling Delay.c...
Target not created
Build target 'Target 1'
assembling STARTUP.A51...
compiling main.c...
MAIN.C(75): warning C235: parameter 1: different types
compiling LCD1602.c...
compiling DS1302.c...
DS1302.C(106): warning C235: parameter 1: different types
compiling IR.c...
compiling Int0.c...
compiling Timer0.c...
compiling DS18B20.c...
compiling OneWire.c...
compiling Delay.c...
linking...
*** WARNING L16: UNCALLED SEGMENT, IGNORED FOR OVERLAY PROCESS
    SEGMENT: ?PR?_DELAY_MS?MAIN
*** WARNING L16: UNCALLED SEGMENT, IGNORED FOR OVERLAY PROCESS
    SEGMENT: ?PR?_LCD_SHOWINT?MAIN
*** WARNING L16: UNCALLED SEGMENT, IGNORED FOR OVERLAY PROCESS
    SEGMENT: ?PR?_LCD_SHOWSIGNEDNUM?LCD1602
*** WARNING L16: UNCALLED SEGMENT, IGNORED FOR OVERLAY PROCESS
    SEGMENT: ?PR?_LCD_SHOWBINNUM?LCD1602
*** WARNING L1: UNRESOLVED EXTERNAL SYMBOL
    SYMBOL:  HC_SR04_GETDISTANCE
    MODULE:  main.obj (MAIN)
*** WARNING L2: REFERENCE MADE TO UNRESOLVED EXTERNAL
    SYMBOL:  HC_SR04_GETDISTANCE
    MODULE:  main.obj (MAIN)
    ADDRESS: 0C62H
Program Size: data=113.1 xdata=0 code=5311
creating hex file from "Course_Design"...
"Course_Design" - 0 Error(s), 8 Warning(s).
Build target 'Target 1'
linking...
*** WARNING L16: UNCALLED SEGMENT, IGNORED FOR OVERLAY PROCESS
    SEGMENT: ?PR?_DELAY_MS?MAIN
*** WARNING L16: UNCALLED SEGMENT, IGNORED FOR OVERLAY PROCESS
    SEGMENT: ?PR?_LCD_SHOWINT?MAIN
*** WARNING L16: UNCALLED SEGMENT, IGNORED FOR OVERLAY PROCESS
    SEGMENT: ?PR?_LCD_SHOWSIGNEDNUM?LCD1602
*** WARNING L16: UNCALLED SEGMENT, IGNORED FOR OVERLAY PROCESS
    SEGMENT: ?PR?_LCD_SHOWBINNUM?LCD1602
*** WARNING L1: UNRESOLVED EXTERNAL SYMBOL
    SYMBOL:  HC_SR04_GETDISTANCE
    MODULE:  main.obj (MAIN)
*** WARNING L2: REFERENCE MADE TO UNRESOLVED EXTERNAL
    SYMBOL:  HC_SR04_GETDISTANCE
    MODULE:  main.obj (MAIN)
    ADDRESS: 0C62H
Program Size: data=113.1 xdata=0 code=5311
creating hex file from "Course_Design"...
"Course_Design" - 0 Error(s), 6 Warning(s).
Build target 'Target 1'
linking...
*** WARNING L16: UNCALLED SEGMENT, IGNORED FOR OVERLAY PROCESS
    SEGMENT: ?PR?_DELAY_MS?MAIN
*** WARNING L16: UNCALLED SEGMENT, IGNORED FOR OVERLAY PROCESS
    SEGMENT: ?PR?_LCD_SHOWINT?MAIN
*** WARNING L16: UNCALLED SEGMENT, IGNORED FOR OVERLAY PROCESS
    SEGMENT: ?PR?_LCD_SHOWSIGNEDNUM?LCD1602
*** WARNING L16: UNCALLED SEGMENT, IGNORED FOR OVERLAY PROCESS
    SEGMENT: ?PR?_LCD_SHOWBINNUM?LCD1602
*** WARNING L1: UNRESOLVED EXTERNAL SYMBOL
    SYMBOL:  HC_SR04_GETDISTANCE
    MODULE:  main.obj (MAIN)
*** WARNING L2: REFERENCE MADE TO UNRESOLVED EXTERNAL
    SYMBOL:  HC_SR04_GETDISTANCE
    MODULE:  main.obj (MAIN)
    ADDRESS: 0C62H
Program Size: data=113.1 xdata=0 code=5311
creating hex file from "Course_Design"...
"Course_Design" - 0 Error(s), 6 Warning(s).
Build target 'Target 1'
linking...
*** WARNING L16: UNCALLED SEGMENT, IGNORED FOR OVERLAY PROCESS
    SEGMENT: ?PR?_DELAY_MS?MAIN
*** WARNING L16: UNCALLED SEGMENT, IGNORED FOR OVERLAY PROCESS
    SEGMENT: ?PR?_LCD_SHOWINT?MAIN
*** WARNING L16: UNCALLED SEGMENT, IGNORED FOR OVERLAY PROCESS
    SEGMENT: ?PR?_LCD_SHOWSIGNEDNUM?LCD1602
*** WARNING L16: UNCALLED SEGMENT, IGNORED FOR OVERLAY PROCESS
    SEGMENT: ?PR?_LCD_SHOWBINNUM?LCD1602
*** WARNING L1: UNRESOLVED EXTERNAL SYMBOL
    SYMBOL:  HC_SR04_GETDISTANCE
    MODULE:  main.obj (MAIN)
*** WARNING L2: REFERENCE MADE TO UNRESOLVED EXTERNAL
    SYMBOL:  HC_SR04_GETDISTANCE
    MODULE:  main.obj (MAIN)
    ADDRESS: 0C62H
Program Size: data=113.1 xdata=0 code=5311
creating hex file from "Course_Design"...
"Course_Design" - 0 Error(s), 6 Warning(s).
Build target 'Target 1'
assembling STARTUP.A51...
compiling main.c...
MAIN.C(75): warning C235: parameter 1: different types
compiling LCD1602.c...
compiling DS1302.c...
DS1302.C(106): warning C235: parameter 1: different types
compiling IR.c...
compiling Int0.c...
compiling Timer0.c...
compiling DS18B20.c...
compiling OneWire.c...
compiling Delay.c...
linking...
*** WARNING L16: UNCALLED SEGMENT, IGNORED FOR OVERLAY PROCESS
    SEGMENT: ?PR?_DELAY_MS?MAIN
*** WARNING L16: UNCALLED SEGMENT, IGNORED FOR OVERLAY PROCESS
    SEGMENT: ?PR?_LCD_SHOWINT?MAIN
*** WARNING L16: UNCALLED SEGMENT, IGNORED FOR OVERLAY PROCESS
    SEGMENT: ?PR?_LCD_SHOWSIGNEDNUM?LCD1602
*** WARNING L16: UNCALLED SEGMENT, IGNORED FOR OVERLAY PROCESS
    SEGMENT: ?PR?_LCD_SHOWBINNUM?LCD1602
*** WARNING L1: UNRESOLVED EXTERNAL SYMBOL
    SYMBOL:  HC_SR04_GETDISTANCE
    MODULE:  main.obj (MAIN)
*** WARNING L2: REFERENCE MADE TO UNRESOLVED EXTERNAL
    SYMBOL:  HC_SR04_GETDISTANCE
    MODULE:  main.obj (MAIN)
    ADDRESS: 0C62H
Program Size: data=113.1 xdata=0 code=5311
creating hex file from "Course_Design"...
"Course_Design" - 0 Error(s), 8 Warning(s).
Build target 'Target 1'
assembling STARTUP.A51...
compiling main.c...
MAIN.C(75): warning C235: parameter 1: different types
compiling LCD1602.c...
compiling DS1302.c...
DS1302.C(106): warning C235: parameter 1: different types
compiling IR.c...
compiling Int0.c...
compiling Timer0.c...
compiling DS18B20.c...
compiling OneWire.c...
compiling Delay.c...
linking...
*** WARNING L16: UNCALLED SEGMENT, IGNORED FOR OVERLAY PROCESS
    SEGMENT: ?PR?_DELAY_MS?MAIN
*** WARNING L16: UNCALLED SEGMENT, IGNORED FOR OVERLAY PROCESS
    SEGMENT: ?PR?_LCD_SHOWINT?MAIN
*** WARNING L16: UNCALLED SEGMENT, IGNORED FOR OVERLAY PROCESS
    SEGMENT: ?PR?_LCD_SHOWSIGNEDNUM?LCD1602
*** WARNING L16: UNCALLED SEGMENT, IGNORED FOR OVERLAY PROCESS
    SEGMENT: ?PR?_LCD_SHOWBINNUM?LCD1602
*** WARNING L1: UNRESOLVED EXTERNAL SYMBOL
    SYMBOL:  HC_SR04_GETDISTANCE
    MODULE:  main.obj (MAIN)
*** WARNING L2: REFERENCE MADE TO UNRESOLVED EXTERNAL
    SYMBOL:  HC_SR04_GETDISTANCE
    MODULE:  main.obj (MAIN)
    ADDRESS: 0C62H
Program Size: data=113.1 xdata=0 code=5321
creating hex file from "Course_Design"...
"Course_Design" - 0 Error(s), 8 Warning(s).
Build target 'Target 1'
assembling STARTUP.A51...
compiling main.c...
MAIN.C(78): warning C235: parameter 1: different types
compiling LCD1602.c...
compiling DS1302.c...
DS1302.C(106): warning C235: parameter 1: different types
compiling IR.c...
compiling Int0.c...
compiling Timer0.c...
compiling DS18B20.c...
compiling OneWire.c...
compiling Delay.c...
linking...
*** WARNING L16: UNCALLED SEGMENT, IGNORED FOR OVERLAY PROCESS
    SEGMENT: ?PR?_MENU?MAIN
*** WARNING L16: UNCALLED SEGMENT, IGNORED FOR OVERLAY PROCESS
    SEGMENT: ?PR?_DELAY_MS?MAIN
*** WARNING L16: UNCALLED SEGMENT, IGNORED FOR OVERLAY PROCESS
    SEGMENT: ?PR?_LCD_SHOWINT?MAIN
*** WARNING L16: UNCALLED SEGMENT, IGNORED FOR OVERLAY PROCESS
    SEGMENT: ?PR?_LCD_SHOWSIGNEDNUM?LCD1602
*** WARNING L16: UNCALLED SEGMENT, IGNORED FOR OVERLAY PROCESS
    SEGMENT: ?PR?_LCD_SHOWBINNUM?LCD1602
*** WARNING L16: UNCALLED SEGMENT, IGNORED FOR OVERLAY PROCESS
    SEGMENT: ?PR?DS1302_INIT?DS1302
*** WARNING L16: UNCALLED SEGMENT, IGNORED FOR OVERLAY PROCESS
    SEGMENT: ?PR?DS1302_SETTIME?DS1302
*** WARNING L16: UNCALLED SEGMENT, IGNORED FOR OVERLAY PROCESS
    SEGMENT: ?PR?IR_INIT?IR
*** WARNING L16: UNCALLED SEGMENT, IGNORED FOR OVERLAY PROCESS
    SEGMENT: ?PR?IR_GETDATAFLAG?IR
*** WARNING L16: UNCALLED SEGMENT, IGNORED FOR OVERLAY PROCESS
    SEGMENT: ?PR?IR_GETREPEATFLAG?IR
*** WARNING L16: UNCALLED SEGMENT, IGNORED FOR OVERLAY PROCESS
    SEGMENT: ?PR?IR_GETADDRESS?IR
*** WARNING L16: UNCALLED SEGMENT, IGNORED FOR OVERLAY PROCESS
    SEGMENT: ?PR?IR_GETCOMMAND?IR
*** WARNING L1: UNRESOLVED EXTERNAL SYMBOL
    SYMBOL:  HC_SR04_GETDISTANCE
    MODULE:  main.obj (MAIN)
*** WARNING L2: REFERENCE MADE TO UNRESOLVED EXTERNAL
    SYMBOL:  HC_SR04_GETDISTANCE
    MODULE:  main.obj (MAIN)
    ADDRESS: 0C62H
Program Size: data=118.1 xdata=0 code=5425
creating hex file from "Course_Design"...
"Course_Design" - 0 Error(s), 16 Warning(s).
Build target 'Target 1'
assembling STARTUP.A51...
compiling main.c...
MAIN.C(93): warning C235: parameter 1: different types
compiling LCD1602.c...
compiling DS1302.c...
DS1302.C(106): warning C235: parameter 1: different types
compiling IR.c...
compiling Int0.c...
compiling Timer0.c...
compiling DS18B20.c...
compiling OneWire.c...
compiling Delay.c...
linking...
*** WARNING L16: UNCALLED SEGMENT, IGNORED FOR OVERLAY PROCESS
    SEGMENT: ?PR?_MENU?MAIN
*** WARNING L16: UNCALLED SEGMENT, IGNORED FOR OVERLAY PROCESS
    SEGMENT: ?PR?_DELAY_MS?MAIN
*** WARNING L16: UNCALLED SEGMENT, IGNORED FOR OVERLAY PROCESS
    SEGMENT: ?PR?_LCD_SHOWINT?MAIN
*** WARNING L16: UNCALLED SEGMENT, IGNORED FOR OVERLAY PROCESS
    SEGMENT: ?PR?_LCD_SHOWSIGNEDNUM?LCD1602
*** WARNING L16: UNCALLED SEGMENT, IGNORED FOR OVERLAY PROCESS
    SEGMENT: ?PR?_LCD_SHOWBINNUM?LCD1602
*** WARNING L16: UNCALLED SEGMENT, IGNORED FOR OVERLAY PROCESS
    SEGMENT: ?PR?DS1302_INIT?DS1302
*** WARNING L16: UNCALLED SEGMENT, IGNORED FOR OVERLAY PROCESS
    SEGMENT: ?PR?DS1302_SETTIME?DS1302
*** WARNING L1: UNRESOLVED EXTERNAL SYMBOL
    SYMBOL:  HC_SR04_GETDISTANCE
    MODULE:  main.obj (MAIN)
*** WARNING L2: REFERENCE MADE TO UNRESOLVED EXTERNAL
    SYMBOL:  HC_SR04_GETDISTANCE
    MODULE:  main.obj (MAIN)
    ADDRESS: 0C62H
Program Size: data=118.1 xdata=0 code=5469
creating hex file from "Course_Design"...
"Course_Design" - 0 Error(s), 11 Warning(s).
Build target 'Target 1'
assembling STARTUP.A51...
compiling main.c...
MAIN.C(79): error C141: syntax error near 'void'
compiling LCD1602.c...
compiling DS1302.c...
DS1302.C(106): warning C235: parameter 1: different types
compiling IR.c...
compiling Int0.c...
compiling Timer0.c...
compiling DS18B20.c...
compiling OneWire.c...
compiling Delay.c...
Target not created
Build target 'Target 1'
assembling STARTUP.A51...
compiling main.c...
MAIN.C(79): error C141: syntax error near 'void'
compiling LCD1602.c...
compiling DS1302.c...
DS1302.C(106): warning C235: parameter 1: different types
compiling IR.c...
compiling Int0.c...
compiling Timer0.c...
compiling DS18B20.c...
compiling OneWire.c...
compiling Delay.c...
Target not created
Build target 'Target 1'
assembling STARTUP.A51...
compiling main.c...
MAIN.C(45): error C208: '_menu': too many actual parameters
MAIN.C(79): error C141: syntax error near 'void'
compiling LCD1602.c...
compiling DS1302.c...
DS1302.C(106): warning C235: parameter 1: different types
compiling IR.c...
compiling Int0.c...
compiling Timer0.c...
compiling DS18B20.c...
compiling OneWire.c...
compiling Delay.c...
Target not created
Build target 'Target 1'
assembling STARTUP.A51...
compiling main.c...
MAIN.C(79): error C141: syntax error near 'void'
compiling LCD1602.c...
compiling DS1302.c...
DS1302.C(106): warning C235: parameter 1: different types
compiling IR.c...
compiling Int0.c...
compiling Timer0.c...
compiling DS18B20.c...
compiling OneWire.c...
compiling Delay.c...
Target not created
Build target 'Target 1'
assembling STARTUP.A51...
compiling main.c...
MAIN.C(79): error C141: syntax error near 'void'
compiling LCD1602.c...
compiling DS1302.c...
DS1302.C(106): warning C235: parameter 1: different types
compiling IR.c...
compiling Int0.c...
compiling Timer0.c...
compiling DS18B20.c...
compiling OneWire.c...
compiling Delay.c...
Target not created
Build target 'Target 1'
assembling STARTUP.A51...
compiling main.c...
MAIN.C(79): error C141: syntax error near 'void'
compiling LCD1602.c...
compiling DS1302.c...
DS1302.C(106): warning C235: parameter 1: different types
compiling IR.c...
compiling Int0.c...
compiling Timer0.c...
compiling DS18B20.c...
compiling OneWire.c...
compiling Delay.c...
Target not created
Build target 'Target 1'
assembling STARTUP.A51...
compiling main.c...
MAIN.C(79): error C141: syntax error near 'void'
compiling LCD1602.c...
compiling DS1302.c...
DS1302.C(106): warning C235: parameter 1: different types
compiling IR.c...
compiling Int0.c...
compiling Timer0.c...
compiling DS18B20.c...
compiling OneWire.c...
compiling Delay.c...
Target not created
Build target 'Target 1'
assembling STARTUP.A51...
compiling main.c...
MAIN.C(79): error C141: syntax error near 'void'
compiling LCD1602.c...
compiling DS1302.c...
DS1302.C(106): warning C235: parameter 1: different types
compiling IR.c...
compiling Int0.c...
compiling Timer0.c...
compiling DS18B20.c...
compiling OneWire.c...
compiling Delay.c...
Target not created
Build target 'Target 1'
assembling STARTUP.A51...
compiling main.c...
MAIN.C(79): error C141: syntax error near 'void'
compiling LCD1602.c...
compiling DS1302.c...
DS1302.C(106): warning C235: parameter 1: different types
compiling IR.c...
compiling Int0.c...
compiling Timer0.c...
compiling DS18B20.c...
compiling OneWire.c...
compiling Delay.c...
Target not created
Build target 'Target 1'
assembling STARTUP.A51...
compiling main.c...
MAIN.C(91): error C141: syntax error near 'void'
compiling LCD1602.c...
compiling DS1302.c...
DS1302.C(106): warning C235: parameter 1: different types
compiling IR.c...
compiling Int0.c...
compiling Timer0.c...
compiling DS18B20.c...
compiling OneWire.c...
compiling Delay.c...
Target not created
Build target 'Target 1'
assembling STARTUP.A51...
compiling main.c...
compiling LCD1602.c...
compiling DS1302.c...
DS1302.C(106): warning C235: parameter 1: different types
compiling IR.c...
compiling Int0.c...
compiling Timer0.c...
compiling DS18B20.c...
compiling OneWire.c...
compiling Delay.c...
linking...
*** WARNING L16: UNCALLED SEGMENT, IGNORED FOR OVERLAY PROCESS
    SEGMENT: ?PR?_MENU?MAIN
*** WARNING L16: UNCALLED SEGMENT, IGNORED FOR OVERLAY PROCESS
    SEGMENT: ?PR?_DELAY_MS?MAIN
*** WARNING L16: UNCALLED SEGMENT, IGNORED FOR OVERLAY PROCESS
    SEGMENT: ?PR?_LCD_SHOWINT?MAIN
*** WARNING L16: UNCALLED SEGMENT, IGNORED FOR OVERLAY PROCESS
    SEGMENT: ?PR?_LCD_SHOWSIGNEDNUM?LCD1602
*** WARNING L16: UNCALLED SEGMENT, IGNORED FOR OVERLAY PROCESS
    SEGMENT: ?PR?_LCD_SHOWBINNUM?LCD1602
*** WARNING L16: UNCALLED SEGMENT, IGNORED FOR OVERLAY PROCESS
    SEGMENT: ?PR?DS1302_INIT?DS1302
*** WARNING L16: UNCALLED SEGMENT, IGNORED FOR OVERLAY PROCESS
    SEGMENT: ?PR?DS1302_SETTIME?DS1302
*** WARNING L16: UNCALLED SEGMENT, IGNORED FOR OVERLAY PROCESS
    SEGMENT: ?PR?DS18B20_READT?DS18B20
*** WARNING L1: UNRESOLVED EXTERNAL SYMBOL
    SYMBOL:  HC_SR04_GETDISTANCE
    MODULE:  main.obj (MAIN)
*** WARNING L2: REFERENCE MADE TO UNRESOLVED EXTERNAL
    SYMBOL:  HC_SR04_GETDISTANCE
    MODULE:  main.obj (MAIN)
    ADDRESS: 0D23H
Program Size: data=122.1 xdata=0 code=4759
creating hex file from "Course_Design"...
"Course_Design" - 0 Error(s), 11 Warning(s).
Build target 'Target 1'
assembling STARTUP.A51...
compiling main.c...
compiling LCD1602.c...
compiling DS1302.c...
DS1302.C(106): warning C235: parameter 1: different types
compiling IR.c...
compiling Int0.c...
compiling Timer0.c...
compiling DS18B20.c...
compiling OneWire.c...
compiling Delay.c...
linking...
*** WARNING L16: UNCALLED SEGMENT, IGNORED FOR OVERLAY PROCESS
    SEGMENT: ?PR?_DELAY_MS?MAIN
*** WARNING L16: UNCALLED SEGMENT, IGNORED FOR OVERLAY PROCESS
    SEGMENT: ?PR?_LCD_SHOWINT?MAIN
*** WARNING L16: UNCALLED SEGMENT, IGNORED FOR OVERLAY PROCESS
    SEGMENT: ?PR?_LCD_SHOWSIGNEDNUM?LCD1602
*** WARNING L16: UNCALLED SEGMENT, IGNORED FOR OVERLAY PROCESS
    SEGMENT: ?PR?_LCD_SHOWBINNUM?LCD1602
*** WARNING L16: UNCALLED SEGMENT, IGNORED FOR OVERLAY PROCESS
    SEGMENT: ?PR?DS1302_INIT?DS1302
*** WARNING L16: UNCALLED SEGMENT, IGNORED FOR OVERLAY PROCESS
    SEGMENT: ?PR?DS1302_SETTIME?DS1302
*** WARNING L16: UNCALLED SEGMENT, IGNORED FOR OVERLAY PROCESS
    SEGMENT: ?PR?DS18B20_READT?DS18B20
*** WARNING L1: UNRESOLVED EXTERNAL SYMBOL
    SYMBOL:  HC_SR04_GETDISTANCE
    MODULE:  main.obj (MAIN)
*** WARNING L2: REFERENCE MADE TO UNRESOLVED EXTERNAL
    SYMBOL:  HC_SR04_GETDISTANCE
    MODULE:  main.obj (MAIN)
    ADDRESS: 0D23H
Program Size: data=114.1 xdata=0 code=4764
creating hex file from "Course_Design"...
"Course_Design" - 0 Error(s), 10 Warning(s).
Build target 'Target 1'
assembling STARTUP.A51...
compiling main.c...
compiling LCD1602.c...
compiling DS1302.c...
DS1302.C(106): warning C235: parameter 1: different types
compiling IR.c...
compiling Int0.c...
compiling Timer0.c...
compiling DS18B20.c...
compiling OneWire.c...
compiling Delay.c...
linking...
*** WARNING L16: UNCALLED SEGMENT, IGNORED FOR OVERLAY PROCESS
    SEGMENT: ?PR?_DELAY_MS?MAIN
*** WARNING L16: UNCALLED SEGMENT, IGNORED FOR OVERLAY PROCESS
    SEGMENT: ?PR?_LCD_SHOWINT?MAIN
*** WARNING L16: UNCALLED SEGMENT, IGNORED FOR OVERLAY PROCESS
    SEGMENT: ?PR?_LCD_SHOWSIGNEDNUM?LCD1602
*** WARNING L16: UNCALLED SEGMENT, IGNORED FOR OVERLAY PROCESS
    SEGMENT: ?PR?_LCD_SHOWBINNUM?LCD1602
*** WARNING L16: UNCALLED SEGMENT, IGNORED FOR OVERLAY PROCESS
    SEGMENT: ?PR?DS1302_INIT?DS1302
*** WARNING L16: UNCALLED SEGMENT, IGNORED FOR OVERLAY PROCESS
    SEGMENT: ?PR?DS1302_SETTIME?DS1302
*** WARNING L1: UNRESOLVED EXTERNAL SYMBOL
    SYMBOL:  HC_SR04_GETDISTANCE
    MODULE:  main.obj (MAIN)
*** WARNING L2: REFERENCE MADE TO UNRESOLVED EXTERNAL
    SYMBOL:  HC_SR04_GETDISTANCE
    MODULE:  main.obj (MAIN)
    ADDRESS: 0C62H
Program Size: data=113.1 xdata=0 code=5326
creating hex file from "Course_Design"...
"Course_Design" - 0 Error(s), 9 Warning(s).
Build target 'Target 1'
assembling STARTUP.A51...
compiling main.c...
compiling LCD1602.c...
compiling DS1302.c...
DS1302.C(106): warning C235: parameter 1: different types
compiling IR.c...
compiling Int0.c...
compiling Timer0.c...
compiling DS18B20.c...
compiling OneWire.c...
compiling Delay.c...
linking...
*** WARNING L16: UNCALLED SEGMENT, IGNORED FOR OVERLAY PROCESS
    SEGMENT: ?PR?_DELAY_MS?MAIN
*** WARNING L16: UNCALLED SEGMENT, IGNORED FOR OVERLAY PROCESS
    SEGMENT: ?PR?_LCD_SHOWINT?MAIN
*** WARNING L16: UNCALLED SEGMENT, IGNORED FOR OVERLAY PROCESS
    SEGMENT: ?PR?_LCD_SHOWSIGNEDNUM?LCD1602
*** WARNING L16: UNCALLED SEGMENT, IGNORED FOR OVERLAY PROCESS
    SEGMENT: ?PR?_LCD_SHOWBINNUM?LCD1602
*** WARNING L16: UNCALLED SEGMENT, IGNORED FOR OVERLAY PROCESS
    SEGMENT: ?PR?DS1302_INIT?DS1302
*** WARNING L16: UNCALLED SEGMENT, IGNORED FOR OVERLAY PROCESS
    SEGMENT: ?PR?DS1302_SETTIME?DS1302
*** WARNING L1: UNRESOLVED EXTERNAL SYMBOL
    SYMBOL:  HC_SR04_GETDISTANCE
    MODULE:  main.obj (MAIN)
*** WARNING L2: REFERENCE MADE TO UNRESOLVED EXTERNAL
    SYMBOL:  HC_SR04_GETDISTANCE
    MODULE:  main.obj (MAIN)
    ADDRESS: 0C62H
Program Size: data=113.1 xdata=0 code=5316
creating hex file from "Course_Design"...
"Course_Design" - 0 Error(s), 9 Warning(s).
Build target 'Target 1'
assembling STARTUP.A51...
compiling main.c...
compiling LCD1602.c...
compiling DS1302.c...
DS1302.C(106): warning C235: parameter 1: different types
compiling IR.c...
compiling Int0.c...
compiling Timer0.c...
compiling DS18B20.c...
compiling OneWire.c...
compiling Delay.c...
linking...
*** WARNING L16: UNCALLED SEGMENT, IGNORED FOR OVERLAY PROCESS
    SEGMENT: ?PR?_DELAY_MS?MAIN
*** WARNING L16: UNCALLED SEGMENT, IGNORED FOR OVERLAY PROCESS
    SEGMENT: ?PR?_LCD_SHOWINT?MAIN
*** WARNING L16: UNCALLED SEGMENT, IGNORED FOR OVERLAY PROCESS
    SEGMENT: ?PR?_LCD_SHOWSIGNEDNUM?LCD1602
*** WARNING L16: UNCALLED SEGMENT, IGNORED FOR OVERLAY PROCESS
    SEGMENT: ?PR?_LCD_SHOWBINNUM?LCD1602
*** WARNING L1: UNRESOLVED EXTERNAL SYMBOL
    SYMBOL:  HC_SR04_GETDISTANCE
    MODULE:  main.obj (MAIN)
*** WARNING L2: REFERENCE MADE TO UNRESOLVED EXTERNAL
    SYMBOL:  HC_SR04_GETDISTANCE
    MODULE:  main.obj (MAIN)
    ADDRESS: 0C62H
Program Size: data=113.1 xdata=0 code=5322
creating hex file from "Course_Design"...
"Course_Design" - 0 Error(s), 7 Warning(s).
Build target 'Target 1'
assembling STARTUP.A51...
compiling main.c...
compiling LCD1602.c...
compiling DS1302.c...
DS1302.C(106): warning C235: parameter 1: different types
compiling IR.c...
compiling Int0.c...
compiling Timer0.c...
compiling DS18B20.c...
compiling OneWire.c...
compiling Delay.c...
linking...
*** WARNING L16: UNCALLED SEGMENT, IGNORED FOR OVERLAY PROCESS
    SEGMENT: ?PR?_DELAY_MS?MAIN
*** WARNING L16: UNCALLED SEGMENT, IGNORED FOR OVERLAY PROCESS
    SEGMENT: ?PR?_LCD_SHOWINT?MAIN
*** WARNING L16: UNCALLED SEGMENT, IGNORED FOR OVERLAY PROCESS
    SEGMENT: ?PR?_LCD_SHOWSIGNEDNUM?LCD1602
*** WARNING L16: UNCALLED SEGMENT, IGNORED FOR OVERLAY PROCESS
    SEGMENT: ?PR?_LCD_SHOWBINNUM?LCD1602
*** WARNING L16: UNCALLED SEGMENT, IGNORED FOR OVERLAY PROCESS
    SEGMENT: ?PR?DS1302_SETTIME?DS1302
*** WARNING L1: UNRESOLVED EXTERNAL SYMBOL
    SYMBOL:  HC_SR04_GETDISTANCE
    MODULE:  main.obj (MAIN)
*** WARNING L2: REFERENCE MADE TO UNRESOLVED EXTERNAL
    SYMBOL:  HC_SR04_GETDISTANCE
    MODULE:  main.obj (MAIN)
    ADDRESS: 0C62H
Program Size: data=113.1 xdata=0 code=5319
creating hex file from "Course_Design"...
"Course_Design" - 0 Error(s), 8 Warning(s).
Build target 'Target 1'
assembling STARTUP.A51...
compiling main.c...
compiling LCD1602.c...
compiling DS1302.c...
DS1302.C(106): warning C235: parameter 1: different types
compiling IR.c...
compiling Int0.c...
compiling Timer0.c...
compiling DS18B20.c...
compiling OneWire.c...
compiling Delay.c...
linking...
*** WARNING L16: UNCALLED SEGMENT, IGNORED FOR OVERLAY PROCESS
    SEGMENT: ?PR?_DELAY_MS?MAIN
*** WARNING L16: UNCALLED SEGMENT, IGNORED FOR OVERLAY PROCESS
    SEGMENT: ?PR?_LCD_SHOWINT?MAIN
*** WARNING L16: UNCALLED SEGMENT, IGNORED FOR OVERLAY PROCESS
    SEGMENT: ?PR?_LCD_SHOWSIGNEDNUM?LCD1602
*** WARNING L16: UNCALLED SEGMENT, IGNORED FOR OVERLAY PROCESS
    SEGMENT: ?PR?_LCD_SHOWBINNUM?LCD1602
*** WARNING L16: UNCALLED SEGMENT, IGNORED FOR OVERLAY PROCESS
    SEGMENT: ?PR?DS1302_INIT?DS1302
*** WARNING L16: UNCALLED SEGMENT, IGNORED FOR OVERLAY PROCESS
    SEGMENT: ?PR?DS1302_SETTIME?DS1302
*** WARNING L1: UNRESOLVED EXTERNAL SYMBOL
    SYMBOL:  HC_SR04_GETDISTANCE
    MODULE:  main.obj (MAIN)
*** WARNING L2: REFERENCE MADE TO UNRESOLVED EXTERNAL
    SYMBOL:  HC_SR04_GETDISTANCE
    MODULE:  main.obj (MAIN)
    ADDRESS: 0C62H
Program Size: data=113.1 xdata=0 code=5316
creating hex file from "Course_Design"...
"Course_Design" - 0 Error(s), 9 Warning(s).
Build target 'Target 1'
assembling STARTUP.A51...
compiling main.c...
compiling LCD1602.c...
compiling DS1302.c...
DS1302.C(106): warning C235: parameter 1: different types
compiling IR.c...
compiling Int0.c...
compiling Timer0.c...
compiling DS18B20.c...
compiling OneWire.c...
compiling Delay.c...
linking...
*** WARNING L16: UNCALLED SEGMENT, IGNORED FOR OVERLAY PROCESS
    SEGMENT: ?PR?_DELAY_MS?MAIN
*** WARNING L16: UNCALLED SEGMENT, IGNORED FOR OVERLAY PROCESS
    SEGMENT: ?PR?_LCD_SHOWINT?MAIN
*** WARNING L16: UNCALLED SEGMENT, IGNORED FOR OVERLAY PROCESS
    SEGMENT: ?PR?_LCD_SHOWSIGNEDNUM?LCD1602
*** WARNING L16: UNCALLED SEGMENT, IGNORED FOR OVERLAY PROCESS
    SEGMENT: ?PR?_LCD_SHOWBINNUM?LCD1602
*** WARNING L16: UNCALLED SEGMENT, IGNORED FOR OVERLAY PROCESS
    SEGMENT: ?PR?DS1302_INIT?DS1302
*** WARNING L16: UNCALLED SEGMENT, IGNORED FOR OVERLAY PROCESS
    SEGMENT: ?PR?DS1302_SETTIME?DS1302
*** WARNING L1: UNRESOLVED EXTERNAL SYMBOL
    SYMBOL:  HC_SR04_GETDISTANCE
    MODULE:  main.obj (MAIN)
*** WARNING L2: REFERENCE MADE TO UNRESOLVED EXTERNAL
    SYMBOL:  HC_SR04_GETDISTANCE
    MODULE:  main.obj (MAIN)
    ADDRESS: 0C62H
Program Size: data=117.1 xdata=0 code=5328
creating hex file from "Course_Design"...
"Course_Design" - 0 Error(s), 9 Warning(s).
Build target 'Target 1'
assembling STARTUP.A51...
compiling main.c...
compiling LCD1602.c...
compiling DS1302.c...
DS1302.C(106): warning C235: parameter 1: different types
compiling IR.c...
compiling Int0.c...
compiling Timer0.c...
compiling DS18B20.c...
compiling OneWire.c...
compiling Delay.c...
linking...
*** WARNING L16: UNCALLED SEGMENT, IGNORED FOR OVERLAY PROCESS
    SEGMENT: ?PR?_DELAY_MS?MAIN
*** WARNING L16: UNCALLED SEGMENT, IGNORED FOR OVERLAY PROCESS
    SEGMENT: ?PR?_LCD_SHOWINT?MAIN
*** WARNING L16: UNCALLED SEGMENT, IGNORED FOR OVERLAY PROCESS
    SEGMENT: ?PR?_LCD_SHOWSIGNEDNUM?LCD1602
*** WARNING L16: UNCALLED SEGMENT, IGNORED FOR OVERLAY PROCESS
    SEGMENT: ?PR?_LCD_SHOWBINNUM?LCD1602
*** WARNING L16: UNCALLED SEGMENT, IGNORED FOR OVERLAY PROCESS
    SEGMENT: ?PR?DS1302_SETTIME?DS1302
*** WARNING L1: UNRESOLVED EXTERNAL SYMBOL
    SYMBOL:  HC_SR04_GETDISTANCE
    MODULE:  main.obj (MAIN)
*** WARNING L2: REFERENCE MADE TO UNRESOLVED EXTERNAL
    SYMBOL:  HC_SR04_GETDISTANCE
    MODULE:  main.obj (MAIN)
    ADDRESS: 0C62H
Program Size: data=117.1 xdata=0 code=5331
creating hex file from "Course_Design"...
"Course_Design" - 0 Error(s), 8 Warning(s).
Build target 'Target 1'
assembling STARTUP.A51...
compiling main.c...
MAIN.C(26): error C141: syntax error near '='
compiling LCD1602.c...
compiling DS1302.c...
DS1302.C(106): warning C235: parameter 1: different types
compiling IR.c...
compiling Int0.c...
compiling Timer0.c...
compiling DS18B20.c...
compiling OneWire.c...
compiling Delay.c...
Target not created
Build target 'Target 1'
compiling main.c...
linking...
*** WARNING L16: UNCALLED SEGMENT, IGNORED FOR OVERLAY PROCESS
    SEGMENT: ?PR?_DELAY_MS?MAIN
*** WARNING L16: UNCALLED SEGMENT, IGNORED FOR OVERLAY PROCESS
    SEGMENT: ?PR?_LCD_SHOWINT?MAIN
*** WARNING L16: UNCALLED SEGMENT, IGNORED FOR OVERLAY PROCESS
    SEGMENT: ?PR?_LCD_SHOWSIGNEDNUM?LCD1602
*** WARNING L16: UNCALLED SEGMENT, IGNORED FOR OVERLAY PROCESS
    SEGMENT: ?PR?_LCD_SHOWBINNUM?LCD1602
*** WARNING L16: UNCALLED SEGMENT, IGNORED FOR OVERLAY PROCESS
    SEGMENT: ?PR?DS1302_SETTIME?DS1302
*** WARNING L1: UNRESOLVED EXTERNAL SYMBOL
    SYMBOL:  HC_SR04_GETDISTANCE
    MODULE:  main.obj (MAIN)
*** WARNING L2: REFERENCE MADE TO UNRESOLVED EXTERNAL
    SYMBOL:  HC_SR04_GETDISTANCE
    MODULE:  main.obj (MAIN)
    ADDRESS: 0C62H
Program Size: data=117.1 xdata=0 code=5334
creating hex file from "Course_Design"...
"Course_Design" - 0 Error(s), 7 Warning(s).
Build target 'Target 1'
assembling STARTUP.A51...
compiling main.c...
compiling LCD1602.c...
compiling DS1302.c...
DS1302.C(106): warning C235: parameter 1: different types
compiling IR.c...
compiling Int0.c...
compiling Timer0.c...
compiling DS18B20.c...
compiling OneWire.c...
compiling Delay.c...
linking...
*** WARNING L16: UNCALLED SEGMENT, IGNORED FOR OVERLAY PROCESS
    SEGMENT: ?PR?_DELAY_MS?MAIN
*** WARNING L16: UNCALLED SEGMENT, IGNORED FOR OVERLAY PROCESS
    SEGMENT: ?PR?_LCD_SHOWINT?MAIN
*** WARNING L16: UNCALLED SEGMENT, IGNORED FOR OVERLAY PROCESS
    SEGMENT: ?PR?_LCD_SHOWSIGNEDNUM?LCD1602
*** WARNING L16: UNCALLED SEGMENT, IGNORED FOR OVERLAY PROCESS
    SEGMENT: ?PR?_LCD_SHOWBINNUM?LCD1602
*** WARNING L16: UNCALLED SEGMENT, IGNORED FOR OVERLAY PROCESS
    SEGMENT: ?PR?DS1302_SETTIME?DS1302
*** WARNING L1: UNRESOLVED EXTERNAL SYMBOL
    SYMBOL:  HC_SR04_GETDISTANCE
    MODULE:  main.obj (MAIN)
*** WARNING L2: REFERENCE MADE TO UNRESOLVED EXTERNAL
    SYMBOL:  HC_SR04_GETDISTANCE
    MODULE:  main.obj (MAIN)
    ADDRESS: 0C62H
Program Size: data=117.1 xdata=0 code=5334
creating hex file from "Course_Design"...
"Course_Design" - 0 Error(s), 8 Warning(s).
Build target 'Target 1'
assembling STARTUP.A51...
compiling main.c...
compiling LCD1602.c...
compiling DS1302.c...
DS1302.C(106): warning C235: parameter 1: different types
compiling IR.c...
compiling Int0.c...
compiling Timer0.c...
compiling DS18B20.c...
compiling OneWire.c...
compiling Delay.c...
linking...
*** WARNING L16: UNCALLED SEGMENT, IGNORED FOR OVERLAY PROCESS
    SEGMENT: ?PR?_DELAY_MS?MAIN
*** WARNING L16: UNCALLED SEGMENT, IGNORED FOR OVERLAY PROCESS
    SEGMENT: ?PR?_LCD_SHOWINT?MAIN
*** WARNING L16: UNCALLED SEGMENT, IGNORED FOR OVERLAY PROCESS
    SEGMENT: ?PR?_LCD_SHOWSIGNEDNUM?LCD1602
*** WARNING L16: UNCALLED SEGMENT, IGNORED FOR OVERLAY PROCESS
    SEGMENT: ?PR?_LCD_SHOWBINNUM?LCD1602
*** WARNING L16: UNCALLED SEGMENT, IGNORED FOR OVERLAY PROCESS
    SEGMENT: ?PR?DS1302_SETTIME?DS1302
*** WARNING L1: UNRESOLVED EXTERNAL SYMBOL
    SYMBOL:  HC_SR04_GETDISTANCE
    MODULE:  main.obj (MAIN)
*** WARNING L2: REFERENCE MADE TO UNRESOLVED EXTERNAL
    SYMBOL:  HC_SR04_GETDISTANCE
    MODULE:  main.obj (MAIN)
    ADDRESS: 0C62H
Program Size: data=117.1 xdata=0 code=5334
creating hex file from "Course_Design"...
"Course_Design" - 0 Error(s), 8 Warning(s).
Build target 'Target 1'
assembling STARTUP.A51...
compiling main.c...
compiling LCD1602.c...
compiling DS1302.c...
DS1302.C(106): warning C235: parameter 1: different types
compiling IR.c...
compiling Int0.c...
compiling Timer0.c...
compiling DS18B20.c...
compiling OneWire.c...
compiling Delay.c...
linking...
*** WARNING L16: UNCALLED SEGMENT, IGNORED FOR OVERLAY PROCESS
    SEGMENT: ?PR?_DELAY_MS?MAIN
*** WARNING L16: UNCALLED SEGMENT, IGNORED FOR OVERLAY PROCESS
    SEGMENT: ?PR?_LCD_SHOWINT?MAIN
*** WARNING L16: UNCALLED SEGMENT, IGNORED FOR OVERLAY PROCESS
    SEGMENT: ?PR?_LCD_SHOWSIGNEDNUM?LCD1602
*** WARNING L16: UNCALLED SEGMENT, IGNORED FOR OVERLAY PROCESS
    SEGMENT: ?PR?_LCD_SHOWBINNUM?LCD1602
*** WARNING L1: UNRESOLVED EXTERNAL SYMBOL
    SYMBOL:  HC_SR04_GETDISTANCE
    MODULE:  main.obj (MAIN)
*** WARNING L2: REFERENCE MADE TO UNRESOLVED EXTERNAL
    SYMBOL:  HC_SR04_GETDISTANCE
    MODULE:  main.obj (MAIN)
    ADDRESS: 0C62H
Program Size: data=117.1 xdata=0 code=5339
creating hex file from "Course_Design"...
"Course_Design" - 0 Error(s), 7 Warning(s).
Build target 'Target 1'
assembling STARTUP.A51...
compiling main.c...
compiling LCD1602.c...
compiling DS1302.c...
DS1302.C(106): warning C235: parameter 1: different types
compiling IR.c...
compiling Int0.c...
compiling Timer0.c...
compiling DS18B20.c...
compiling OneWire.c...
compiling Delay.c...
linking...
*** WARNING L16: UNCALLED SEGMENT, IGNORED FOR OVERLAY PROCESS
    SEGMENT: ?PR?_DELAY_MS?MAIN
*** WARNING L16: UNCALLED SEGMENT, IGNORED FOR OVERLAY PROCESS
    SEGMENT: ?PR?_LCD_SHOWINT?MAIN
*** WARNING L16: UNCALLED SEGMENT, IGNORED FOR OVERLAY PROCESS
    SEGMENT: ?PR?_LCD_SHOWSIGNEDNUM?LCD1602
*** WARNING L16: UNCALLED SEGMENT, IGNORED FOR OVERLAY PROCESS
    SEGMENT: ?PR?_LCD_SHOWBINNUM?LCD1602
*** WARNING L1: UNRESOLVED EXTERNAL SYMBOL
    SYMBOL:  HC_SR04_GETDISTANCE
    MODULE:  main.obj (MAIN)
*** WARNING L2: REFERENCE MADE TO UNRESOLVED EXTERNAL
    SYMBOL:  HC_SR04_GETDISTANCE
    MODULE:  main.obj (MAIN)
    ADDRESS: 0C62H
Program Size: data=118.1 xdata=0 code=5348
creating hex file from "Course_Design"...
"Course_Design" - 0 Error(s), 7 Warning(s).
Build target 'Target 1'
assembling STARTUP.A51...
compiling main.c...
compiling LCD1602.c...
compiling DS1302.c...
DS1302.C(106): warning C235: parameter 1: different types
compiling IR.c...
compiling Int0.c...
compiling Timer0.c...
compiling DS18B20.c...
compiling OneWire.c...
compiling Delay.c...
linking...
*** WARNING L16: UNCALLED SEGMENT, IGNORED FOR OVERLAY PROCESS
    SEGMENT: ?PR?_DELAY_MS?MAIN
*** WARNING L16: UNCALLED SEGMENT, IGNORED FOR OVERLAY PROCESS
    SEGMENT: ?PR?_LCD_SHOWINT?MAIN
*** WARNING L16: UNCALLED SEGMENT, IGNORED FOR OVERLAY PROCESS
    SEGMENT: ?PR?_LCD_SHOWSIGNEDNUM?LCD1602
*** WARNING L16: UNCALLED SEGMENT, IGNORED FOR OVERLAY PROCESS
    SEGMENT: ?PR?_LCD_SHOWBINNUM?LCD1602
*** WARNING L1: UNRESOLVED EXTERNAL SYMBOL
    SYMBOL:  HC_SR04_GETDISTANCE
    MODULE:  main.obj (MAIN)
*** WARNING L2: REFERENCE MADE TO UNRESOLVED EXTERNAL
    SYMBOL:  HC_SR04_GETDISTANCE
    MODULE:  main.obj (MAIN)
    ADDRESS: 0C62H
Program Size: data=118.1 xdata=0 code=5348
creating hex file from "Course_Design"...
"Course_Design" - 0 Error(s), 7 Warning(s).
Build target 'Target 1'
assembling STARTUP.A51...
compiling main.c...
compiling LCD1602.c...
compiling DS1302.c...
DS1302.C(106): warning C235: parameter 1: different types
compiling IR.c...
compiling Int0.c...
compiling Timer0.c...
compiling DS18B20.c...
compiling OneWire.c...
compiling Delay.c...
linking...
*** WARNING L16: UNCALLED SEGMENT, IGNORED FOR OVERLAY PROCESS
    SEGMENT: ?PR?_DELAY_MS?MAIN
*** WARNING L16: UNCALLED SEGMENT, IGNORED FOR OVERLAY PROCESS
    SEGMENT: ?PR?_LCD_SHOWINT?MAIN
*** WARNING L16: UNCALLED SEGMENT, IGNORED FOR OVERLAY PROCESS
    SEGMENT: ?PR?_LCD_SHOWSIGNEDNUM?LCD1602
*** WARNING L16: UNCALLED SEGMENT, IGNORED FOR OVERLAY PROCESS
    SEGMENT: ?PR?_LCD_SHOWBINNUM?LCD1602
*** WARNING L1: UNRESOLVED EXTERNAL SYMBOL
    SYMBOL:  HC_SR04_GETDISTANCE
    MODULE:  main.obj (MAIN)
*** WARNING L2: REFERENCE MADE TO UNRESOLVED EXTERNAL
    SYMBOL:  HC_SR04_GETDISTANCE
    MODULE:  main.obj (MAIN)
    ADDRESS: 0C62H
Program Size: data=118.1 xdata=0 code=5348
creating hex file from "Course_Design"...
"Course_Design" - 0 Error(s), 7 Warning(s).
Build target 'Target 1'
assembling STARTUP.A51...
compiling main.c...
compiling LCD1602.c...
compiling DS1302.c...
DS1302.C(106): warning C235: parameter 1: different types
compiling IR.c...
compiling Int0.c...
compiling Timer0.c...
compiling DS18B20.c...
compiling OneWire.c...
compiling Delay.c...
compiling HC_SR04.c...
linking...
*** ERROR L104: MULTIPLE PUBLIC DEFINITIONS
    SYMBOL:  _DELAY_MS
    MODULE:  HC_SR04.obj (HC_SR04)
*** WARNING L16: UNCALLED SEGMENT, IGNORED FOR OVERLAY PROCESS
    SEGMENT: ?PR?_DELAY_MS?MAIN
*** WARNING L16: UNCALLED SEGMENT, IGNORED FOR OVERLAY PROCESS
    SEGMENT: ?PR?_LCD_SHOWINT?MAIN
*** WARNING L16: UNCALLED SEGMENT, IGNORED FOR OVERLAY PROCESS
    SEGMENT: ?PR?_LCD_SHOWSIGNEDNUM?LCD1602
*** WARNING L16: UNCALLED SEGMENT, IGNORED FOR OVERLAY PROCESS
    SEGMENT: ?PR?_LCD_SHOWBINNUM?LCD1602
*** WARNING L16: UNCALLED SEGMENT, IGNORED FOR OVERLAY PROCESS
    SEGMENT: ?PR?_DELAY_MS?HC_SR04
Program Size: data=118.1 xdata=0 code=5467
Target not created
Build target 'Target 1'
assembling STARTUP.A51...
compiling main.c...
compiling LCD1602.c...
compiling DS1302.c...
DS1302.C(106): warning C235: parameter 1: different types
compiling IR.c...
compiling Int0.c...
compiling Timer0.c...
compiling DS18B20.c...
compiling OneWire.c...
compiling Delay.c...
compiling HC_SR04.c...
linking...
*** ERROR L104: MULTIPLE PUBLIC DEFINITIONS
    SYMBOL:  _DELAY_MS
    MODULE:  HC_SR04.obj (HC_SR04)
*** WARNING L16: UNCALLED SEGMENT, IGNORED FOR OVERLAY PROCESS
    SEGMENT: ?PR?_DELAY_MS?MAIN
*** WARNING L16: UNCALLED SEGMENT, IGNORED FOR OVERLAY PROCESS
    SEGMENT: ?PR?_LCD_SHOWINT?MAIN
*** WARNING L16: UNCALLED SEGMENT, IGNORED FOR OVERLAY PROCESS
    SEGMENT: ?PR?_LCD_SHOWSIGNEDNUM?LCD1602
*** WARNING L16: UNCALLED SEGMENT, IGNORED FOR OVERLAY PROCESS
    SEGMENT: ?PR?_LCD_SHOWBINNUM?LCD1602
*** WARNING L16: UNCALLED SEGMENT, IGNORED FOR OVERLAY PROCESS
    SEGMENT: ?PR?_DELAY_MS?HC_SR04
Program Size: data=118.1 xdata=0 code=5467
Target not created
Build target 'Target 1'
assembling STARTUP.A51...
compiling main.c...
compiling LCD1602.c...
compiling DS1302.c...
DS1302.C(106): warning C235: parameter 1: different types
compiling IR.c...
compiling Int0.c...
compiling Timer0.c...
compiling DS18B20.c...
compiling OneWire.c...
compiling Delay.c...
compiling HC_SR04.c...
linking...
*** ERROR L104: MULTIPLE PUBLIC DEFINITIONS
    SYMBOL:  _DELAY_MS
    MODULE:  HC_SR04.obj (HC_SR04)
*** WARNING L16: UNCALLED SEGMENT, IGNORED FOR OVERLAY PROCESS
    SEGMENT: ?PR?_DELAY_MS?MAIN
*** WARNING L16: UNCALLED SEGMENT, IGNORED FOR OVERLAY PROCESS
    SEGMENT: ?PR?_LCD_SHOWINT?MAIN
*** WARNING L16: UNCALLED SEGMENT, IGNORED FOR OVERLAY PROCESS
    SEGMENT: ?PR?_LCD_SHOWSIGNEDNUM?LCD1602
*** WARNING L16: UNCALLED SEGMENT, IGNORED FOR OVERLAY PROCESS
    SEGMENT: ?PR?_LCD_SHOWBINNUM?LCD1602
*** WARNING L16: UNCALLED SEGMENT, IGNORED FOR OVERLAY PROCESS
    SEGMENT: ?PR?_DELAY_MS?HC_SR04
Program Size: data=118.1 xdata=0 code=5467
Target not created
Build target 'Target 1'
assembling STARTUP.A51...
compiling main.c...
compiling LCD1602.c...
compiling DS1302.c...
DS1302.C(106): warning C235: parameter 1: different types
compiling IR.c...
compiling Int0.c...
compiling Timer0.c...
compiling DS18B20.c...
compiling OneWire.c...
compiling Delay.c...
compiling HC_SR04.c...
linking...
*** ERROR L104: MULTIPLE PUBLIC DEFINITIONS
    SYMBOL:  _DELAY_MS
    MODULE:  HC_SR04.obj (HC_SR04)
*** WARNING L16: UNCALLED SEGMENT, IGNORED FOR OVERLAY PROCESS
    SEGMENT: ?PR?_DELAY_MS?MAIN
*** WARNING L16: UNCALLED SEGMENT, IGNORED FOR OVERLAY PROCESS
    SEGMENT: ?PR?_LCD_SHOWINT?MAIN
*** WARNING L16: UNCALLED SEGMENT, IGNORED FOR OVERLAY PROCESS
    SEGMENT: ?PR?_LCD_SHOWSIGNEDNUM?LCD1602
*** WARNING L16: UNCALLED SEGMENT, IGNORED FOR OVERLAY PROCESS
    SEGMENT: ?PR?_LCD_SHOWBINNUM?LCD1602
*** WARNING L16: UNCALLED SEGMENT, IGNORED FOR OVERLAY PROCESS
    SEGMENT: ?PR?_DELAY_MS?HC_SR04
Program Size: data=118.1 xdata=0 code=5467
Target not created
Build target 'Target 1'
assembling STARTUP.A51...
compiling main.c...
MAIN.C(16): error C231: 'distance': redefinition
compiling LCD1602.c...
compiling DS1302.c...
DS1302.C(106): warning C235: parameter 1: different types
compiling IR.c...
compiling Int0.c...
compiling Timer0.c...
compiling DS18B20.c...
compiling OneWire.c...
compiling Delay.c...
compiling HC_SR04.c...
Target not created
Build target 'Target 1'
assembling STARTUP.A51...
compiling main.c...
compiling LCD1602.c...
compiling DS1302.c...
DS1302.C(106): warning C235: parameter 1: different types
compiling IR.c...
compiling Int0.c...
compiling Timer0.c...
compiling DS18B20.c...
compiling OneWire.c...
compiling Delay.c...
compiling HC_SR04.c...
linking...
*** ERROR L104: MULTIPLE PUBLIC DEFINITIONS
    SYMBOL:  _DELAY_MS
    MODULE:  HC_SR04.obj (HC_SR04)
*** WARNING L16: UNCALLED SEGMENT, IGNORED FOR OVERLAY PROCESS
    SEGMENT: ?PR?_DELAY_MS?MAIN
*** WARNING L16: UNCALLED SEGMENT, IGNORED FOR OVERLAY PROCESS
    SEGMENT: ?PR?_LCD_SHOWINT?MAIN
*** WARNING L16: UNCALLED SEGMENT, IGNORED FOR OVERLAY PROCESS
    SEGMENT: ?PR?_LCD_SHOWSIGNEDNUM?LCD1602
*** WARNING L16: UNCALLED SEGMENT, IGNORED FOR OVERLAY PROCESS
    SEGMENT: ?PR?_LCD_SHOWBINNUM?LCD1602
*** WARNING L16: UNCALLED SEGMENT, IGNORED FOR OVERLAY PROCESS
    SEGMENT: ?PR?_DELAY_MS?HC_SR04
*** WARNING L16: UNCALLED SEGMENT, IGNORED FOR OVERLAY PROCESS
    SEGMENT: ?PR?HC_SR04_GETDISTANCE?HC_SR04
*** WARNING L16: UNCALLED SEGMENT, IGNORED FOR OVERLAY PROCESS
    SEGMENT: ?PR?HC_SR04_INIT?HC_SR04
Program Size: data=118.1 xdata=0 code=5457
Target not created
Build target 'Target 1'
assembling STARTUP.A51...
compiling main.c...
compiling LCD1602.c...
compiling DS1302.c...
DS1302.C(106): warning C235: parameter 1: different types
compiling IR.c...
compiling Int0.c...
compiling Timer0.c...
compiling DS18B20.c...
compiling OneWire.c...
compiling Delay.c...
compiling HC_SR04.c...
linking...
*** ERROR L104: MULTIPLE PUBLIC DEFINITIONS
    SYMBOL:  _DELAY_MS
    MODULE:  HC_SR04.obj (HC_SR04)
*** WARNING L16: UNCALLED SEGMENT, IGNORED FOR OVERLAY PROCESS
    SEGMENT: ?PR?_DELAY_MS?MAIN
*** WARNING L16: UNCALLED SEGMENT, IGNORED FOR OVERLAY PROCESS
    SEGMENT: ?PR?_LCD_SHOWINT?MAIN
*** WARNING L16: UNCALLED SEGMENT, IGNORED FOR OVERLAY PROCESS
    SEGMENT: ?PR?_LCD_SHOWSIGNEDNUM?LCD1602
*** WARNING L16: UNCALLED SEGMENT, IGNORED FOR OVERLAY PROCESS
    SEGMENT: ?PR?_LCD_SHOWBINNUM?LCD1602
*** WARNING L16: UNCALLED SEGMENT, IGNORED FOR OVERLAY PROCESS
    SEGMENT: ?PR?_DELAY_MS?HC_SR04
*** WARNING L16: UNCALLED SEGMENT, IGNORED FOR OVERLAY PROCESS
    SEGMENT: ?PR?HC_SR04_GETDISTANCE?HC_SR04
*** WARNING L16: UNCALLED SEGMENT, IGNORED FOR OVERLAY PROCESS
    SEGMENT: ?PR?HC_SR04_INIT?HC_SR04
Program Size: data=118.1 xdata=0 code=5457
Target not created
Build target 'Target 1'
assembling STARTUP.A51...
compiling main.c...
compiling LCD1602.c...
compiling DS1302.c...
DS1302.C(106): warning C235: parameter 1: different types
compiling IR.c...
compiling Int0.c...
compiling Timer0.c...
compiling DS18B20.c...
compiling OneWire.c...
compiling Delay.c...
compiling HC_SR04.c...
linking...
*** WARNING L16: UNCALLED SEGMENT, IGNORED FOR OVERLAY PROCESS
    SEGMENT: ?PR?_LCD_SHOWINT?MAIN
*** WARNING L16: UNCALLED SEGMENT, IGNORED FOR OVERLAY PROCESS
    SEGMENT: ?PR?_LCD_SHOWSIGNEDNUM?LCD1602
*** WARNING L16: UNCALLED SEGMENT, IGNORED FOR OVERLAY PROCESS
    SEGMENT: ?PR?_LCD_SHOWBINNUM?LCD1602
*** WARNING L16: UNCALLED SEGMENT, IGNORED FOR OVERLAY PROCESS
    SEGMENT: ?PR?_DELAY_MS?HC_SR04
*** WARNING L16: UNCALLED SEGMENT, IGNORED FOR OVERLAY PROCESS
    SEGMENT: ?PR?HC_SR04_GETDISTANCE?HC_SR04
*** WARNING L16: UNCALLED SEGMENT, IGNORED FOR OVERLAY PROCESS
    SEGMENT: ?PR?HC_SR04_INIT?HC_SR04
Program Size: data=118.1 xdata=0 code=5425
creating hex file from "Course_Design"...
"Course_Design" - 0 Error(s), 7 Warning(s).
Build target 'Target 1'
assembling STARTUP.A51...
compiling main.c...
compiling LCD1602.c...
compiling DS1302.c...
DS1302.C(106): warning C235: parameter 1: different types
compiling IR.c...
compiling Int0.c...
compiling Timer0.c...
compiling DS18B20.c...
compiling OneWire.c...
compiling Delay.c...
compiling HC_SR04.c...
linking...
*** WARNING L16: UNCALLED SEGMENT, IGNORED FOR OVERLAY PROCESS
    SEGMENT: ?PR?_LCD_SHOWINT?MAIN
*** WARNING L16: UNCALLED SEGMENT, IGNORED FOR OVERLAY PROCESS
    SEGMENT: ?PR?_LCD_SHOWSIGNEDNUM?LCD1602
*** WARNING L16: UNCALLED SEGMENT, IGNORED FOR OVERLAY PROCESS
    SEGMENT: ?PR?_LCD_SHOWBINNUM?LCD1602
*** WARNING L16: UNCALLED SEGMENT, IGNORED FOR OVERLAY PROCESS
    SEGMENT: ?PR?_DELAY_MS?HC_SR04
*** WARNING L16: UNCALLED SEGMENT, IGNORED FOR OVERLAY PROCESS
    SEGMENT: ?PR?HC_SR04_GETDISTANCE?HC_SR04
*** WARNING L16: UNCALLED SEGMENT, IGNORED FOR OVERLAY PROCESS
    SEGMENT: ?PR?HC_SR04_INIT?HC_SR04
Program Size: data=118.1 xdata=0 code=5425
creating hex file from "Course_Design"...
"Course_Design" - 0 Error(s), 7 Warning(s).
Build target 'Target 1'
assembling STARTUP.A51...
compiling main.c...
compiling LCD1602.c...
compiling DS1302.c...
DS1302.C(106): warning C235: parameter 1: different types
compiling IR.c...
compiling Int0.c...
compiling Timer0.c...
compiling DS18B20.c...
compiling OneWire.c...
compiling Delay.c...
compiling HC_SR04.c...
linking...
*** WARNING L16: UNCALLED SEGMENT, IGNORED FOR OVERLAY PROCESS
    SEGMENT: ?PR?_LCD_SHOWINT?MAIN
*** WARNING L16: UNCALLED SEGMENT, IGNORED FOR OVERLAY PROCESS
    SEGMENT: ?PR?_LCD_SHOWSIGNEDNUM?LCD1602
*** WARNING L16: UNCALLED SEGMENT, IGNORED FOR OVERLAY PROCESS
    SEGMENT: ?PR?_LCD_SHOWBINNUM?LCD1602
*** WARNING L16: UNCALLED SEGMENT, IGNORED FOR OVERLAY PROCESS
    SEGMENT: ?PR?_DELAY_MS?HC_SR04
*** WARNING L16: UNCALLED SEGMENT, IGNORED FOR OVERLAY PROCESS
    SEGMENT: ?PR?HC_SR04_GETDISTANCE?HC_SR04
*** WARNING L16: UNCALLED SEGMENT, IGNORED FOR OVERLAY PROCESS
    SEGMENT: ?PR?HC_SR04_INIT?HC_SR04
Program Size: data=118.1 xdata=0 code=5425
creating hex file from "Course_Design"...
"Course_Design" - 0 Error(s), 7 Warning(s).
Build target 'Target 1'
assembling STARTUP.A51...
compiling main.c...
compiling LCD1602.c...
compiling DS1302.c...
DS1302.C(106): warning C235: parameter 1: different types
compiling IR.c...
compiling Int0.c...
compiling Timer0.c...
compiling DS18B20.c...
compiling OneWire.c...
compiling Delay.c...
compiling HC_SR04.c...
linking...
*** WARNING L16: UNCALLED SEGMENT, IGNORED FOR OVERLAY PROCESS
    SEGMENT: ?PR?_LCD_SHOWINT?MAIN
*** WARNING L16: UNCALLED SEGMENT, IGNORED FOR OVERLAY PROCESS
    SEGMENT: ?PR?_LCD_SHOWSIGNEDNUM?LCD1602
*** WARNING L16: UNCALLED SEGMENT, IGNORED FOR OVERLAY PROCESS
    SEGMENT: ?PR?_LCD_SHOWBINNUM?LCD1602
*** WARNING L16: UNCALLED SEGMENT, IGNORED FOR OVERLAY PROCESS
    SEGMENT: ?PR?_DELAY_MS?HC_SR04
*** WARNING L16: UNCALLED SEGMENT, IGNORED FOR OVERLAY PROCESS
    SEGMENT: ?PR?HC_SR04_GETDISTANCE?HC_SR04
*** WARNING L16: UNCALLED SEGMENT, IGNORED FOR OVERLAY PROCESS
    SEGMENT: ?PR?HC_SR04_INIT?HC_SR04
Program Size: data=118.1 xdata=0 code=5425
creating hex file from "Course_Design"...
"Course_Design" - 0 Error(s), 7 Warning(s).
Build target 'Target 1'
assembling STARTUP.A51...
compiling main.c...
MAIN.C(30): warning C206: 'HC_SR04_Init': missing function-prototype
MAIN.C(118): warning C206: 'HC_SR04_GetDistance': missing function-prototype
compiling LCD1602.c...
compiling DS1302.c...
DS1302.C(106): warning C235: parameter 1: different types
compiling IR.c...
compiling Int0.c...
compiling Timer0.c...
compiling DS18B20.c...
compiling OneWire.c...
compiling Delay.c...
compiling HC_SR04.c...
linking...
*** WARNING L16: UNCALLED SEGMENT, IGNORED FOR OVERLAY PROCESS
    SEGMENT: ?PR?_LCD_SHOWINT?MAIN
*** WARNING L16: UNCALLED SEGMENT, IGNORED FOR OVERLAY PROCESS
    SEGMENT: ?PR?_LCD_SHOWSIGNEDNUM?LCD1602
*** WARNING L16: UNCALLED SEGMENT, IGNORED FOR OVERLAY PROCESS
    SEGMENT: ?PR?_LCD_SHOWBINNUM?LCD1602
*** WARNING L16: UNCALLED SEGMENT, IGNORED FOR OVERLAY PROCESS
    SEGMENT: ?PR?_DELAY_MS?HC_SR04
Program Size: data=118.1 xdata=0 code=5435
creating hex file from "Course_Design"...
"Course_Design" - 0 Error(s), 7 Warning(s).
Build target 'Target 1'
assembling STARTUP.A51...
compiling main.c...
MAIN.C(30): warning C206: 'HC_SR04_Init': missing function-prototype
MAIN.C(118): warning C206: 'HC_SR04_GetDistance': missing function-prototype
compiling LCD1602.c...
compiling DS1302.c...
DS1302.C(106): warning C235: parameter 1: different types
compiling IR.c...
compiling Int0.c...
compiling Timer0.c...
compiling DS18B20.c...
compiling OneWire.c...
compiling Delay.c...
compiling HC_SR04.c...
linking...
*** WARNING L16: UNCALLED SEGMENT, IGNORED FOR OVERLAY PROCESS
    SEGMENT: ?PR?_LCD_SHOWINT?MAIN
*** WARNING L16: UNCALLED SEGMENT, IGNORED FOR OVERLAY PROCESS
    SEGMENT: ?PR?_LCD_SHOWSIGNEDNUM?LCD1602
*** WARNING L16: UNCALLED SEGMENT, IGNORED FOR OVERLAY PROCESS
    SEGMENT: ?PR?_LCD_SHOWBINNUM?LCD1602
*** WARNING L16: UNCALLED SEGMENT, IGNORED FOR OVERLAY PROCESS
    SEGMENT: ?PR?_DELAY_MS?HC_SR04
Program Size: data=118.1 xdata=0 code=5427
creating hex file from "Course_Design"...
"Course_Design" - 0 Error(s), 7 Warning(s).
Build target 'Target 1'
assembling STARTUP.A51...
compiling main.c...
MAIN.C(30): warning C206: 'HC_SR04_Init': missing function-prototype
MAIN.C(118): warning C206: 'HC_SR04_GetDistance': missing function-prototype
compiling LCD1602.c...
compiling DS1302.c...
DS1302.C(106): warning C235: parameter 1: different types
compiling IR.c...
compiling Int0.c...
compiling Timer0.c...
compiling DS18B20.c...
compiling OneWire.c...
compiling Delay.c...
compiling HC_SR04.c...
HC_SR04.C(4): error C231: 'Trig': redefinition
HC_SR04.C(5): error C231: 'Echo': redefinition
Target not created
Build target 'Target 1'
assembling STARTUP.A51...
compiling main.c...
MAIN.C(30): warning C206: 'HC_SR04_Init': missing function-prototype
MAIN.C(118): warning C206: 'HC_SR04_GetDistance': missing function-prototype
compiling LCD1602.c...
compiling DS1302.c...
DS1302.C(106): warning C235: parameter 1: different types
compiling IR.c...
compiling Int0.c...
compiling Timer0.c...
compiling DS18B20.c...
compiling OneWire.c...
compiling Delay.c...
compiling HC_SR04.c...
linking...
*** WARNING L16: UNCALLED SEGMENT, IGNORED FOR OVERLAY PROCESS
    SEGMENT: ?PR?_LCD_SHOWINT?MAIN
*** WARNING L16: UNCALLED SEGMENT, IGNORED FOR OVERLAY PROCESS
    SEGMENT: ?PR?_LCD_SHOWSIGNEDNUM?LCD1602
*** WARNING L16: UNCALLED SEGMENT, IGNORED FOR OVERLAY PROCESS
    SEGMENT: ?PR?_LCD_SHOWBINNUM?LCD1602
*** WARNING L16: UNCALLED SEGMENT, IGNORED FOR OVERLAY PROCESS
    SEGMENT: ?PR?_DELAY_MS?HC_SR04
Program Size: data=122.1 xdata=0 code=5705
creating hex file from "Course_Design"...
"Course_Design" - 0 Error(s), 7 Warning(s).
Build target 'Target 1'
assembling STARTUP.A51...
compiling main.c...
MAIN.C(30): warning C206: 'HC_SR04_Init': missing function-prototype
MAIN.C(118): warning C206: 'HC_SR04_GetDistance': missing function-prototype
compiling LCD1602.c...
compiling DS1302.c...
DS1302.C(106): warning C235: parameter 1: different types
compiling IR.c...
compiling Int0.c...
compiling Timer0.c...
compiling DS18B20.c...
compiling OneWire.c...
compiling Delay.c...
compiling HC_SR04.c...
linking...
*** WARNING L16: UNCALLED SEGMENT, IGNORED FOR OVERLAY PROCESS
    SEGMENT: ?PR?_LCD_SHOWINT?MAIN
*** WARNING L16: UNCALLED SEGMENT, IGNORED FOR OVERLAY PROCESS
    SEGMENT: ?PR?_LCD_SHOWSIGNEDNUM?LCD1602
*** WARNING L16: UNCALLED SEGMENT, IGNORED FOR OVERLAY PROCESS
    SEGMENT: ?PR?_LCD_SHOWBINNUM?LCD1602
*** WARNING L16: UNCALLED SEGMENT, IGNORED FOR OVERLAY PROCESS
    SEGMENT: ?PR?_DELAY_MS?HC_SR04
Program Size: data=122.1 xdata=0 code=5703
creating hex file from "Course_Design"...
"Course_Design" - 0 Error(s), 7 Warning(s).
Build target 'Target 1'
assembling STARTUP.A51...
compiling main.c...
compiling LCD1602.c...
compiling DS1302.c...
DS1302.C(106): warning C235: parameter 1: different types
compiling IR.c...
compiling Int0.c...
compiling Timer0.c...
compiling DS18B20.c...
compiling OneWire.c...
compiling Delay.c...
compiling HC_SR04.c...
linking...
*** WARNING L16: UNCALLED SEGMENT, IGNORED FOR OVERLAY PROCESS
    SEGMENT: ?PR?_LCD_SHOWINT?MAIN
*** WARNING L16: UNCALLED SEGMENT, IGNORED FOR OVERLAY PROCESS
    SEGMENT: ?PR?_LCD_SHOWSIGNEDNUM?LCD1602
*** WARNING L16: UNCALLED SEGMENT, IGNORED FOR OVERLAY PROCESS
    SEGMENT: ?PR?_LCD_SHOWBINNUM?LCD1602
*** WARNING L16: UNCALLED SEGMENT, IGNORED FOR OVERLAY PROCESS
    SEGMENT: ?PR?_DELAY_MS?HC_SR04
Program Size: data=122.1 xdata=0 code=5833
creating hex file from "Course_Design"...
"Course_Design" - 0 Error(s), 5 Warning(s).
Build target 'Target 1'
assembling STARTUP.A51...
compiling main.c...
compiling LCD1602.c...
compiling DS1302.c...
DS1302.C(106): warning C235: parameter 1: different types
compiling IR.c...
compiling Int0.c...
compiling Timer0.c...
compiling DS18B20.c...
compiling OneWire.c...
compiling Delay.c...
compiling HC_SR04.c...
linking...
*** WARNING L16: UNCALLED SEGMENT, IGNORED FOR OVERLAY PROCESS
    SEGMENT: ?PR?_LCD_SHOWINT?MAIN
*** WARNING L16: UNCALLED SEGMENT, IGNORED FOR OVERLAY PROCESS
    SEGMENT: ?PR?_LCD_SHOWSIGNEDNUM?LCD1602
*** WARNING L16: UNCALLED SEGMENT, IGNORED FOR OVERLAY PROCESS
    SEGMENT: ?PR?_LCD_SHOWBINNUM?LCD1602
*** WARNING L16: UNCALLED SEGMENT, IGNORED FOR OVERLAY PROCESS
    SEGMENT: ?PR?_DELAY_MS?HC_SR04
Program Size: data=122.1 xdata=0 code=5833
creating hex file from "Course_Design"...
"Course_Design" - 0 Error(s), 5 Warning(s).
